<?xml version="1.0" encoding="UTF-8"?>
<!-- Generated by org.testng.reporters.JUnitXMLReporter -->
<testsuite ignored="0" hostname="DESKTOP-C18708O" failures="0" tests="6" name="test" time="507.244" errors="0" timestamp="2023-12-01T21:30:15 PKT">
  <testcase classname="com.marina.tests.Mod_7_RatesStorage" name="createGroup_verifyGroup_TC_1101" time="52.211"/>
  <testcase classname="com.marina.tests.Mod_7_RatesStorage" name="newlyGroupCreated_RevisionHisotryEmpty_TC_1102" time="56.866"/>
  <testcase classname="com.marina.tests.Mod_7_RatesStorage" name="nighlty_addNew_Bucket_andVerifyBucket_TC_1103" time="16.297"/>
  <testcase classname="com.marina.tests.Mod_7_RatesStorage" name="nightly_delete_newley_bucketAndVerify_TC_1104" time="26.883"/>
  <testcase classname="com.marina.tests.Mod_7_RatesStorage" name="nightly_add_record_without_holiday_TC_1105" time="91.837"/>
  <testcase classname="com.marina.tests.Mod_7_RatesStorage" name="TC_1106" time="45.452"/>
</testsuite> <!-- test -->
