<?xml version="1.0" encoding="UTF-8"?>
<!-- Generated by org.testng.reporters.JUnitXMLReporter -->
<testsuite hostname="DESKTOP-8CR6PU0" ignored="0" name="test" tests="11" failures="1" timestamp="2023-11-06T17:06:55 PKT" time="431.744" errors="0">
  <testcase name="verifyBoatGroupPageOpens_TC_1001" time="0.257" classname="com.marina.tests.Mod_6_BoatGroup"/>
  <testcase name="addBoatGroupMandatoryFields_TC_1002" time="4.531" classname="com.marina.tests.Mod_6_BoatGroup"/>
  <testcase name="addBoatGroupAllFields_TC_1003" time="5.173" classname="com.marina.tests.Mod_6_BoatGroup"/>
  <testcase name="searchBoatGroup_TC_1004" time="1.439" classname="com.marina.tests.Mod_6_BoatGroup"/>
  <testcase name="viewSavedDataBoatGroup_TC_1005" time="3.075" classname="com.marina.tests.Mod_6_BoatGroup"/>
  <testcase name="viewPageNewBoatAdd_TC_1006" time="8.87" classname="com.marina.tests.Mod_6_BoatGroup"/>
  <testcase name="addBoatMainPage_TC_1007" time="5.894" classname="com.marina.tests.Mod_6_BoatGroup"/>
  <testcase name="editBoatGroupVerifyData_TC_1008" time="17.647" classname="com.marina.tests.Mod_6_BoatGroup"/>
  <testcase name="generatingMultipleAddRequest_TC_1009" time="25.079" classname="com.marina.tests.Mod_6_BoatGroup">
    <failure type="java.lang.AssertionError" message="expected [1] but found [3]">
      <![CDATA[java.lang.AssertionError: expected [1] but found [3]
at com.marina.tests.Mod_6_BoatGroup.generatingMultipleAddRequest_TC_1009(Mod_6_BoatGroup.java:158)
at java.util.concurrent.ThreadPoolExecutor.runWorker(ThreadPoolExecutor.java:1149)
at java.util.concurrent.ThreadPoolExecutor$Worker.run(ThreadPoolExecutor.java:624)
at java.lang.Thread.run(Thread.java:748)
... Removed 17 stack frames]]>
    </failure>
  </testcase> <!-- generatingMultipleAddRequest_TC_1009 -->
  <testcase name="verifyCopyFunctionBoatGroup_TC_1010" time="7.542" classname="com.marina.tests.Mod_6_BoatGroup"/>
  <testcase name="deleteBoatGroups_TC_1011" time="37.915" classname="com.marina.tests.Mod_6_BoatGroup"/>
</testsuite> <!-- test -->
