<?xml version="1.0" encoding="UTF-8"?>
<!-- Generated by org.testng.reporters.JUnitXMLReporter -->
<testsuite hostname="DESKTOP-8CR6PU0" ignored="8" name="test" tests="1" failures="1" timestamp="2023-11-10T16:51:18 PKT" time="0.033" errors="0">
  <testcase name="@BeforeSuite loadConfig" time="0.009" classname="com.marina.base.TestBase">
    <failure type="java.lang.IllegalArgumentException" message="File system element for parameter &amp;apos;directory&amp;apos; does not exist: &amp;apos;C:\Users\Rehan\git\Marina\screenshots&amp;apos;">
      <![CDATA[java.lang.IllegalArgumentException: File system element for parameter 'directory' does not exist: 'C:\Users\Rehan\git\Marina\screenshots'
at org.apache.commons.io.FileUtils.requireExists(FileUtils.java:2701)
at org.apache.commons.io.FileUtils.requireDirectoryExists(FileUtils.java:2650)
at org.apache.commons.io.FileUtils.listFiles(FileUtils.java:2091)
at org.apache.commons.io.FileUtils.cleanDirectory(FileUtils.java:319)
at com.marina.base.TestBase.loadConfig(TestBase.java:35)
... Removed 19 stack frames]]>
    </failure>
  </testcase> <!-- @BeforeSuite loadConfig -->
  <testcase name="@BeforeMethod beforeTest" time="-1.699617078907E9" classname="com.marina.tests.Mod_2_SpaceTypes">
    <skipped/>
  </testcase> <!-- @BeforeMethod beforeTest -->
  <testcase name="verifySpacePage_Tc_201" time="0.008" classname="com.marina.tests.Mod_2_SpaceTypes">
    <failure type="java.lang.NullPointerException">
      <![CDATA[java.lang.NullPointerException
at com.marina.utils.ListenerClass.onTestStart(ListenerClass.java:25)
at java.util.ArrayList.forEach(ArrayList.java:1257)
... Removed 25 stack frames]]>
    </failure>
  </testcase> <!-- verifySpacePage_Tc_201 -->
  <testcase name="@BeforeSuite loadConfig" time="0.0" classname="com.marina.base.TestBase">
    <ignored/>
  </testcase> <!-- @BeforeSuite loadConfig -->
  <testcase name="@BeforeSuite loadConfig" time="0.0" classname="com.marina.base.TestBase">
    <ignored/>
  </testcase> <!-- @BeforeSuite loadConfig -->
  <testcase name="@BeforeSuite loadConfig" time="0.0" classname="com.marina.base.TestBase">
    <ignored/>
  </testcase> <!-- @BeforeSuite loadConfig -->
  <testcase name="@BeforeSuite loadConfig" time="0.0" classname="com.marina.base.TestBase">
    <ignored/>
  </testcase> <!-- @BeforeSuite loadConfig -->
  <testcase name="@AfterSuite afterSuite" time="0.0" classname="com.marina.base.TestBase">
    <ignored/>
  </testcase> <!-- @AfterSuite afterSuite -->
  <testcase name="@AfterSuite afterSuite" time="0.0" classname="com.marina.base.TestBase">
    <ignored/>
  </testcase> <!-- @AfterSuite afterSuite -->
  <testcase name="@AfterSuite afterSuite" time="0.0" classname="com.marina.base.TestBase">
    <ignored/>
  </testcase> <!-- @AfterSuite afterSuite -->
  <testcase name="@AfterSuite afterSuite" time="0.0" classname="com.marina.base.TestBase">
    <ignored/>
  </testcase> <!-- @AfterSuite afterSuite -->
</testsuite> <!-- test -->
