<?xml version="1.0" encoding="UTF-8"?>
<!-- Generated by org.testng.reporters.JUnitXMLReporter -->
<testsuite hostname="DESKTOP-8CR6PU0" ignored="0" name="test" tests="11" failures="1" timestamp="2023-11-06T18:03:21 PKT" time="432.305" errors="0">
  <testcase name="verifyBoatGroupPageOpens_TC_1001" time="0.063" classname="com.marina.tests.Mod_6_BoatGroup"/>
  <testcase name="addBoatGroupMandatoryFields_TC_1002" time="4.666" classname="com.marina.tests.Mod_6_BoatGroup"/>
  <testcase name="addBoatGroupAllFields_TC_1003" time="5.065" classname="com.marina.tests.Mod_6_BoatGroup"/>
  <testcase name="searchBoatGroup_TC_1004" time="1.153" classname="com.marina.tests.Mod_6_BoatGroup"/>
  <testcase name="viewSavedDataBoatGroup_TC_1005" time="3.193" classname="com.marina.tests.Mod_6_BoatGroup"/>
  <testcase name="viewPageNewBoatAdd_TC_1006" time="13.7" classname="com.marina.tests.Mod_6_BoatGroup"/>
  <testcase name="addBoatMainPage_TC_1007" time="6.092" classname="com.marina.tests.Mod_6_BoatGroup"/>
  <testcase name="editBoatGroupVerifyData_TC_1008" time="13.73" classname="com.marina.tests.Mod_6_BoatGroup"/>
  <testcase name="generatingMultipleAddRequest_TC_1009" time="24.016" classname="com.marina.tests.Mod_6_BoatGroup">
    <failure type="java.lang.AssertionError" message="expected [1] but found [3]">
      <![CDATA[java.lang.AssertionError: expected [1] but found [3]
at com.marina.tests.Mod_6_BoatGroup.generatingMultipleAddRequest_TC_1009(Mod_6_BoatGroup.java:166)
at java.util.concurrent.ThreadPoolExecutor.runWorker(ThreadPoolExecutor.java:1149)
at java.util.concurrent.ThreadPoolExecutor$Worker.run(ThreadPoolExecutor.java:624)
at java.lang.Thread.run(Thread.java:748)
... Removed 17 stack frames]]>
    </failure>
  </testcase> <!-- generatingMultipleAddRequest_TC_1009 -->
  <testcase name="verifyCopyFunctionBoatGroup_TC_1010" time="9.476" classname="com.marina.tests.Mod_6_BoatGroup"/>
  <testcase name="deleteBoatGroups_TC_1011" time="38.488" classname="com.marina.tests.Mod_6_BoatGroup"/>
</testsuite> <!-- test -->
