<?xml version="1.0" encoding="UTF-8"?>
<!-- Generated by org.testng.reporters.JUnitXMLReporter -->
<testsuite ignored="0" hostname="PC-1F-032" failures="2" tests="10" name="test" time="899.724" errors="0" timestamp="2023-12-05T00:05:38 PST">
  <testcase classname="com.marina.tests.Mod_7_RatesStorage" name="createGroup_verifyGroup_TC_1101" time="50.902"/>
  <testcase classname="com.marina.tests.Mod_7_RatesStorage" name="createGroup_verifyGroup_TC_1101" time="53.673"/>
  <testcase classname="com.marina.tests.Mod_7_RatesStorage" name="createGroup_verifyGroup_TC_1101" time="60.353"/>
  <testcase classname="com.marina.tests.Mod_7_RatesStorage" name="createGroup_verifyGroup_TC_1101" time="13.339">
    <failure type="org.openqa.selenium.ElementClickInterceptedException" message="element click intercepted: Element &amp;lt;button type=&amp;quot;button&amp;quot; class=&amp;quot;btn btn-secondary&amp;quot; data-bs-dismiss=&amp;quot;modal&amp;quot; autocomplete=&amp;quot;off&amp;quot;&amp;gt;...&amp;lt;/button&amp;gt; is not clickable at point (926, 664). Other element would receive the click: &amp;lt;div class=&amp;quot;preloader&amp;quot;&amp;gt;...&amp;lt;/div&amp;gt;
  (Session info: chrome=119.0.6045.200)
Build info: version: &amp;apos;4.13.0&amp;apos;, revision: &amp;apos;ba948ece5b*&amp;apos;
System info: os.name: &amp;apos;Windows 10&amp;apos;, os.arch: &amp;apos;amd64&amp;apos;, os.version: &amp;apos;10.0&amp;apos;, java.version: &amp;apos;17.0.9&amp;apos;
Driver info: org.openqa.selenium.chrome.ChromeDriver
Command: [2041570afb2b4301cac648bc357bf9a6, clickElement {id=749FC03901117E0AF2CEB4E5B8D7F243_element_295}]
Capabilities {acceptInsecureCerts: false, browserName: chrome, browserVersion: 119.0.6045.200, chrome: {chromedriverVersion: 119.0.6045.105 (38c72552c5e..., userDataDir: C:\Users\TALHA~1.TAH\AppDat...}, fedcm:accounts: true, goog:chromeOptions: {debuggerAddress: localhost:50870}, networkConnectionEnabled: false, pageLoadStrategy: normal, platformName: windows, proxy: Proxy(), se:cdp: ws://localhost:50870/devtoo..., se:cdpVersion: 119.0.6045.200, setWindowRect: true, strictFileInteractability: false, timeouts: {implicit: 0, pageLoad: 300000, script: 30000}, unhandledPromptBehavior: dismiss and notify, webauthn:extension:credBlob: true, webauthn:extension:largeBlob: true, webauthn:extension:minPinLength: true, webauthn:extension:prf: true, webauthn:virtualAuthenticators: true}
Element: [[ChromeDriver: chrome on windows (2041570afb2b4301cac648bc357bf9a6)] -&amp;gt; xpath: //*[@id=&amp;apos;modalAddSpaceType&amp;apos;]/div/form/div/div[3]/button[1]]
Session ID: 2041570afb2b4301cac648bc357bf9a6">
      <![CDATA[org.openqa.selenium.ElementClickInterceptedException: element click intercepted: Element <button type="button" class="btn btn-secondary" data-bs-dismiss="modal" autocomplete="off">...</button> is not clickable at point (926, 664). Other element would receive the click: <div class="preloader">...</div>
  (Session info: chrome=119.0.6045.200)
Build info: version: '4.13.0', revision: 'ba948ece5b*'
System info: os.name: 'Windows 10', os.arch: 'amd64', os.version: '10.0', java.version: '17.0.9'
Driver info: org.openqa.selenium.chrome.ChromeDriver
Command: [2041570afb2b4301cac648bc357bf9a6, clickElement {id=749FC03901117E0AF2CEB4E5B8D7F243_element_295}]
Capabilities {acceptInsecureCerts: false, browserName: chrome, browserVersion: 119.0.6045.200, chrome: {chromedriverVersion: 119.0.6045.105 (38c72552c5e..., userDataDir: C:\Users\TALHA~1.TAH\AppDat...}, fedcm:accounts: true, goog:chromeOptions: {debuggerAddress: localhost:50870}, networkConnectionEnabled: false, pageLoadStrategy: normal, platformName: windows, proxy: Proxy(), se:cdp: ws://localhost:50870/devtoo..., se:cdpVersion: 119.0.6045.200, setWindowRect: true, strictFileInteractability: false, timeouts: {implicit: 0, pageLoad: 300000, script: 30000}, unhandledPromptBehavior: dismiss and notify, webauthn:extension:credBlob: true, webauthn:extension:largeBlob: true, webauthn:extension:minPinLength: true, webauthn:extension:prf: true, webauthn:virtualAuthenticators: true}
Element: [[ChromeDriver: chrome on windows (2041570afb2b4301cac648bc357bf9a6)] -> xpath: //*[@id='modalAddSpaceType']/div/form/div/div[3]/button[1]]
Session ID: 2041570afb2b4301cac648bc357bf9a6
at org.openqa.selenium.remote.codec.w3c.W3CHttpResponseCodec.createException(W3CHttpResponseCodec.java:200)
at org.openqa.selenium.remote.codec.w3c.W3CHttpResponseCodec.decode(W3CHttpResponseCodec.java:133)
at org.openqa.selenium.remote.codec.w3c.W3CHttpResponseCodec.decode(W3CHttpResponseCodec.java:52)
at org.openqa.selenium.remote.HttpCommandExecutor.execute(HttpCommandExecutor.java:191)
at org.openqa.selenium.remote.service.DriverCommandExecutor.invokeExecute(DriverCommandExecutor.java:196)
at org.openqa.selenium.remote.service.DriverCommandExecutor.execute(DriverCommandExecutor.java:171)
at org.openqa.selenium.remote.RemoteWebDriver.execute(RemoteWebDriver.java:602)
at org.openqa.selenium.remote.RemoteWebElement.execute(RemoteWebElement.java:224)
at org.openqa.selenium.remote.RemoteWebElement.click(RemoteWebElement.java:77)
at org.openqa.selenium.support.pagefactory.internal.LocatingElementHandler.invoke(LocatingElementHandler.java:51)
at jdk.proxy2/jdk.proxy2.$Proxy21.click(Unknown Source)
at com.marina.pages.SpaceTypesAddTypesPage.adding_rates_group(SpaceTypesAddTypesPage.java:672)
at com.marina.tests.Mod_7_RatesStorage.createGroup_verifyGroup_TC_1101(Mod_7_RatesStorage.java:75)
at java.base/java.util.ArrayList.forEach(ArrayList.java:1511)
... Removed 35 stack frames]]>
    </failure>
  </testcase> <!-- createGroup_verifyGroup_TC_1101 -->
  <testcase classname="com.marina.tests.Mod_7_RatesStorage" name="createGroup_verifyGroup_TC_1101" time="74.479"/>
  <testcase classname="com.marina.tests.Mod_7_RatesStorage" name="createGroup_verifyGroup_TC_1101" time="86.943"/>
  <testcase classname="com.marina.tests.Mod_7_RatesStorage" name="createGroup_verifyGroup_TC_1101" time="13.874">
    <failure type="org.openqa.selenium.ElementClickInterceptedException" message="element click intercepted: Element &amp;lt;button type=&amp;quot;button&amp;quot; class=&amp;quot;btn btn-secondary&amp;quot; data-bs-dismiss=&amp;quot;modal&amp;quot; autocomplete=&amp;quot;off&amp;quot;&amp;gt;...&amp;lt;/button&amp;gt; is not clickable at point (926, 664). Other element would receive the click: &amp;lt;div class=&amp;quot;preloader&amp;quot;&amp;gt;...&amp;lt;/div&amp;gt;
  (Session info: chrome=119.0.6045.200)
Build info: version: &amp;apos;4.13.0&amp;apos;, revision: &amp;apos;ba948ece5b*&amp;apos;
System info: os.name: &amp;apos;Windows 10&amp;apos;, os.arch: &amp;apos;amd64&amp;apos;, os.version: &amp;apos;10.0&amp;apos;, java.version: &amp;apos;17.0.9&amp;apos;
Driver info: org.openqa.selenium.chrome.ChromeDriver
Command: [70945057a7f8b0a7b899da816f06ae1f, clickElement {id=FA6D6DA8D0F21413422ABAB9C0DADDF1_element_308}]
Capabilities {acceptInsecureCerts: false, browserName: chrome, browserVersion: 119.0.6045.200, chrome: {chromedriverVersion: 119.0.6045.105 (38c72552c5e..., userDataDir: C:\Users\TALHA~1.TAH\AppDat...}, fedcm:accounts: true, goog:chromeOptions: {debuggerAddress: localhost:51756}, networkConnectionEnabled: false, pageLoadStrategy: normal, platformName: windows, proxy: Proxy(), se:cdp: ws://localhost:51756/devtoo..., se:cdpVersion: 119.0.6045.200, setWindowRect: true, strictFileInteractability: false, timeouts: {implicit: 0, pageLoad: 300000, script: 30000}, unhandledPromptBehavior: dismiss and notify, webauthn:extension:credBlob: true, webauthn:extension:largeBlob: true, webauthn:extension:minPinLength: true, webauthn:extension:prf: true, webauthn:virtualAuthenticators: true}
Element: [[ChromeDriver: chrome on windows (70945057a7f8b0a7b899da816f06ae1f)] -&amp;gt; xpath: //*[@id=&amp;apos;modalAddSpaceType&amp;apos;]/div/form/div/div[3]/button[1]]
Session ID: 70945057a7f8b0a7b899da816f06ae1f">
      <![CDATA[org.openqa.selenium.ElementClickInterceptedException: element click intercepted: Element <button type="button" class="btn btn-secondary" data-bs-dismiss="modal" autocomplete="off">...</button> is not clickable at point (926, 664). Other element would receive the click: <div class="preloader">...</div>
  (Session info: chrome=119.0.6045.200)
Build info: version: '4.13.0', revision: 'ba948ece5b*'
System info: os.name: 'Windows 10', os.arch: 'amd64', os.version: '10.0', java.version: '17.0.9'
Driver info: org.openqa.selenium.chrome.ChromeDriver
Command: [70945057a7f8b0a7b899da816f06ae1f, clickElement {id=FA6D6DA8D0F21413422ABAB9C0DADDF1_element_308}]
Capabilities {acceptInsecureCerts: false, browserName: chrome, browserVersion: 119.0.6045.200, chrome: {chromedriverVersion: 119.0.6045.105 (38c72552c5e..., userDataDir: C:\Users\TALHA~1.TAH\AppDat...}, fedcm:accounts: true, goog:chromeOptions: {debuggerAddress: localhost:51756}, networkConnectionEnabled: false, pageLoadStrategy: normal, platformName: windows, proxy: Proxy(), se:cdp: ws://localhost:51756/devtoo..., se:cdpVersion: 119.0.6045.200, setWindowRect: true, strictFileInteractability: false, timeouts: {implicit: 0, pageLoad: 300000, script: 30000}, unhandledPromptBehavior: dismiss and notify, webauthn:extension:credBlob: true, webauthn:extension:largeBlob: true, webauthn:extension:minPinLength: true, webauthn:extension:prf: true, webauthn:virtualAuthenticators: true}
Element: [[ChromeDriver: chrome on windows (70945057a7f8b0a7b899da816f06ae1f)] -> xpath: //*[@id='modalAddSpaceType']/div/form/div/div[3]/button[1]]
Session ID: 70945057a7f8b0a7b899da816f06ae1f
at org.openqa.selenium.remote.codec.w3c.W3CHttpResponseCodec.createException(W3CHttpResponseCodec.java:200)
at org.openqa.selenium.remote.codec.w3c.W3CHttpResponseCodec.decode(W3CHttpResponseCodec.java:133)
at org.openqa.selenium.remote.codec.w3c.W3CHttpResponseCodec.decode(W3CHttpResponseCodec.java:52)
at org.openqa.selenium.remote.HttpCommandExecutor.execute(HttpCommandExecutor.java:191)
at org.openqa.selenium.remote.service.DriverCommandExecutor.invokeExecute(DriverCommandExecutor.java:196)
at org.openqa.selenium.remote.service.DriverCommandExecutor.execute(DriverCommandExecutor.java:171)
at org.openqa.selenium.remote.RemoteWebDriver.execute(RemoteWebDriver.java:602)
at org.openqa.selenium.remote.RemoteWebElement.execute(RemoteWebElement.java:224)
at org.openqa.selenium.remote.RemoteWebElement.click(RemoteWebElement.java:77)
at org.openqa.selenium.support.pagefactory.internal.LocatingElementHandler.invoke(LocatingElementHandler.java:51)
at jdk.proxy2/jdk.proxy2.$Proxy21.click(Unknown Source)
at com.marina.pages.SpaceTypesAddTypesPage.adding_rates_group(SpaceTypesAddTypesPage.java:672)
at com.marina.tests.Mod_7_RatesStorage.createGroup_verifyGroup_TC_1101(Mod_7_RatesStorage.java:75)
at java.base/java.util.ArrayList.forEach(ArrayList.java:1511)
... Removed 35 stack frames]]>
    </failure>
  </testcase> <!-- createGroup_verifyGroup_TC_1101 -->
  <testcase classname="com.marina.tests.Mod_7_RatesStorage" name="createGroup_verifyGroup_TC_1101" time="97.596"/>
  <testcase classname="com.marina.tests.Mod_7_RatesStorage" name="createGroup_verifyGroup_TC_1101" time="103.827"/>
  <testcase classname="com.marina.tests.Mod_7_RatesStorage" name="createGroup_verifyGroup_TC_1101" time="115.239"/>
</testsuite> <!-- test -->
