<?xml version="1.0" encoding="UTF-8"?>
<!-- Generated by org.testng.reporters.JUnitXMLReporter -->
<testsuite ignored="2" hostname="PC-1F-022" failures="1" tests="12" name="test" time="1790.292" errors="0" timestamp="2023-11-07T04:22:28 PST">
  <testcase classname="com.marina.tests.Mod_2_SpaceTypes" name="verifySpacePage_Tc_201" time="0.107"/>
  <testcase classname="com.marina.tests.Mod_1_login" name="verifyLogin_Tc_001" time="8.586"/>
  <testcase classname="com.marina.tests.Mod_2_SpaceTypes" name="verifyPopupAddSpace_TC_202" time="3.698"/>
  <testcase classname="com.marina.tests.Mod_2_SpaceTypes" name="multipleUsersWithMutlipleSelections_TC_203" time="467.869"/>
  <testcase classname="com.marina.tests.Mod_2_SpaceTypes" name="addSpace_skippingFileds_TC_204" time="16.763"/>
  <testcase classname="com.marina.tests.Mod_2_SpaceTypes" name="add_Spaces_Single_And_Carparking_Options_TC_213" time="90.498">
    <failure type="java.lang.AssertionError" message="expected [Test_tbt_001] but found [null]">
      <![CDATA[java.lang.AssertionError: expected [Test_tbt_001] but found [null]
at com.marina.tests.Mod_2_SpaceTypes.add_Spaces_Single_And_Carparking_Options_TC_213(Mod_2_SpaceTypes.java:190)
at java.base/java.util.concurrent.ThreadPoolExecutor.runWorker(ThreadPoolExecutor.java:1136)
at java.base/java.util.concurrent.ThreadPoolExecutor$Worker.run(ThreadPoolExecutor.java:635)
at java.base/java.lang.Thread.run(Thread.java:833)
... Removed 18 stack frames]]>
    </failure>
  </testcase> <!-- add_Spaces_Single_And_Carparking_Options_TC_213 -->
  <testcase classname="com.marina.tests.Mod_2_SpaceTypes" name="verifySpaceData_fromTableData_TC_205" time="119.156">
    <skipped/>
  </testcase> <!-- verifySpaceData_fromTableData_TC_205 -->
  <testcase classname="com.marina.tests.Mod_2_SpaceTypes" name="verifySpaceData_fromTableData_TC_205" time="99.561"/>
  <testcase classname="com.marina.tests.Mod_2_SpaceTypes" name="verifySpaceData_afterEdit_TC_208" time="145.384"/>
  <testcase classname="com.marina.tests.Mod_2_SpaceTypes" name="verify_serachField_withSpaceName_TC_211" time="45.939">
    <skipped/>
  </testcase> <!-- verify_serachField_withSpaceName_TC_211 -->
  <testcase classname="com.marina.tests.Mod_2_SpaceTypes" name="verify_serachField_withSpaceName_TC_211" time="119.871"/>
  <testcase classname="com.marina.tests.Mod_2_SpaceTypes" name="verifyDeleteSpace_TC_212" time="82.905"/>
  <testcase classname="com.marina.base.TestBase" name="@BeforeSuite loadConfig" time="0.0">
    <ignored/>
  </testcase> <!-- @BeforeSuite loadConfig -->
  <testcase classname="com.marina.base.TestBase" name="@AfterSuite afterSuite" time="0.0">
    <ignored/>
  </testcase> <!-- @AfterSuite afterSuite -->
</testsuite> <!-- test -->
