<?xml version="1.0" encoding="UTF-8"?>
<!-- Generated by org.testng.reporters.JUnitXMLReporter -->
<testsuite ignored="0" hostname="PC-1F-032" failures="3" tests="12" name="test" time="1359.217" errors="0" timestamp="2023-11-20T06:03:44 PST">
  <testcase classname="com.marina.tests.Mod_2_SpaceTypes" name="verifySpacePage_Tc_201" time="0.087"/>
  <testcase classname="com.marina.tests.Mod_2_SpaceTypes" name="verifyPopupAddSpace_TC_202" time="2.117"/>
  <testcase classname="com.marina.tests.Mod_2_SpaceTypes" name="multipleUsersWithMutlipleSelections_TC_203" time="265.272"/>
  <testcase classname="com.marina.tests.Mod_2_SpaceTypes" name="addSpace_skippingFileds_TC_204" time="29.981"/>
  <testcase classname="com.marina.tests.Mod_2_SpaceTypes" name="verifySpaceData_fromTableData_TC_205" time="87.084"/>
  <testcase classname="com.marina.tests.Mod_2_SpaceTypes" name="verifySpaceData_afterEdit_TC_208" time="122.717"/>
  <testcase classname="com.marina.tests.Mod_2_SpaceTypes" name="exportNewAddSpace_verifyCompleteRecords_TC_209" time="72.848">
    <failure type="org.openqa.selenium.TimeoutException" message="Expected condition failed: waiting for visibility of Proxy element for: DefaultElementLocator &amp;apos;By.xpath: //button[text()=&amp;apos;Excel Sheet&amp;apos;]&amp;apos; (tried for 60 second(s) with 500 milliseconds interval)">
      <![CDATA[org.openqa.selenium.TimeoutException: Expected condition failed: waiting for visibility of Proxy element for: DefaultElementLocator 'By.xpath: //button[text()='Excel Sheet']' (tried for 60 second(s) with 500 milliseconds interval)
at org.openqa.selenium.support.ui.WebDriverWait.timeoutException(WebDriverWait.java:84)
at org.openqa.selenium.support.ui.FluentWait.until(FluentWait.java:230)
at com.marina.actiondriver.Action.explicitWait(Action.java:800)
at com.marina.pages.SpaceTypesPage.exportDataToExcel(SpaceTypesPage.java:378)
at com.marina.tests.Mod_2_SpaceTypes.exportNewAddSpace_verifyCompleteRecords_TC_209(Mod_2_SpaceTypes.java:166)
at java.base/java.util.ArrayList.forEach(ArrayList.java:1511)
Caused by: org.openqa.selenium.NoSuchElementException: no such element: Unable to locate element: {"method":"xpath","selector":"//button[text()='Excel Sheet']"}
  (Session info: chrome=119.0.6045.160)
For documentation on this error, please visit: https://www.selenium.dev/documentation/webdriver/troubleshooting/errors#no-such-element-exception
Build info: version: '4.13.0', revision: 'ba948ece5b*'
System info: os.name: 'Windows 10', os.arch: 'amd64', os.version: '10.0', java.version: '17.0.9'
Driver info: org.openqa.selenium.chrome.ChromeDriver
Command: [1e91ac4968d42616dbd881fa00b9a602, findElement {using=xpath, value=//button[text()='Excel Sheet']}]
Capabilities {acceptInsecureCerts: false, browserName: chrome, browserVersion: 119.0.6045.160, chrome: {chromedriverVersion: 119.0.6045.105 (38c72552c5e..., userDataDir: C:\Users\TALHA~1.TAH\AppDat...}, fedcm:accounts: true, goog:chromeOptions: {debuggerAddress: localhost:50229}, networkConnectionEnabled: false, pageLoadStrategy: normal, platformName: windows, proxy: Proxy(), se:cdp: ws://localhost:50229/devtoo..., se:cdpVersion: 119.0.6045.160, setWindowRect: true, strictFileInteractability: false, timeouts: {implicit: 0, pageLoad: 300000, script: 30000}, unhandledPromptBehavior: dismiss and notify, webauthn:extension:credBlob: true, webauthn:extension:largeBlob: true, webauthn:extension:minPinLength: true, webauthn:extension:prf: true, webauthn:virtualAuthenticators: true}
Session ID: 1e91ac4968d42616dbd881fa00b9a602
at org.openqa.selenium.remote.codec.w3c.W3CHttpResponseCodec.createException(W3CHttpResponseCodec.java:200)
at org.openqa.selenium.remote.codec.w3c.W3CHttpResponseCodec.decode(W3CHttpResponseCodec.java:133)
at org.openqa.selenium.remote.codec.w3c.W3CHttpResponseCodec.decode(W3CHttpResponseCodec.java:52)
at org.openqa.selenium.remote.HttpCommandExecutor.execute(HttpCommandExecutor.java:191)
at org.openqa.selenium.remote.service.DriverCommandExecutor.invokeExecute(DriverCommandExecutor.java:196)
at org.openqa.selenium.remote.service.DriverCommandExecutor.execute(DriverCommandExecutor.java:171)
at org.openqa.selenium.remote.RemoteWebDriver.execute(RemoteWebDriver.java:602)
at org.openqa.selenium.remote.ElementLocation$ElementFinder$2.findElement(ElementLocation.java:165)
at org.openqa.selenium.remote.ElementLocation.findElement(ElementLocation.java:59)
at org.openqa.selenium.remote.RemoteWebDriver.findElement(RemoteWebDriver.java:359)
at org.openqa.selenium.remote.RemoteWebDriver.findElement(RemoteWebDriver.java:353)
at org.openqa.selenium.support.pagefactory.DefaultElementLocator.findElement(DefaultElementLocator.java:68)
at org.openqa.selenium.support.pagefactory.internal.LocatingElementHandler.invoke(LocatingElementHandler.java:38)
at jdk.proxy2/jdk.proxy2.$Proxy21.isDisplayed(Unknown Source)
at org.openqa.selenium.support.ui.ExpectedConditions.elementIfVisible(ExpectedConditions.java:304)
at org.openqa.selenium.support.ui.ExpectedConditions.access$000(ExpectedConditions.java:37)
at org.openqa.selenium.support.ui.ExpectedConditions$10.apply(ExpectedConditions.java:290)
at org.openqa.selenium.support.ui.ExpectedConditions$10.apply(ExpectedConditions.java:287)
at org.openqa.selenium.support.ui.FluentWait.until(FluentWait.java:205)
... 31 more
... Removed 32 stack frames]]>
    </failure>
  </testcase> <!-- exportNewAddSpace_verifyCompleteRecords_TC_209 -->
  <testcase classname="com.marina.tests.Mod_2_SpaceTypes" name="exportSpacesGoogleSheet_TC_210" time="0.0">
    <skipped/>
  </testcase> <!-- exportSpacesGoogleSheet_TC_210 -->
  <testcase classname="com.marina.tests.Mod_2_SpaceTypes" name="verify_serachField_withSpaceName_TC_211" time="120.325"/>
  <testcase classname="com.marina.tests.Mod_2_SpaceTypes" name="verifyDeleteSpace_TC_212" time="89.937"/>
  <testcase classname="com.marina.tests.Mod_2_SpaceTypes" name="add_Spaces_Single_And_Carparking_Options_TC_213" time="206.648">
    <failure type="java.lang.AssertionError" message="Space Types are not getting created when adding single and then carparking spaces expected [true] but found [false]">
      <![CDATA[java.lang.AssertionError: Space Types are not getting created when adding single and then carparking spaces expected [true] but found [false]
at com.marina.tests.Mod_2_SpaceTypes.add_Spaces_Single_And_Carparking_Options_TC_213(Mod_2_SpaceTypes.java:240)
at java.base/java.util.ArrayList.forEach(ArrayList.java:1511)
... Removed 30 stack frames]]>
    </failure>
  </testcase> <!-- add_Spaces_Single_And_Carparking_Options_TC_213 -->
  <testcase classname="com.marina.tests.Mod_2_SpaceTypes" name="SelectionUnitPeriod_and_verify_two_option_TC_214" time="1.774">
    <failure type="java.lang.AssertionError" message="Arrays differ at element [2]: no text != $/period expected [no text] but found [$/period]">
      <![CDATA[java.lang.AssertionError: Arrays differ at element [2]: no text != $/period expected [no text] but found [$/period]
at com.marina.tests.Mod_2_SpaceTypes.SelectionUnitPeriod_and_verify_two_option_TC_214(Mod_2_SpaceTypes.java:262)
at java.base/java.util.ArrayList.forEach(ArrayList.java:1511)
... Removed 31 stack frames]]>
    </failure>
  </testcase> <!-- SelectionUnitPeriod_and_verify_two_option_TC_214 -->
</testsuite> <!-- test -->
