<?xml version="1.0" encoding="UTF-8"?>
<!-- Generated by org.testng.reporters.JUnitXMLReporter -->
<testsuite hostname="DESKTOP-8CR6PU0" ignored="0" name="test" tests="11" failures="1" timestamp="2023-11-07T10:40:27 PKT" time="418.572" errors="0">
  <testcase name="verifyBoatGroupPageOpens_TC_1001" time="0.08" classname="com.marina.tests.Mod_6_BoatGroup"/>
  <testcase name="addBoatGroupMandatoryFields_TC_1002" time="4.532" classname="com.marina.tests.Mod_6_BoatGroup"/>
  <testcase name="addBoatGroupAllFields_TC_1003" time="5.696" classname="com.marina.tests.Mod_6_BoatGroup"/>
  <testcase name="searchBoatGroup_TC_1004" time="1.33" classname="com.marina.tests.Mod_6_BoatGroup"/>
  <testcase name="viewSavedDataBoatGroup_TC_1005" time="3.12" classname="com.marina.tests.Mod_6_BoatGroup"/>
  <testcase name="viewPageNewBoatAdd_TC_1006" time="8.816" classname="com.marina.tests.Mod_6_BoatGroup"/>
  <testcase name="addBoatMainPage_TC_1007" time="7.308" classname="com.marina.tests.Mod_6_BoatGroup"/>
  <testcase name="editBoatGroupVerifyData_TC_1008" time="13.95" classname="com.marina.tests.Mod_6_BoatGroup"/>
  <testcase name="generatingMultipleAddRequest_TC_1009" time="25.418" classname="com.marina.tests.Mod_6_BoatGroup">
    <failure type="java.lang.AssertionError" message="expected [1] but found [3]">
      <![CDATA[java.lang.AssertionError: expected [1] but found [3]
at com.marina.tests.Mod_6_BoatGroup.generatingMultipleAddRequest_TC_1009(Mod_6_BoatGroup.java:166)
at java.util.concurrent.ThreadPoolExecutor.runWorker(ThreadPoolExecutor.java:1149)
at java.util.concurrent.ThreadPoolExecutor$Worker.run(ThreadPoolExecutor.java:624)
at java.lang.Thread.run(Thread.java:748)
... Removed 17 stack frames]]>
    </failure>
  </testcase> <!-- generatingMultipleAddRequest_TC_1009 -->
  <testcase name="verifyCopyFunctionBoatGroup_TC_1010" time="6.945" classname="com.marina.tests.Mod_6_BoatGroup"/>
  <testcase name="deleteBoatGroups_TC_1011" time="38.818" classname="com.marina.tests.Mod_6_BoatGroup"/>
</testsuite> <!-- test -->
