<?xml version="1.0" encoding="UTF-8"?>
<!-- Generated by org.testng.reporters.JUnitXMLReporter -->
<testsuite ignored="2" hostname="PC-1F-022" failures="0" tests="3" name="test" time="68.478" errors="0" timestamp="2023-10-25T07:12:59 PDT">
  <testcase classname="com.marina.tests.Mod_1_login" name="lg_001_verifyLogin" time="14.951"/>
  <testcase classname="com.marina.tests.Mod_2_SpaceTypes" name="ST1_001_verifySpacePage" time="0.164"/>
  <testcase classname="com.marina.tests.Mod_2_SpaceTypes" name="ST1_002_verifyPopupAddSpac" time="1.078"/>
  <testcase classname="com.marina.base.TestBase" name="@BeforeSuite loadConfig" time="0.0">
    <ignored/>
  </testcase> <!-- @BeforeSuite loadConfig -->
  <testcase classname="com.marina.base.TestBase" name="@AfterSuite afterSuite" time="0.0">
    <ignored/>
  </testcase> <!-- @AfterSuite afterSuite -->
</testsuite> <!-- test -->
