<?xml version="1.0" encoding="UTF-8"?>
<!-- Generated by org.testng.reporters.JUnitXMLReporter -->
<testsuite ignored="2" hostname="PC-1F-022" failures="1" tests="5" name="test" time="272.021" errors="0" timestamp="2023-10-31T00:09:43 PDT">
  <testcase classname="com.marina.tests.Mod_2_SpaceTypes" name="verifySpacePage_Tc_201" time="1.194"/>
  <testcase classname="com.marina.tests.Mod_1_login" name="verifyLogin_Tc_001" time="9.985"/>
  <testcase classname="com.marina.tests.Mod_2_SpaceTypes" name="verifyPopupAddSpace_TC_202" time="1.057"/>
  <testcase classname="com.marina.tests.Mod_2_SpaceTypes" name="multipleUsersWithMutlipleSelections_TC_203" time="0.538">
    <failure type="java.lang.NullPointerException" message="Cannot invoke &amp;quot;org.apache.poi.xssf.usermodel.XSSFWorkbook.getSheetIndex(String)&amp;quot; because &amp;quot;this.workbook&amp;quot; is null">
      <![CDATA[java.lang.NullPointerException: Cannot invoke "org.apache.poi.xssf.usermodel.XSSFWorkbook.getSheetIndex(String)" because "this.workbook" is null
at com.marina.utils.ExcelLibrary.getRowCount(ExcelLibrary.java:56)
at com.marina.pages.SpaceTypesAddTypesPage.multi_excel_read(SpaceTypesAddTypesPage.java:484)
at com.marina.pages.SpaceTypesAddTypesPage.addingNewSpace(SpaceTypesAddTypesPage.java:126)
at com.marina.tests.Mod_2_SpaceTypes.multipleUsersWithMutlipleSelections_TC_203(Mod_2_SpaceTypes.java:96)
at java.base/java.util.concurrent.ThreadPoolExecutor.runWorker(ThreadPoolExecutor.java:1136)
at java.base/java.util.concurrent.ThreadPoolExecutor$Worker.run(ThreadPoolExecutor.java:635)
at java.base/java.lang.Thread.run(Thread.java:833)
... Removed 12 stack frames]]>
    </failure>
  </testcase> <!-- multipleUsersWithMutlipleSelections_TC_203 -->
  <testcase classname="com.marina.tests.Mod_2_SpaceTypes" name="verifySpaceFromTableAfterAdd_TC_205" time="20.732"/>
  <testcase classname="com.marina.base.TestBase" name="@BeforeSuite loadConfig" time="0.0">
    <ignored/>
  </testcase> <!-- @BeforeSuite loadConfig -->
  <testcase classname="com.marina.base.TestBase" name="@AfterSuite afterSuite" time="0.0">
    <ignored/>
  </testcase> <!-- @AfterSuite afterSuite -->
</testsuite> <!-- test -->
