<?xml version="1.0" encoding="UTF-8"?>
<testng-results ignored="0" total="1" passed="0" failed="1" skipped="0">
  <reporter-output>
  </reporter-output>
  <suite started-at="2023-10-26T03:34:05 PDT" name="Default suite" finished-at="2023-10-26T03:34:31 PDT" duration-ms="25656">
    <groups>
      <group name="regression,smoke">
        <method signature="Mod_2_SpaceTypes.verifySpaceAfterAdd_TC_203()[pri:3, instance:com.marina.tests.Mod_2_SpaceTypes@383bfa16]" name="verifySpaceAfterAdd_TC_203" class="com.marina.tests.Mod_2_SpaceTypes"/>
      </group> <!-- regression,smoke -->
    </groups>
    <test started-at="2023-10-26T03:34:05 PDT" name="Default test" finished-at="2023-10-26T03:34:31 PDT" duration-ms="25656">
      <class name="com.marina.tests.Mod_2_SpaceTypes">
        <test-method is-config="true" signature="loadConfig()[pri:0, instance:com.marina.tests.Mod_2_SpaceTypes@383bfa16]" started-at="2023-10-26T03:34:05 PDT" name="loadConfig" finished-at="2023-10-26T03:34:05 PDT" duration-ms="465" status="PASS">
          <reporter-output>
          </reporter-output>
        </test-method> <!-- loadConfig -->
        <test-method is-config="true" signature="beforeTest()[pri:0, instance:com.marina.tests.Mod_2_SpaceTypes@383bfa16]" started-at="2023-10-26T03:34:05 PDT" name="beforeTest" finished-at="2023-10-26T03:34:28 PDT" duration-ms="22100" status="PASS">
          <reporter-output>
          </reporter-output>
        </test-method> <!-- beforeTest -->
        <test-method signature="verifySpaceAfterAdd_TC_203()[pri:3, instance:com.marina.tests.Mod_2_SpaceTypes@383bfa16]" started-at="2023-10-26T03:34:28 PDT" name="verifySpaceAfterAdd_TC_203" finished-at="2023-10-26T03:34:28 PDT" duration-ms="889" status="FAIL">
          <exception class="java.lang.IllegalMonitorStateException">
            <message>
              <![CDATA[current thread is not owner]]>
            </message>
            <full-stacktrace>
              <![CDATA[java.lang.IllegalMonitorStateException: current thread is not owner
at java.base/java.lang.Object.wait(Native Method)
at com.marina.pages.SpaceTypesAddTypesPage.addingNewSpace(SpaceTypesAddTypesPage.java:141)
at com.marina.tests.Mod_2_SpaceTypes.verifySpaceAfterAdd_TC_203(Mod_2_SpaceTypes.java:80)
at java.base/jdk.internal.reflect.NativeMethodAccessorImpl.invoke0(Native Method)
at java.base/jdk.internal.reflect.NativeMethodAccessorImpl.invoke(NativeMethodAccessorImpl.java:77)
at java.base/jdk.internal.reflect.DelegatingMethodAccessorImpl.invoke(DelegatingMethodAccessorImpl.java:43)
at java.base/java.lang.reflect.Method.invoke(Method.java:568)
at org.testng.internal.MethodInvocationHelper.invokeMethod(MethodInvocationHelper.java:134)
at org.testng.internal.TestInvoker.invokeMethod(TestInvoker.java:597)
at org.testng.internal.TestInvoker.invokeTestMethod(TestInvoker.java:173)
at org.testng.internal.MethodRunner.runInSequence(MethodRunner.java:46)
at org.testng.internal.TestInvoker$MethodInvocationAgent.invoke(TestInvoker.java:816)
at org.testng.internal.TestInvoker.invokeTestMethods(TestInvoker.java:146)
at org.testng.internal.TestMethodWorker.invokeTestMethods(TestMethodWorker.java:146)
at org.testng.internal.TestMethodWorker.run(TestMethodWorker.java:128)
at java.base/java.util.ArrayList.forEach(ArrayList.java:1511)
at org.testng.TestRunner.privateRun(TestRunner.java:766)
at org.testng.TestRunner.run(TestRunner.java:587)
at org.testng.SuiteRunner.runTest(SuiteRunner.java:384)
at org.testng.SuiteRunner.runSequentially(SuiteRunner.java:378)
at org.testng.SuiteRunner.privateRun(SuiteRunner.java:337)
at org.testng.SuiteRunner.run(SuiteRunner.java:286)
at org.testng.SuiteRunnerWorker.runSuite(SuiteRunnerWorker.java:53)
at org.testng.SuiteRunnerWorker.run(SuiteRunnerWorker.java:96)
at org.testng.TestNG.runSuitesSequentially(TestNG.java:1187)
at org.testng.TestNG.runSuitesLocally(TestNG.java:1109)
at org.testng.TestNG.runSuites(TestNG.java:1039)
at org.testng.TestNG.run(TestNG.java:1007)
at org.testng.remote.AbstractRemoteTestNG.run(AbstractRemoteTestNG.java:115)
at org.testng.remote.RemoteTestNG.initAndRun(RemoteTestNG.java:251)
at org.testng.remote.RemoteTestNG.main(RemoteTestNG.java:77)
]]>
            </full-stacktrace>
          </exception> <!-- java.lang.IllegalMonitorStateException -->
          <reporter-output>
          </reporter-output>
        </test-method> <!-- verifySpaceAfterAdd_TC_203 -->
        <test-method is-config="true" signature="afterTest()[pri:0, instance:com.marina.tests.Mod_2_SpaceTypes@383bfa16]" started-at="2023-10-26T03:34:28 PDT" name="afterTest" finished-at="2023-10-26T03:34:31 PDT" duration-ms="2607" status="PASS">
          <reporter-output>
          </reporter-output>
        </test-method> <!-- afterTest -->
        <test-method is-config="true" signature="afterSuite()[pri:0, instance:com.marina.tests.Mod_2_SpaceTypes@383bfa16]" started-at="2023-10-26T03:34:31 PDT" name="afterSuite" finished-at="2023-10-26T03:34:32 PDT" duration-ms="762" status="PASS">
          <reporter-output>
          </reporter-output>
        </test-method> <!-- afterSuite -->
      </class> <!-- com.marina.tests.Mod_2_SpaceTypes -->
    </test> <!-- Default test -->
  </suite> <!-- Default suite -->
</testng-results>
