<?xml version="1.0" encoding="UTF-8"?>
<testng-results ignored="0" total="1" passed="0" failed="1" skipped="0">
  <reporter-output>
  </reporter-output>
  <suite started-at="2023-12-06T07:09:53 PST" name="Default suite" finished-at="2023-12-06T07:12:34 PST" duration-ms="161166">
    <groups>
      <group name="regression">
        <method signature="Mod_7_RatesStorage.verify_allBucketsMonths_prices_TC_1106()[pri:6, instance:com.marina.tests.Mod_7_RatesStorage@4229bb3f]" name="verify_allBucketsMonths_prices_TC_1106" class="com.marina.tests.Mod_7_RatesStorage"/>
      </group> <!-- regression -->
      <group name="smoke">
        <method signature="Mod_7_RatesStorage.verify_allBucketsMonths_prices_TC_1106()[pri:6, instance:com.marina.tests.Mod_7_RatesStorage@4229bb3f]" name="verify_allBucketsMonths_prices_TC_1106" class="com.marina.tests.Mod_7_RatesStorage"/>
      </group> <!-- smoke -->
    </groups>
    <test started-at="2023-12-06T07:09:53 PST" name="Default test" finished-at="2023-12-06T07:12:34 PST" duration-ms="161166">
      <class name="com.marina.tests.Mod_7_RatesStorage">
        <test-method is-config="true" signature="loadConfig()[pri:0, instance:com.marina.tests.Mod_7_RatesStorage@4229bb3f]" started-at="2023-12-06T07:09:52 PST" name="loadConfig" finished-at="2023-12-06T07:09:53 PST" duration-ms="411" status="PASS">
          <reporter-output>
          </reporter-output>
        </test-method> <!-- loadConfig -->
        <test-method is-config="true" signature="beforeTest()[pri:0, instance:com.marina.tests.Mod_7_RatesStorage@4229bb3f]" started-at="2023-12-06T07:09:53 PST" name="beforeTest" finished-at="2023-12-06T07:10:17 PST" duration-ms="24057" status="PASS">
          <reporter-output>
          </reporter-output>
        </test-method> <!-- beforeTest -->
        <test-method signature="verify_allBucketsMonths_prices_TC_1106()[pri:6, instance:com.marina.tests.Mod_7_RatesStorage@4229bb3f]" started-at="2023-12-06T07:10:17 PST" name="verify_allBucketsMonths_prices_TC_1106" description="Verify all the added rates for all the different sizes" finished-at="2023-12-06T07:12:31 PST" duration-ms="134276" status="FAIL">
          <exception class="java.lang.AssertionError">
            <message>
              <![CDATA[expected [$1.00] but found [null]]]>
            </message>
            <full-stacktrace>
              <![CDATA[java.lang.AssertionError: expected [$1.00] but found [null]
at org.testng.Assert.fail(Assert.java:97)
at org.testng.Assert.failNotEquals(Assert.java:969)
at org.testng.Assert.assertEquals(Assert.java:1166)
at org.testng.Assert.assertEquals(Assert.java:1230)
at com.marina.tests.Mod_7_RatesStorage.verify_allBucketsMonths_prices_TC_1106(Mod_7_RatesStorage.java:266)
at java.base/jdk.internal.reflect.NativeMethodAccessorImpl.invoke0(Native Method)
at java.base/jdk.internal.reflect.NativeMethodAccessorImpl.invoke(NativeMethodAccessorImpl.java:77)
at java.base/jdk.internal.reflect.DelegatingMethodAccessorImpl.invoke(DelegatingMethodAccessorImpl.java:43)
at java.base/java.lang.reflect.Method.invoke(Method.java:568)
at org.testng.internal.MethodInvocationHelper.invokeMethod(MethodInvocationHelper.java:134)
at org.testng.internal.TestInvoker.invokeMethod(TestInvoker.java:597)
at org.testng.internal.TestInvoker.invokeTestMethod(TestInvoker.java:173)
at org.testng.internal.MethodRunner.runInSequence(MethodRunner.java:46)
at org.testng.internal.TestInvoker$MethodInvocationAgent.invoke(TestInvoker.java:816)
at org.testng.internal.TestInvoker.invokeTestMethods(TestInvoker.java:146)
at org.testng.internal.TestMethodWorker.invokeTestMethods(TestMethodWorker.java:146)
at org.testng.internal.TestMethodWorker.run(TestMethodWorker.java:128)
at java.base/java.util.ArrayList.forEach(ArrayList.java:1511)
at org.testng.TestRunner.privateRun(TestRunner.java:766)
at org.testng.TestRunner.run(TestRunner.java:587)
at org.testng.SuiteRunner.runTest(SuiteRunner.java:384)
at org.testng.SuiteRunner.runSequentially(SuiteRunner.java:378)
at org.testng.SuiteRunner.privateRun(SuiteRunner.java:337)
at org.testng.SuiteRunner.run(SuiteRunner.java:286)
at org.testng.SuiteRunnerWorker.runSuite(SuiteRunnerWorker.java:53)
at org.testng.SuiteRunnerWorker.run(SuiteRunnerWorker.java:96)
at org.testng.TestNG.runSuitesSequentially(TestNG.java:1187)
at org.testng.TestNG.runSuitesLocally(TestNG.java:1109)
at org.testng.TestNG.runSuites(TestNG.java:1039)
at org.testng.TestNG.run(TestNG.java:1007)
at org.testng.remote.AbstractRemoteTestNG.run(AbstractRemoteTestNG.java:115)
at org.testng.remote.RemoteTestNG.initAndRun(RemoteTestNG.java:251)
at org.testng.remote.RemoteTestNG.main(RemoteTestNG.java:77)
]]>
            </full-stacktrace>
          </exception> <!-- java.lang.AssertionError -->
          <reporter-output>
          </reporter-output>
        </test-method> <!-- verify_allBucketsMonths_prices_TC_1106 -->
        <test-method is-config="true" signature="afterTest()[pri:0, instance:com.marina.tests.Mod_7_RatesStorage@4229bb3f]" started-at="2023-12-06T07:12:31 PST" name="afterTest" finished-at="2023-12-06T07:12:34 PST" duration-ms="2791" status="PASS">
          <reporter-output>
          </reporter-output>
        </test-method> <!-- afterTest -->
        <test-method is-config="true" signature="afterSuite()[pri:0, instance:com.marina.tests.Mod_7_RatesStorage@4229bb3f]" started-at="2023-12-06T07:12:34 PST" name="afterSuite" finished-at="2023-12-06T07:12:34 PST" duration-ms="330" status="PASS">
          <reporter-output>
          </reporter-output>
        </test-method> <!-- afterSuite -->
      </class> <!-- com.marina.tests.Mod_7_RatesStorage -->
    </test> <!-- Default test -->
  </suite> <!-- Default suite -->
</testng-results>
