<?xml version="1.0" encoding="UTF-8"?>
<testng-results skipped="0" failed="1" ignored="0" total="11" passed="10">
  <reporter-output>
  </reporter-output>
  <suite name="Suite" duration-ms="431744" started-at="2023-11-06T16:59:43 PKT" finished-at="2023-11-06T17:06:55 PKT">
    <groups>
      <group name="regression,sanity,smoke">
        <method signature="Mod_6_BoatGroup.verifyBoatGroupPageOpens_TC_1001()[pri:1, instance:com.marina.tests.Mod_6_BoatGroup@192d3247]" name="verifyBoatGroupPageOpens_TC_1001" class="com.marina.tests.Mod_6_BoatGroup"/>
        <method signature="Mod_6_BoatGroup.addBoatGroupMandatoryFields_TC_1002()[pri:2, instance:com.marina.tests.Mod_6_BoatGroup@192d3247]" name="addBoatGroupMandatoryFields_TC_1002" class="com.marina.tests.Mod_6_BoatGroup"/>
        <method signature="Mod_6_BoatGroup.addBoatGroupAllFields_TC_1003()[pri:3, instance:com.marina.tests.Mod_6_BoatGroup@192d3247]" name="addBoatGroupAllFields_TC_1003" class="com.marina.tests.Mod_6_BoatGroup"/>
        <method signature="Mod_6_BoatGroup.addBoatMainPage_TC_1007()[pri:7, instance:com.marina.tests.Mod_6_BoatGroup@192d3247]" name="addBoatMainPage_TC_1007" class="com.marina.tests.Mod_6_BoatGroup"/>
        <method signature="Mod_6_BoatGroup.editBoatGroupVerifyData_TC_1008()[pri:8, instance:com.marina.tests.Mod_6_BoatGroup@192d3247]" name="editBoatGroupVerifyData_TC_1008" class="com.marina.tests.Mod_6_BoatGroup"/>
        <method signature="Mod_6_BoatGroup.generatingMultipleAddRequest_TC_1009()[pri:9, instance:com.marina.tests.Mod_6_BoatGroup@192d3247]" name="generatingMultipleAddRequest_TC_1009" class="com.marina.tests.Mod_6_BoatGroup"/>
        <method signature="Mod_6_BoatGroup.searchBoatGroup_TC_1004()[pri:4, instance:com.marina.tests.Mod_6_BoatGroup@192d3247]" name="searchBoatGroup_TC_1004" class="com.marina.tests.Mod_6_BoatGroup"/>
        <method signature="Mod_6_BoatGroup.verifyCopyFunctionBoatGroup_TC_1010()[pri:10, instance:com.marina.tests.Mod_6_BoatGroup@192d3247]" name="verifyCopyFunctionBoatGroup_TC_1010" class="com.marina.tests.Mod_6_BoatGroup"/>
        <method signature="Mod_6_BoatGroup.deleteBoatGroups_TC_1011()[pri:11, instance:com.marina.tests.Mod_6_BoatGroup@192d3247]" name="deleteBoatGroups_TC_1011" class="com.marina.tests.Mod_6_BoatGroup"/>
        <method signature="Mod_6_BoatGroup.viewPageNewBoatAdd_TC_1006()[pri:6, instance:com.marina.tests.Mod_6_BoatGroup@192d3247]" name="viewPageNewBoatAdd_TC_1006" class="com.marina.tests.Mod_6_BoatGroup"/>
        <method signature="Mod_6_BoatGroup.viewSavedDataBoatGroup_TC_1005()[pri:5, instance:com.marina.tests.Mod_6_BoatGroup@192d3247]" name="viewSavedDataBoatGroup_TC_1005" class="com.marina.tests.Mod_6_BoatGroup"/>
      </group> <!-- regression,sanity,smoke -->
    </groups>
    <test name="test" duration-ms="431744" started-at="2023-11-06T16:59:43 PKT" finished-at="2023-11-06T17:06:55 PKT">
      <class name="com.marina.tests.Mod_6_BoatGroup">
        <test-method status="PASS" signature="loadConfig()[pri:0, instance:com.marina.tests.Mod_6_BoatGroup@192d3247]" name="loadConfig" is-config="true" duration-ms="213" started-at="2023-11-06T16:59:43 PKT" finished-at="2023-11-06T16:59:43 PKT">
          <reporter-output>
          </reporter-output>
        </test-method> <!-- loadConfig -->
        <test-method status="PASS" signature="beforeMethod()[pri:0, instance:com.marina.tests.Mod_6_BoatGroup@192d3247]" name="beforeMethod" is-config="true" duration-ms="26470" started-at="2023-11-06T16:59:43 PKT" finished-at="2023-11-06T17:00:10 PKT">
          <reporter-output>
          </reporter-output>
        </test-method> <!-- beforeMethod -->
        <test-method status="PASS" signature="verifyBoatGroupPageOpens_TC_1001()[pri:1, instance:com.marina.tests.Mod_6_BoatGroup@192d3247]" name="verifyBoatGroupPageOpens_TC_1001" duration-ms="257" started-at="2023-11-06T17:00:10 PKT" finished-at="2023-11-06T17:00:10 PKT">
          <reporter-output>
          </reporter-output>
        </test-method> <!-- verifyBoatGroupPageOpens_TC_1001 -->
        <test-method status="PASS" signature="afterMethod()[pri:0, instance:com.marina.tests.Mod_6_BoatGroup@192d3247]" name="afterMethod" is-config="true" duration-ms="4262" started-at="2023-11-06T17:00:10 PKT" finished-at="2023-11-06T17:00:14 PKT">
          <reporter-output>
          </reporter-output>
        </test-method> <!-- afterMethod -->
        <test-method status="PASS" signature="beforeMethod()[pri:0, instance:com.marina.tests.Mod_6_BoatGroup@192d3247]" name="beforeMethod" is-config="true" duration-ms="25487" started-at="2023-11-06T17:00:14 PKT" finished-at="2023-11-06T17:00:40 PKT">
          <reporter-output>
          </reporter-output>
        </test-method> <!-- beforeMethod -->
        <test-method status="PASS" signature="addBoatGroupMandatoryFields_TC_1002()[pri:2, instance:com.marina.tests.Mod_6_BoatGroup@192d3247]" name="addBoatGroupMandatoryFields_TC_1002" duration-ms="4531" started-at="2023-11-06T17:00:40 PKT" depends-on-methods="com.marina.tests.Mod_6_BoatGroup.verifyBoatGroupPageOpens_TC_1001" finished-at="2023-11-06T17:00:44 PKT">
          <reporter-output>
          </reporter-output>
        </test-method> <!-- addBoatGroupMandatoryFields_TC_1002 -->
        <test-method status="PASS" signature="afterMethod()[pri:0, instance:com.marina.tests.Mod_6_BoatGroup@192d3247]" name="afterMethod" is-config="true" duration-ms="2799" started-at="2023-11-06T17:00:44 PKT" finished-at="2023-11-06T17:00:47 PKT">
          <reporter-output>
          </reporter-output>
        </test-method> <!-- afterMethod -->
        <test-method status="PASS" signature="beforeMethod()[pri:0, instance:com.marina.tests.Mod_6_BoatGroup@192d3247]" name="beforeMethod" is-config="true" duration-ms="28653" started-at="2023-11-06T17:00:47 PKT" finished-at="2023-11-06T17:01:16 PKT">
          <reporter-output>
          </reporter-output>
        </test-method> <!-- beforeMethod -->
        <test-method status="PASS" signature="addBoatGroupAllFields_TC_1003()[pri:3, instance:com.marina.tests.Mod_6_BoatGroup@192d3247]" name="addBoatGroupAllFields_TC_1003" duration-ms="5173" started-at="2023-11-06T17:01:16 PKT" depends-on-methods="com.marina.tests.Mod_6_BoatGroup.addBoatGroupMandatoryFields_TC_1002" finished-at="2023-11-06T17:01:21 PKT">
          <reporter-output>
          </reporter-output>
        </test-method> <!-- addBoatGroupAllFields_TC_1003 -->
        <test-method status="PASS" signature="afterMethod()[pri:0, instance:com.marina.tests.Mod_6_BoatGroup@192d3247]" name="afterMethod" is-config="true" duration-ms="2382" started-at="2023-11-06T17:01:21 PKT" finished-at="2023-11-06T17:01:23 PKT">
          <reporter-output>
          </reporter-output>
        </test-method> <!-- afterMethod -->
        <test-method status="PASS" signature="beforeMethod()[pri:0, instance:com.marina.tests.Mod_6_BoatGroup@192d3247]" name="beforeMethod" is-config="true" duration-ms="23482" started-at="2023-11-06T17:01:23 PKT" finished-at="2023-11-06T17:01:47 PKT">
          <reporter-output>
          </reporter-output>
        </test-method> <!-- beforeMethod -->
        <test-method status="PASS" signature="searchBoatGroup_TC_1004()[pri:4, instance:com.marina.tests.Mod_6_BoatGroup@192d3247]" name="searchBoatGroup_TC_1004" duration-ms="1439" started-at="2023-11-06T17:01:47 PKT" depends-on-methods="com.marina.tests.Mod_6_BoatGroup.addBoatGroupAllFields_TC_1003" finished-at="2023-11-06T17:01:48 PKT">
          <reporter-output>
          </reporter-output>
        </test-method> <!-- searchBoatGroup_TC_1004 -->
        <test-method status="PASS" signature="afterMethod()[pri:0, instance:com.marina.tests.Mod_6_BoatGroup@192d3247]" name="afterMethod" is-config="true" duration-ms="2316" started-at="2023-11-06T17:01:48 PKT" finished-at="2023-11-06T17:01:50 PKT">
          <reporter-output>
          </reporter-output>
        </test-method> <!-- afterMethod -->
        <test-method status="PASS" signature="beforeMethod()[pri:0, instance:com.marina.tests.Mod_6_BoatGroup@192d3247]" name="beforeMethod" is-config="true" duration-ms="31058" started-at="2023-11-06T17:01:50 PKT" finished-at="2023-11-06T17:02:22 PKT">
          <reporter-output>
          </reporter-output>
        </test-method> <!-- beforeMethod -->
        <test-method status="PASS" signature="viewSavedDataBoatGroup_TC_1005()[pri:5, instance:com.marina.tests.Mod_6_BoatGroup@192d3247]" name="viewSavedDataBoatGroup_TC_1005" duration-ms="3075" started-at="2023-11-06T17:02:22 PKT" depends-on-methods="com.marina.tests.Mod_6_BoatGroup.addBoatGroupAllFields_TC_1003" finished-at="2023-11-06T17:02:25 PKT">
          <reporter-output>
          </reporter-output>
        </test-method> <!-- viewSavedDataBoatGroup_TC_1005 -->
        <test-method status="PASS" signature="afterMethod()[pri:0, instance:com.marina.tests.Mod_6_BoatGroup@192d3247]" name="afterMethod" is-config="true" duration-ms="2370" started-at="2023-11-06T17:02:25 PKT" finished-at="2023-11-06T17:02:27 PKT">
          <reporter-output>
          </reporter-output>
        </test-method> <!-- afterMethod -->
        <test-method status="PASS" signature="beforeMethod()[pri:0, instance:com.marina.tests.Mod_6_BoatGroup@192d3247]" name="beforeMethod" is-config="true" duration-ms="26546" started-at="2023-11-06T17:02:27 PKT" finished-at="2023-11-06T17:02:54 PKT">
          <reporter-output>
          </reporter-output>
        </test-method> <!-- beforeMethod -->
        <test-method status="PASS" signature="viewPageNewBoatAdd_TC_1006()[pri:6, instance:com.marina.tests.Mod_6_BoatGroup@192d3247]" name="viewPageNewBoatAdd_TC_1006" duration-ms="8870" started-at="2023-11-06T17:02:54 PKT" depends-on-methods="com.marina.tests.Mod_6_BoatGroup.addBoatGroupAllFields_TC_1003" finished-at="2023-11-06T17:03:02 PKT">
          <reporter-output>
          </reporter-output>
        </test-method> <!-- viewPageNewBoatAdd_TC_1006 -->
        <test-method status="PASS" signature="afterMethod()[pri:0, instance:com.marina.tests.Mod_6_BoatGroup@192d3247]" name="afterMethod" is-config="true" duration-ms="2530" started-at="2023-11-06T17:03:02 PKT" finished-at="2023-11-06T17:03:05 PKT">
          <reporter-output>
          </reporter-output>
        </test-method> <!-- afterMethod -->
        <test-method status="PASS" signature="beforeMethod()[pri:0, instance:com.marina.tests.Mod_6_BoatGroup@192d3247]" name="beforeMethod" is-config="true" duration-ms="22140" started-at="2023-11-06T17:03:05 PKT" finished-at="2023-11-06T17:03:27 PKT">
          <reporter-output>
          </reporter-output>
        </test-method> <!-- beforeMethod -->
        <test-method status="PASS" signature="addBoatMainPage_TC_1007()[pri:7, instance:com.marina.tests.Mod_6_BoatGroup@192d3247]" name="addBoatMainPage_TC_1007" duration-ms="5894" started-at="2023-11-06T17:03:27 PKT" depends-on-methods="com.marina.tests.Mod_6_BoatGroup.addBoatGroupAllFields_TC_1003" finished-at="2023-11-06T17:03:33 PKT">
          <reporter-output>
          </reporter-output>
        </test-method> <!-- addBoatMainPage_TC_1007 -->
        <test-method status="PASS" signature="afterMethod()[pri:0, instance:com.marina.tests.Mod_6_BoatGroup@192d3247]" name="afterMethod" is-config="true" duration-ms="2838" started-at="2023-11-06T17:03:33 PKT" finished-at="2023-11-06T17:03:36 PKT">
          <reporter-output>
          </reporter-output>
        </test-method> <!-- afterMethod -->
        <test-method status="PASS" signature="beforeMethod()[pri:0, instance:com.marina.tests.Mod_6_BoatGroup@192d3247]" name="beforeMethod" is-config="true" duration-ms="21675" started-at="2023-11-06T17:03:36 PKT" finished-at="2023-11-06T17:03:57 PKT">
          <reporter-output>
          </reporter-output>
        </test-method> <!-- beforeMethod -->
        <test-method status="PASS" signature="editBoatGroupVerifyData_TC_1008()[pri:8, instance:com.marina.tests.Mod_6_BoatGroup@192d3247]" name="editBoatGroupVerifyData_TC_1008" duration-ms="17647" started-at="2023-11-06T17:03:57 PKT" depends-on-methods="com.marina.tests.Mod_6_BoatGroup.addBoatGroupAllFields_TC_1003" finished-at="2023-11-06T17:04:15 PKT">
          <reporter-output>
          </reporter-output>
        </test-method> <!-- editBoatGroupVerifyData_TC_1008 -->
        <test-method status="PASS" signature="afterMethod()[pri:0, instance:com.marina.tests.Mod_6_BoatGroup@192d3247]" name="afterMethod" is-config="true" duration-ms="3375" started-at="2023-11-06T17:04:15 PKT" finished-at="2023-11-06T17:04:19 PKT">
          <reporter-output>
          </reporter-output>
        </test-method> <!-- afterMethod -->
        <test-method status="PASS" signature="beforeMethod()[pri:0, instance:com.marina.tests.Mod_6_BoatGroup@192d3247]" name="beforeMethod" is-config="true" duration-ms="23280" started-at="2023-11-06T17:04:19 PKT" finished-at="2023-11-06T17:04:42 PKT">
          <reporter-output>
          </reporter-output>
        </test-method> <!-- beforeMethod -->
        <test-method status="FAIL" signature="generatingMultipleAddRequest_TC_1009()[pri:9, instance:com.marina.tests.Mod_6_BoatGroup@192d3247]" name="generatingMultipleAddRequest_TC_1009" duration-ms="25079" started-at="2023-11-06T17:04:42 PKT" depends-on-methods="com.marina.tests.Mod_6_BoatGroup.addBoatGroupAllFields_TC_1003" finished-at="2023-11-06T17:05:07 PKT">
          <exception class="java.lang.AssertionError">
            <message>
              <![CDATA[expected [1] but found [3]]]>
            </message>
            <full-stacktrace>
              <![CDATA[java.lang.AssertionError: expected [1] but found [3]
at org.testng.Assert.fail(Assert.java:97)
at org.testng.Assert.assertEqualsImpl(Assert.java:136)
at org.testng.Assert.assertEquals(Assert.java:118)
at org.testng.Assert.assertEquals(Assert.java:839)
at org.testng.Assert.assertEquals(Assert.java:849)
at com.marina.tests.Mod_6_BoatGroup.generatingMultipleAddRequest_TC_1009(Mod_6_BoatGroup.java:158)
at sun.reflect.NativeMethodAccessorImpl.invoke0(Native Method)
at sun.reflect.NativeMethodAccessorImpl.invoke(NativeMethodAccessorImpl.java:62)
at sun.reflect.DelegatingMethodAccessorImpl.invoke(DelegatingMethodAccessorImpl.java:43)
at java.lang.reflect.Method.invoke(Method.java:498)
at org.testng.internal.MethodInvocationHelper.invokeMethod(MethodInvocationHelper.java:134)
at org.testng.internal.TestInvoker.invokeMethod(TestInvoker.java:597)
at org.testng.internal.TestInvoker.invokeTestMethod(TestInvoker.java:173)
at org.testng.internal.MethodRunner.runInSequence(MethodRunner.java:46)
at org.testng.internal.TestInvoker$MethodInvocationAgent.invoke(TestInvoker.java:816)
at org.testng.internal.TestInvoker.invokeTestMethods(TestInvoker.java:146)
at org.testng.internal.TestMethodWorker.invokeTestMethods(TestMethodWorker.java:146)
at org.testng.internal.TestMethodWorker.run(TestMethodWorker.java:128)
at java.util.concurrent.ThreadPoolExecutor.runWorker(ThreadPoolExecutor.java:1149)
at java.util.concurrent.ThreadPoolExecutor$Worker.run(ThreadPoolExecutor.java:624)
at java.lang.Thread.run(Thread.java:748)
]]>
            </full-stacktrace>
          </exception> <!-- java.lang.AssertionError -->
          <reporter-output>
          </reporter-output>
        </test-method> <!-- generatingMultipleAddRequest_TC_1009 -->
        <test-method status="PASS" signature="afterMethod()[pri:0, instance:com.marina.tests.Mod_6_BoatGroup@192d3247]" name="afterMethod" is-config="true" duration-ms="5776" started-at="2023-11-06T17:05:07 PKT" finished-at="2023-11-06T17:05:13 PKT">
          <reporter-output>
          </reporter-output>
        </test-method> <!-- afterMethod -->
        <test-method status="PASS" signature="beforeMethod()[pri:0, instance:com.marina.tests.Mod_6_BoatGroup@192d3247]" name="beforeMethod" is-config="true" duration-ms="24913" started-at="2023-11-06T17:05:13 PKT" finished-at="2023-11-06T17:05:38 PKT">
          <reporter-output>
          </reporter-output>
        </test-method> <!-- beforeMethod -->
        <test-method status="PASS" signature="verifyCopyFunctionBoatGroup_TC_1010()[pri:10, instance:com.marina.tests.Mod_6_BoatGroup@192d3247]" name="verifyCopyFunctionBoatGroup_TC_1010" duration-ms="7542" started-at="2023-11-06T17:05:38 PKT" depends-on-methods="com.marina.tests.Mod_6_BoatGroup.editBoatGroupVerifyData_TC_1008" finished-at="2023-11-06T17:05:45 PKT">
          <reporter-output>
          </reporter-output>
        </test-method> <!-- verifyCopyFunctionBoatGroup_TC_1010 -->
        <test-method status="PASS" signature="afterMethod()[pri:0, instance:com.marina.tests.Mod_6_BoatGroup@192d3247]" name="afterMethod" is-config="true" duration-ms="2535" started-at="2023-11-06T17:05:45 PKT" finished-at="2023-11-06T17:05:48 PKT">
          <reporter-output>
          </reporter-output>
        </test-method> <!-- afterMethod -->
        <test-method status="PASS" signature="beforeMethod()[pri:0, instance:com.marina.tests.Mod_6_BoatGroup@192d3247]" name="beforeMethod" is-config="true" duration-ms="26216" started-at="2023-11-06T17:05:48 PKT" finished-at="2023-11-06T17:06:14 PKT">
          <reporter-output>
          </reporter-output>
        </test-method> <!-- beforeMethod -->
        <test-method status="PASS" signature="deleteBoatGroups_TC_1011()[pri:11, instance:com.marina.tests.Mod_6_BoatGroup@192d3247]" name="deleteBoatGroups_TC_1011" duration-ms="37915" started-at="2023-11-06T17:06:14 PKT" depends-on-methods="com.marina.tests.Mod_6_BoatGroup.verifyCopyFunctionBoatGroup_TC_1010" finished-at="2023-11-06T17:06:52 PKT">
          <reporter-output>
          </reporter-output>
        </test-method> <!-- deleteBoatGroups_TC_1011 -->
        <test-method status="PASS" signature="afterMethod()[pri:0, instance:com.marina.tests.Mod_6_BoatGroup@192d3247]" name="afterMethod" is-config="true" duration-ms="3025" started-at="2023-11-06T17:06:52 PKT" finished-at="2023-11-06T17:06:55 PKT">
          <reporter-output>
          </reporter-output>
        </test-method> <!-- afterMethod -->
        <test-method status="PASS" signature="afterSuite()[pri:0, instance:com.marina.tests.Mod_6_BoatGroup@192d3247]" name="afterSuite" is-config="true" duration-ms="352" started-at="2023-11-06T17:06:55 PKT" finished-at="2023-11-06T17:06:55 PKT">
          <reporter-output>
          </reporter-output>
        </test-method> <!-- afterSuite -->
      </class> <!-- com.marina.tests.Mod_6_BoatGroup -->
    </test> <!-- test -->
  </suite> <!-- Suite -->
</testng-results>
