<?xml version="1.0" encoding="UTF-8"?>
<testng-results skipped="0" failed="0" ignored="0" total="1" passed="1">
  <reporter-output>
  </reporter-output>
  <suite name="Default suite" duration-ms="34688" started-at="2023-11-10T16:04:52 PKT" finished-at="2023-11-10T16:05:27 PKT">
    <groups>
    </groups>
    <test name="Default test" duration-ms="34688" started-at="2023-11-10T16:04:52 PKT" finished-at="2023-11-10T16:05:27 PKT">
      <class name="com.marina.tests.Mod_2_SpaceTypes">
        <test-method status="PASS" signature="loadConfig()[pri:0, instance:com.marina.tests.Mod_2_SpaceTypes@612679d6]" name="loadConfig" is-config="true" duration-ms="225" started-at="2023-11-10T16:04:52 PKT" finished-at="2023-11-10T16:04:52 PKT">
          <reporter-output>
          </reporter-output>
        </test-method> <!-- loadConfig -->
        <test-method status="PASS" signature="beforeTest()[pri:0, instance:com.marina.tests.Mod_2_SpaceTypes@612679d6]" name="beforeTest" is-config="true" duration-ms="29498" started-at="2023-11-10T16:04:52 PKT" finished-at="2023-11-10T16:05:22 PKT">
          <reporter-output>
          </reporter-output>
        </test-method> <!-- beforeTest -->
        <test-method status="PASS" signature="exportNewAddSpace_verifyCompleteRecords_TC_209()[pri:0, instance:com.marina.tests.Mod_2_SpaceTypes@612679d6]" name="exportNewAddSpace_verifyCompleteRecords_TC_209" duration-ms="2580" started-at="2023-11-10T16:05:22 PKT" finished-at="2023-11-10T16:05:24 PKT">
          <reporter-output>
          </reporter-output>
        </test-method> <!-- exportNewAddSpace_verifyCompleteRecords_TC_209 -->
        <test-method status="PASS" signature="afterTest()[pri:0, instance:com.marina.tests.Mod_2_SpaceTypes@612679d6]" name="afterTest" is-config="true" duration-ms="2590" started-at="2023-11-10T16:05:24 PKT" finished-at="2023-11-10T16:05:27 PKT">
          <reporter-output>
          </reporter-output>
        </test-method> <!-- afterTest -->
        <test-method status="PASS" signature="afterSuite()[pri:0, instance:com.marina.tests.Mod_2_SpaceTypes@612679d6]" name="afterSuite" is-config="true" duration-ms="280" started-at="2023-11-10T16:05:27 PKT" finished-at="2023-11-10T16:05:27 PKT">
          <reporter-output>
          </reporter-output>
        </test-method> <!-- afterSuite -->
      </class> <!-- com.marina.tests.Mod_2_SpaceTypes -->
    </test> <!-- Default test -->
  </suite> <!-- Default suite -->
</testng-results>
