<?xml version="1.0" encoding="UTF-8"?>
<testng-results ignored="0" total="1" passed="1" failed="0" skipped="0">
  <reporter-output>
  </reporter-output>
  <suite started-at="2023-10-25T04:05:04 PDT" name="Default suite" finished-at="2023-10-25T04:06:09 PDT" duration-ms="64849">
    <groups>
    </groups>
    <test started-at="2023-10-25T04:05:04 PDT" name="Default test" finished-at="2023-10-25T04:06:09 PDT" duration-ms="64849">
      <class name="com.marina.tests.Mod_2_SpaceTypes">
        <test-method is-config="true" signature="loadConfig()[pri:0, instance:com.marina.tests.Mod_2_SpaceTypes@4d465b11]" started-at="2023-10-25T04:05:04 PDT" name="loadConfig" finished-at="2023-10-25T04:05:04 PDT" duration-ms="543" status="PASS">
          <reporter-output>
          </reporter-output>
        </test-method> <!-- loadConfig -->
        <test-method is-config="true" signature="beforeTest()[pri:0, instance:com.marina.tests.Mod_2_SpaceTypes@4d465b11]" started-at="2023-10-25T04:05:04 PDT" name="beforeTest" finished-at="2023-10-25T04:06:04 PDT" duration-ms="59468" status="PASS">
          <reporter-output>
          </reporter-output>
        </test-method> <!-- beforeTest -->
        <test-method signature="ST1_001()[pri:0, instance:com.marina.tests.Mod_2_SpaceTypes@4d465b11]" started-at="2023-10-25T04:06:04 PDT" name="ST1_001" finished-at="2023-10-25T04:06:04 PDT" duration-ms="192" status="PASS">
          <reporter-output>
          </reporter-output>
        </test-method> <!-- ST1_001 -->
        <test-method is-config="true" signature="afterTest()[pri:0, instance:com.marina.tests.Mod_2_SpaceTypes@4d465b11]" started-at="2023-10-25T04:06:04 PDT" name="afterTest" finished-at="2023-10-25T04:06:09 PDT" duration-ms="5148" status="PASS">
          <reporter-output>
          </reporter-output>
        </test-method> <!-- afterTest -->
        <test-method is-config="true" signature="afterSuite()[pri:0, instance:com.marina.tests.Mod_2_SpaceTypes@4d465b11]" started-at="2023-10-25T04:06:09 PDT" name="afterSuite" finished-at="2023-10-25T04:06:10 PDT" duration-ms="752" status="PASS">
          <reporter-output>
          </reporter-output>
        </test-method> <!-- afterSuite -->
      </class> <!-- com.marina.tests.Mod_2_SpaceTypes -->
    </test> <!-- Default test -->
  </suite> <!-- Default suite -->
</testng-results>
