<?xml version="1.0" encoding="UTF-8"?>
<testng-results skipped="0" failed="0" ignored="0" total="1" passed="1">
  <reporter-output>
  </reporter-output>
  <suite name="Default suite" duration-ms="31894" started-at="2023-11-29T19:28:25 PKT" finished-at="2023-11-29T19:28:57 PKT">
    <groups>
      <group name="regression,sanity,smoke">
        <method signature="Mod_8_Reservation.categoryChangeNightlyToMonthly_TC_1203()[pri:3, instance:com.marina.tests.Mod_8_Reservation@1a3869f4]" name="categoryChangeNightlyToMonthly_TC_1203" class="com.marina.tests.Mod_8_Reservation"/>
      </group> <!-- regression,sanity,smoke -->
    </groups>
    <test name="Default test" duration-ms="31894" started-at="2023-11-29T19:28:25 PKT" finished-at="2023-11-29T19:28:57 PKT">
      <class name="com.marina.tests.Mod_8_Reservation">
        <test-method status="PASS" signature="loadConfig()[pri:0, instance:com.marina.tests.Mod_8_Reservation@1a3869f4]" name="loadConfig" is-config="true" duration-ms="248" started-at="2023-11-29T19:28:25 PKT" finished-at="2023-11-29T19:28:25 PKT">
          <reporter-output>
          </reporter-output>
        </test-method> <!-- loadConfig -->
        <test-method status="PASS" signature="setUp()[pri:0, instance:com.marina.tests.Mod_8_Reservation@1a3869f4]" name="setUp" is-config="true" duration-ms="19196" started-at="2023-11-29T19:28:25 PKT" finished-at="2023-11-29T19:28:45 PKT">
          <reporter-output>
          </reporter-output>
        </test-method> <!-- setUp -->
        <test-method status="PASS" signature="categoryChangeNightlyToMonthly_TC_1203()[pri:3, instance:com.marina.tests.Mod_8_Reservation@1a3869f4]" name="categoryChangeNightlyToMonthly_TC_1203" duration-ms="12676" started-at="2023-11-29T19:28:45 PKT" description="Change the days to more than 1 month, check if pricing category move from nightly to monthly, and calculate all the pricing" finished-at="2023-11-29T19:28:57 PKT">
          <reporter-output>
          </reporter-output>
        </test-method> <!-- categoryChangeNightlyToMonthly_TC_1203 -->
        <test-method status="PASS" signature="afterSuite()[pri:0, instance:com.marina.tests.Mod_8_Reservation@1a3869f4]" name="afterSuite" is-config="true" duration-ms="320" started-at="2023-11-29T19:28:57 PKT" finished-at="2023-11-29T19:28:58 PKT">
          <reporter-output>
          </reporter-output>
        </test-method> <!-- afterSuite -->
      </class> <!-- com.marina.tests.Mod_8_Reservation -->
    </test> <!-- Default test -->
  </suite> <!-- Default suite -->
</testng-results>
