<?xml version="1.0" encoding="UTF-8"?>
<testng-results ignored="0" total="1" passed="0" failed="1" skipped="0">
  <reporter-output>
  </reporter-output>
  <suite started-at="2023-10-31T00:22:38 PDT" name="Default suite" finished-at="2023-10-31T00:32:18 PDT" duration-ms="580173">
    <groups>
      <group name="regression">
        <method signature="Mod_2_SpaceTypes.multipleUsersWithMutlipleSelections_TC_203()[pri:4, instance:com.marina.tests.Mod_2_SpaceTypes@53fdffa1]" name="multipleUsersWithMutlipleSelections_TC_203" class="com.marina.tests.Mod_2_SpaceTypes"/>
      </group> <!-- regression -->
    </groups>
    <test started-at="2023-10-31T00:22:38 PDT" name="Default test" finished-at="2023-10-31T00:32:18 PDT" duration-ms="580173">
      <class name="com.marina.tests.Mod_2_SpaceTypes">
        <test-method is-config="true" signature="loadConfig()[pri:0, instance:com.marina.tests.Mod_2_SpaceTypes@53fdffa1]" started-at="2023-10-31T00:22:38 PDT" name="loadConfig" finished-at="2023-10-31T00:22:38 PDT" duration-ms="537" status="PASS">
          <reporter-output>
          </reporter-output>
        </test-method> <!-- loadConfig -->
        <test-method is-config="true" signature="beforeTest()[pri:0, instance:com.marina.tests.Mod_2_SpaceTypes@53fdffa1]" started-at="2023-10-31T00:22:38 PDT" name="beforeTest" finished-at="2023-10-31T00:23:32 PDT" duration-ms="53808" status="PASS">
          <reporter-output>
          </reporter-output>
        </test-method> <!-- beforeTest -->
        <test-method signature="multipleUsersWithMutlipleSelections_TC_203()[pri:4, instance:com.marina.tests.Mod_2_SpaceTypes@53fdffa1]" started-at="2023-10-31T00:23:32 PDT" name="multipleUsersWithMutlipleSelections_TC_203" finished-at="2023-10-31T00:32:09 PDT" duration-ms="517301" status="FAIL">
          <exception class="org.openqa.selenium.ElementNotInteractableException">
            <message>
              <![CDATA[element not interactable
  (Session info: chrome=118.0.5993.118)
Build info: version: '4.13.0', revision: 'ba948ece5b*'
System info: os.name: 'Windows 10', os.arch: 'amd64', os.version: '10.0', java.version: '17.0.8'
Driver info: org.openqa.selenium.chrome.ChromeDriver
Command: [f4ff60db9e4806bb455a120e8ae7180d, clickElement {id=34C86D9392D5F0BD1F59BE2EC6C37A25_element_320}]
Capabilities {acceptInsecureCerts: false, browserName: chrome, browserVersion: 118.0.5993.118, chrome: {chromedriverVersion: 118.0.5993.70 (e52f33f30b91..., userDataDir: C:\Users\TALHAT~1\AppData\L...}, fedcm:accounts: true, goog:chromeOptions: {debuggerAddress: localhost:59596}, networkConnectionEnabled: false, pageLoadStrategy: normal, platformName: windows, proxy: Proxy(), se:cdp: ws://localhost:59596/devtoo..., se:cdpVersion: 118.0.5993.118, setWindowRect: true, strictFileInteractability: false, timeouts: {implicit: 0, pageLoad: 300000, script: 30000}, unhandledPromptBehavior: dismiss and notify, webauthn:extension:credBlob: true, webauthn:extension:largeBlob: true, webauthn:extension:minPinLength: true, webauthn:extension:prf: true, webauthn:virtualAuthenticators: true}
Element: [[ChromeDriver: chrome on windows (f4ff60db9e4806bb455a120e8ae7180d)] -> xpath: //select[@name='boats']]
Session ID: f4ff60db9e4806bb455a120e8ae7180d]]>
            </message>
            <full-stacktrace>
              <![CDATA[org.openqa.selenium.ElementNotInteractableException: element not interactable
  (Session info: chrome=118.0.5993.118)
Build info: version: '4.13.0', revision: 'ba948ece5b*'
System info: os.name: 'Windows 10', os.arch: 'amd64', os.version: '10.0', java.version: '17.0.8'
Driver info: org.openqa.selenium.chrome.ChromeDriver
Command: [f4ff60db9e4806bb455a120e8ae7180d, clickElement {id=34C86D9392D5F0BD1F59BE2EC6C37A25_element_320}]
Capabilities {acceptInsecureCerts: false, browserName: chrome, browserVersion: 118.0.5993.118, chrome: {chromedriverVersion: 118.0.5993.70 (e52f33f30b91..., userDataDir: C:\Users\TALHAT~1\AppData\L...}, fedcm:accounts: true, goog:chromeOptions: {debuggerAddress: localhost:59596}, networkConnectionEnabled: false, pageLoadStrategy: normal, platformName: windows, proxy: Proxy(), se:cdp: ws://localhost:59596/devtoo..., se:cdpVersion: 118.0.5993.118, setWindowRect: true, strictFileInteractability: false, timeouts: {implicit: 0, pageLoad: 300000, script: 30000}, unhandledPromptBehavior: dismiss and notify, webauthn:extension:credBlob: true, webauthn:extension:largeBlob: true, webauthn:extension:minPinLength: true, webauthn:extension:prf: true, webauthn:virtualAuthenticators: true}
Element: [[ChromeDriver: chrome on windows (f4ff60db9e4806bb455a120e8ae7180d)] -> xpath: //select[@name='boats']]
Session ID: f4ff60db9e4806bb455a120e8ae7180d
at java.base/jdk.internal.reflect.NativeConstructorAccessorImpl.newInstance0(Native Method)
at java.base/jdk.internal.reflect.NativeConstructorAccessorImpl.newInstance(NativeConstructorAccessorImpl.java:77)
at java.base/jdk.internal.reflect.DelegatingConstructorAccessorImpl.newInstance(DelegatingConstructorAccessorImpl.java:45)
at java.base/java.lang.reflect.Constructor.newInstanceWithCaller(Constructor.java:499)
at java.base/java.lang.reflect.Constructor.newInstance(Constructor.java:480)
at org.openqa.selenium.remote.codec.w3c.W3CHttpResponseCodec.createException(W3CHttpResponseCodec.java:200)
at org.openqa.selenium.remote.codec.w3c.W3CHttpResponseCodec.decode(W3CHttpResponseCodec.java:133)
at org.openqa.selenium.remote.codec.w3c.W3CHttpResponseCodec.decode(W3CHttpResponseCodec.java:52)
at org.openqa.selenium.remote.HttpCommandExecutor.execute(HttpCommandExecutor.java:191)
at org.openqa.selenium.remote.service.DriverCommandExecutor.invokeExecute(DriverCommandExecutor.java:196)
at org.openqa.selenium.remote.service.DriverCommandExecutor.execute(DriverCommandExecutor.java:171)
at org.openqa.selenium.remote.RemoteWebDriver.execute(RemoteWebDriver.java:602)
at org.openqa.selenium.remote.RemoteWebElement.execute(RemoteWebElement.java:224)
at org.openqa.selenium.remote.RemoteWebElement.click(RemoteWebElement.java:77)
at jdk.internal.reflect.GeneratedMethodAccessor3.invoke(Unknown Source)
at java.base/jdk.internal.reflect.DelegatingMethodAccessorImpl.invoke(DelegatingMethodAccessorImpl.java:43)
at java.base/java.lang.reflect.Method.invoke(Method.java:568)
at org.openqa.selenium.support.pagefactory.internal.LocatingElementHandler.invoke(LocatingElementHandler.java:51)
at jdk.proxy2/jdk.proxy2.$Proxy21.click(Unknown Source)
at com.marina.pages.SpaceTypesAddTypesPage.addingNewSpace(SpaceTypesAddTypesPage.java:163)
at com.marina.tests.Mod_2_SpaceTypes.multipleUsersWithMutlipleSelections_TC_203(Mod_2_SpaceTypes.java:96)
at java.base/jdk.internal.reflect.NativeMethodAccessorImpl.invoke0(Native Method)
at java.base/jdk.internal.reflect.NativeMethodAccessorImpl.invoke(NativeMethodAccessorImpl.java:77)
at java.base/jdk.internal.reflect.DelegatingMethodAccessorImpl.invoke(DelegatingMethodAccessorImpl.java:43)
at java.base/java.lang.reflect.Method.invoke(Method.java:568)
at org.testng.internal.MethodInvocationHelper.invokeMethod(MethodInvocationHelper.java:134)
at org.testng.internal.TestInvoker.invokeMethod(TestInvoker.java:597)
at org.testng.internal.TestInvoker.invokeTestMethod(TestInvoker.java:173)
at org.testng.internal.MethodRunner.runInSequence(MethodRunner.java:46)
at org.testng.internal.TestInvoker$MethodInvocationAgent.invoke(TestInvoker.java:816)
at org.testng.internal.TestInvoker.invokeTestMethods(TestInvoker.java:146)
at org.testng.internal.TestMethodWorker.invokeTestMethods(TestMethodWorker.java:146)
at org.testng.internal.TestMethodWorker.run(TestMethodWorker.java:128)
at java.base/java.util.ArrayList.forEach(ArrayList.java:1511)
at org.testng.TestRunner.privateRun(TestRunner.java:766)
at org.testng.TestRunner.run(TestRunner.java:587)
at org.testng.SuiteRunner.runTest(SuiteRunner.java:384)
at org.testng.SuiteRunner.runSequentially(SuiteRunner.java:378)
at org.testng.SuiteRunner.privateRun(SuiteRunner.java:337)
at org.testng.SuiteRunner.run(SuiteRunner.java:286)
at org.testng.SuiteRunnerWorker.runSuite(SuiteRunnerWorker.java:53)
at org.testng.SuiteRunnerWorker.run(SuiteRunnerWorker.java:96)
at org.testng.TestNG.runSuitesSequentially(TestNG.java:1187)
at org.testng.TestNG.runSuitesLocally(TestNG.java:1109)
at org.testng.TestNG.runSuites(TestNG.java:1039)
at org.testng.TestNG.run(TestNG.java:1007)
at org.testng.remote.AbstractRemoteTestNG.run(AbstractRemoteTestNG.java:115)
at org.testng.remote.RemoteTestNG.initAndRun(RemoteTestNG.java:251)
at org.testng.remote.RemoteTestNG.main(RemoteTestNG.java:77)
]]>
            </full-stacktrace>
          </exception> <!-- org.openqa.selenium.ElementNotInteractableException -->
          <reporter-output>
          </reporter-output>
        </test-method> <!-- multipleUsersWithMutlipleSelections_TC_203 -->
        <test-method is-config="true" signature="afterTest()[pri:0, instance:com.marina.tests.Mod_2_SpaceTypes@53fdffa1]" started-at="2023-10-31T00:32:09 PDT" name="afterTest" finished-at="2023-10-31T00:32:18 PDT" duration-ms="9021" status="PASS">
          <reporter-output>
          </reporter-output>
        </test-method> <!-- afterTest -->
        <test-method is-config="true" signature="afterSuite()[pri:0, instance:com.marina.tests.Mod_2_SpaceTypes@53fdffa1]" started-at="2023-10-31T00:32:18 PDT" name="afterSuite" finished-at="2023-10-31T00:32:19 PDT" duration-ms="525" status="PASS">
          <reporter-output>
          </reporter-output>
        </test-method> <!-- afterSuite -->
      </class> <!-- com.marina.tests.Mod_2_SpaceTypes -->
    </test> <!-- Default test -->
  </suite> <!-- Default suite -->
</testng-results>
