<?xml version="1.0" encoding="UTF-8"?>
<testng-results skipped="0" failed="1" ignored="0" total="11" passed="10">
  <reporter-output>
  </reporter-output>
  <suite name="Suite" duration-ms="432305" started-at="2023-11-06T17:56:08 PKT" finished-at="2023-11-06T18:03:21 PKT">
    <groups>
      <group name="regression,sanity,smoke">
        <method signature="Mod_6_BoatGroup.verifyBoatGroupPageOpens_TC_1001()[pri:1, instance:com.marina.tests.Mod_6_BoatGroup@4a87761d]" name="verifyBoatGroupPageOpens_TC_1001" class="com.marina.tests.Mod_6_BoatGroup"/>
        <method signature="Mod_6_BoatGroup.addBoatGroupMandatoryFields_TC_1002()[pri:2, instance:com.marina.tests.Mod_6_BoatGroup@4a87761d]" name="addBoatGroupMandatoryFields_TC_1002" class="com.marina.tests.Mod_6_BoatGroup"/>
        <method signature="Mod_6_BoatGroup.addBoatGroupAllFields_TC_1003()[pri:3, instance:com.marina.tests.Mod_6_BoatGroup@4a87761d]" name="addBoatGroupAllFields_TC_1003" class="com.marina.tests.Mod_6_BoatGroup"/>
        <method signature="Mod_6_BoatGroup.addBoatMainPage_TC_1007()[pri:7, instance:com.marina.tests.Mod_6_BoatGroup@4a87761d]" name="addBoatMainPage_TC_1007" class="com.marina.tests.Mod_6_BoatGroup"/>
        <method signature="Mod_6_BoatGroup.editBoatGroupVerifyData_TC_1008()[pri:8, instance:com.marina.tests.Mod_6_BoatGroup@4a87761d]" name="editBoatGroupVerifyData_TC_1008" class="com.marina.tests.Mod_6_BoatGroup"/>
        <method signature="Mod_6_BoatGroup.generatingMultipleAddRequest_TC_1009()[pri:9, instance:com.marina.tests.Mod_6_BoatGroup@4a87761d]" name="generatingMultipleAddRequest_TC_1009" class="com.marina.tests.Mod_6_BoatGroup"/>
        <method signature="Mod_6_BoatGroup.searchBoatGroup_TC_1004()[pri:4, instance:com.marina.tests.Mod_6_BoatGroup@4a87761d]" name="searchBoatGroup_TC_1004" class="com.marina.tests.Mod_6_BoatGroup"/>
        <method signature="Mod_6_BoatGroup.verifyCopyFunctionBoatGroup_TC_1010()[pri:10, instance:com.marina.tests.Mod_6_BoatGroup@4a87761d]" name="verifyCopyFunctionBoatGroup_TC_1010" class="com.marina.tests.Mod_6_BoatGroup"/>
        <method signature="Mod_6_BoatGroup.deleteBoatGroups_TC_1011()[pri:11, instance:com.marina.tests.Mod_6_BoatGroup@4a87761d]" name="deleteBoatGroups_TC_1011" class="com.marina.tests.Mod_6_BoatGroup"/>
        <method signature="Mod_6_BoatGroup.viewPageNewBoatAdd_TC_1006()[pri:6, instance:com.marina.tests.Mod_6_BoatGroup@4a87761d]" name="viewPageNewBoatAdd_TC_1006" class="com.marina.tests.Mod_6_BoatGroup"/>
        <method signature="Mod_6_BoatGroup.viewSavedDataBoatGroup_TC_1005()[pri:5, instance:com.marina.tests.Mod_6_BoatGroup@4a87761d]" name="viewSavedDataBoatGroup_TC_1005" class="com.marina.tests.Mod_6_BoatGroup"/>
      </group> <!-- regression,sanity,smoke -->
    </groups>
    <test name="test" duration-ms="432305" started-at="2023-11-06T17:56:08 PKT" finished-at="2023-11-06T18:03:21 PKT">
      <class name="com.marina.tests.Mod_6_BoatGroup">
        <test-method status="PASS" signature="loadConfig()[pri:0, instance:com.marina.tests.Mod_6_BoatGroup@4a87761d]" name="loadConfig" is-config="true" duration-ms="221" started-at="2023-11-06T17:56:08 PKT" finished-at="2023-11-06T17:56:08 PKT">
          <reporter-output>
          </reporter-output>
        </test-method> <!-- loadConfig -->
        <test-method status="PASS" signature="beforeMethod()[pri:0, instance:com.marina.tests.Mod_6_BoatGroup@4a87761d]" name="beforeMethod" is-config="true" duration-ms="25823" started-at="2023-11-06T17:56:08 PKT" finished-at="2023-11-06T17:56:34 PKT">
          <reporter-output>
          </reporter-output>
        </test-method> <!-- beforeMethod -->
        <test-method status="PASS" signature="verifyBoatGroupPageOpens_TC_1001()[pri:1, instance:com.marina.tests.Mod_6_BoatGroup@4a87761d]" name="verifyBoatGroupPageOpens_TC_1001" duration-ms="63" started-at="2023-11-06T17:56:34 PKT" description="Check Boat Group Page Gets Open" finished-at="2023-11-06T17:56:34 PKT">
          <reporter-output>
          </reporter-output>
        </test-method> <!-- verifyBoatGroupPageOpens_TC_1001 -->
        <test-method status="PASS" signature="afterMethod()[pri:0, instance:com.marina.tests.Mod_6_BoatGroup@4a87761d]" name="afterMethod" is-config="true" duration-ms="2548" started-at="2023-11-06T17:56:34 PKT" finished-at="2023-11-06T17:56:37 PKT">
          <reporter-output>
          </reporter-output>
        </test-method> <!-- afterMethod -->
        <test-method status="PASS" signature="beforeMethod()[pri:0, instance:com.marina.tests.Mod_6_BoatGroup@4a87761d]" name="beforeMethod" is-config="true" duration-ms="23704" started-at="2023-11-06T17:56:37 PKT" finished-at="2023-11-06T17:57:00 PKT">
          <reporter-output>
          </reporter-output>
        </test-method> <!-- beforeMethod -->
        <test-method status="PASS" signature="addBoatGroupMandatoryFields_TC_1002()[pri:2, instance:com.marina.tests.Mod_6_BoatGroup@4a87761d]" name="addBoatGroupMandatoryFields_TC_1002" duration-ms="4666" started-at="2023-11-06T17:57:00 PKT" description="Add Boat Group With Mandatory Fields" depends-on-methods="com.marina.tests.Mod_6_BoatGroup.verifyBoatGroupPageOpens_TC_1001" finished-at="2023-11-06T17:57:05 PKT">
          <reporter-output>
          </reporter-output>
        </test-method> <!-- addBoatGroupMandatoryFields_TC_1002 -->
        <test-method status="PASS" signature="afterMethod()[pri:0, instance:com.marina.tests.Mod_6_BoatGroup@4a87761d]" name="afterMethod" is-config="true" duration-ms="4144" started-at="2023-11-06T17:57:05 PKT" finished-at="2023-11-06T17:57:09 PKT">
          <reporter-output>
          </reporter-output>
        </test-method> <!-- afterMethod -->
        <test-method status="PASS" signature="beforeMethod()[pri:0, instance:com.marina.tests.Mod_6_BoatGroup@4a87761d]" name="beforeMethod" is-config="true" duration-ms="26238" started-at="2023-11-06T17:57:09 PKT" finished-at="2023-11-06T17:57:36 PKT">
          <reporter-output>
          </reporter-output>
        </test-method> <!-- beforeMethod -->
        <test-method status="PASS" signature="addBoatGroupAllFields_TC_1003()[pri:3, instance:com.marina.tests.Mod_6_BoatGroup@4a87761d]" name="addBoatGroupAllFields_TC_1003" duration-ms="5065" started-at="2023-11-06T17:57:36 PKT" description="Add Boat Group With All Fields" depends-on-methods="com.marina.tests.Mod_6_BoatGroup.addBoatGroupMandatoryFields_TC_1002" finished-at="2023-11-06T17:57:41 PKT">
          <reporter-output>
          </reporter-output>
        </test-method> <!-- addBoatGroupAllFields_TC_1003 -->
        <test-method status="PASS" signature="afterMethod()[pri:0, instance:com.marina.tests.Mod_6_BoatGroup@4a87761d]" name="afterMethod" is-config="true" duration-ms="2929" started-at="2023-11-06T17:57:41 PKT" finished-at="2023-11-06T17:57:44 PKT">
          <reporter-output>
          </reporter-output>
        </test-method> <!-- afterMethod -->
        <test-method status="PASS" signature="beforeMethod()[pri:0, instance:com.marina.tests.Mod_6_BoatGroup@4a87761d]" name="beforeMethod" is-config="true" duration-ms="25810" started-at="2023-11-06T17:57:44 PKT" finished-at="2023-11-06T17:58:09 PKT">
          <reporter-output>
          </reporter-output>
        </test-method> <!-- beforeMethod -->
        <test-method status="PASS" signature="searchBoatGroup_TC_1004()[pri:4, instance:com.marina.tests.Mod_6_BoatGroup@4a87761d]" name="searchBoatGroup_TC_1004" duration-ms="1153" started-at="2023-11-06T17:58:09 PKT" description="Search Specific Boat Group" depends-on-methods="com.marina.tests.Mod_6_BoatGroup.addBoatGroupAllFields_TC_1003" finished-at="2023-11-06T17:58:11 PKT">
          <reporter-output>
          </reporter-output>
        </test-method> <!-- searchBoatGroup_TC_1004 -->
        <test-method status="PASS" signature="afterMethod()[pri:0, instance:com.marina.tests.Mod_6_BoatGroup@4a87761d]" name="afterMethod" is-config="true" duration-ms="4170" started-at="2023-11-06T17:58:11 PKT" finished-at="2023-11-06T17:58:15 PKT">
          <reporter-output>
          </reporter-output>
        </test-method> <!-- afterMethod -->
        <test-method status="PASS" signature="beforeMethod()[pri:0, instance:com.marina.tests.Mod_6_BoatGroup@4a87761d]" name="beforeMethod" is-config="true" duration-ms="22985" started-at="2023-11-06T17:58:15 PKT" finished-at="2023-11-06T17:58:38 PKT">
          <reporter-output>
          </reporter-output>
        </test-method> <!-- beforeMethod -->
        <test-method status="PASS" signature="viewSavedDataBoatGroup_TC_1005()[pri:5, instance:com.marina.tests.Mod_6_BoatGroup@4a87761d]" name="viewSavedDataBoatGroup_TC_1005" duration-ms="3193" started-at="2023-11-06T17:58:38 PKT" description="Verify All The Saved Information Of Boat Group On View Page" depends-on-methods="com.marina.tests.Mod_6_BoatGroup.addBoatGroupAllFields_TC_1003" finished-at="2023-11-06T17:58:41 PKT">
          <reporter-output>
          </reporter-output>
        </test-method> <!-- viewSavedDataBoatGroup_TC_1005 -->
        <test-method status="PASS" signature="afterMethod()[pri:0, instance:com.marina.tests.Mod_6_BoatGroup@4a87761d]" name="afterMethod" is-config="true" duration-ms="2736" started-at="2023-11-06T17:58:41 PKT" finished-at="2023-11-06T17:58:44 PKT">
          <reporter-output>
          </reporter-output>
        </test-method> <!-- afterMethod -->
        <test-method status="PASS" signature="beforeMethod()[pri:0, instance:com.marina.tests.Mod_6_BoatGroup@4a87761d]" name="beforeMethod" is-config="true" duration-ms="23797" started-at="2023-11-06T17:58:44 PKT" finished-at="2023-11-06T17:59:07 PKT">
          <reporter-output>
          </reporter-output>
        </test-method> <!-- beforeMethod -->
        <test-method status="PASS" signature="viewPageNewBoatAdd_TC_1006()[pri:6, instance:com.marina.tests.Mod_6_BoatGroup@4a87761d]" name="viewPageNewBoatAdd_TC_1006" duration-ms="13700" started-at="2023-11-06T17:59:07 PKT" description="Add New Boat From View Page Of Boat Group" depends-on-methods="com.marina.tests.Mod_6_BoatGroup.addBoatGroupAllFields_TC_1003" finished-at="2023-11-06T17:59:21 PKT">
          <reporter-output>
          </reporter-output>
        </test-method> <!-- viewPageNewBoatAdd_TC_1006 -->
        <test-method status="PASS" signature="afterMethod()[pri:0, instance:com.marina.tests.Mod_6_BoatGroup@4a87761d]" name="afterMethod" is-config="true" duration-ms="2413" started-at="2023-11-06T17:59:21 PKT" finished-at="2023-11-06T17:59:24 PKT">
          <reporter-output>
          </reporter-output>
        </test-method> <!-- afterMethod -->
        <test-method status="PASS" signature="beforeMethod()[pri:0, instance:com.marina.tests.Mod_6_BoatGroup@4a87761d]" name="beforeMethod" is-config="true" duration-ms="33473" started-at="2023-11-06T17:59:24 PKT" finished-at="2023-11-06T17:59:57 PKT">
          <reporter-output>
          </reporter-output>
        </test-method> <!-- beforeMethod -->
        <test-method status="PASS" signature="addBoatMainPage_TC_1007()[pri:7, instance:com.marina.tests.Mod_6_BoatGroup@4a87761d]" name="addBoatMainPage_TC_1007" duration-ms="6092" started-at="2023-11-06T17:59:57 PKT" description="Add New Boat From Main Boat Group Page" depends-on-methods="com.marina.tests.Mod_6_BoatGroup.addBoatGroupAllFields_TC_1003" finished-at="2023-11-06T18:00:03 PKT">
          <reporter-output>
          </reporter-output>
        </test-method> <!-- addBoatMainPage_TC_1007 -->
        <test-method status="PASS" signature="afterMethod()[pri:0, instance:com.marina.tests.Mod_6_BoatGroup@4a87761d]" name="afterMethod" is-config="true" duration-ms="2223" started-at="2023-11-06T18:00:03 PKT" finished-at="2023-11-06T18:00:05 PKT">
          <reporter-output>
          </reporter-output>
        </test-method> <!-- afterMethod -->
        <test-method status="PASS" signature="beforeMethod()[pri:0, instance:com.marina.tests.Mod_6_BoatGroup@4a87761d]" name="beforeMethod" is-config="true" duration-ms="23688" started-at="2023-11-06T18:00:05 PKT" finished-at="2023-11-06T18:00:29 PKT">
          <reporter-output>
          </reporter-output>
        </test-method> <!-- beforeMethod -->
        <test-method status="PASS" signature="editBoatGroupVerifyData_TC_1008()[pri:8, instance:com.marina.tests.Mod_6_BoatGroup@4a87761d]" name="editBoatGroupVerifyData_TC_1008" duration-ms="13730" started-at="2023-11-06T18:00:29 PKT" description="Edit Specific Boat Group &amp; Verify Its Data" depends-on-methods="com.marina.tests.Mod_6_BoatGroup.addBoatGroupAllFields_TC_1003" finished-at="2023-11-06T18:00:43 PKT">
          <reporter-output>
          </reporter-output>
        </test-method> <!-- editBoatGroupVerifyData_TC_1008 -->
        <test-method status="PASS" signature="afterMethod()[pri:0, instance:com.marina.tests.Mod_6_BoatGroup@4a87761d]" name="afterMethod" is-config="true" duration-ms="2858" started-at="2023-11-06T18:00:43 PKT" finished-at="2023-11-06T18:00:46 PKT">
          <reporter-output>
          </reporter-output>
        </test-method> <!-- afterMethod -->
        <test-method status="PASS" signature="beforeMethod()[pri:0, instance:com.marina.tests.Mod_6_BoatGroup@4a87761d]" name="beforeMethod" is-config="true" duration-ms="25742" started-at="2023-11-06T18:00:46 PKT" finished-at="2023-11-06T18:01:11 PKT">
          <reporter-output>
          </reporter-output>
        </test-method> <!-- beforeMethod -->
        <test-method status="FAIL" signature="generatingMultipleAddRequest_TC_1009()[pri:9, instance:com.marina.tests.Mod_6_BoatGroup@4a87761d]" name="generatingMultipleAddRequest_TC_1009" duration-ms="24016" started-at="2023-11-06T18:01:11 PKT" description="Check If Multiple Groups Generating While Clicking Add Button Multiple Times" depends-on-methods="com.marina.tests.Mod_6_BoatGroup.addBoatGroupAllFields_TC_1003" finished-at="2023-11-06T18:01:35 PKT">
          <exception class="java.lang.AssertionError">
            <message>
              <![CDATA[expected [1] but found [3]]]>
            </message>
            <full-stacktrace>
              <![CDATA[java.lang.AssertionError: expected [1] but found [3]
at org.testng.Assert.fail(Assert.java:97)
at org.testng.Assert.assertEqualsImpl(Assert.java:136)
at org.testng.Assert.assertEquals(Assert.java:118)
at org.testng.Assert.assertEquals(Assert.java:839)
at org.testng.Assert.assertEquals(Assert.java:849)
at com.marina.tests.Mod_6_BoatGroup.generatingMultipleAddRequest_TC_1009(Mod_6_BoatGroup.java:166)
at sun.reflect.NativeMethodAccessorImpl.invoke0(Native Method)
at sun.reflect.NativeMethodAccessorImpl.invoke(NativeMethodAccessorImpl.java:62)
at sun.reflect.DelegatingMethodAccessorImpl.invoke(DelegatingMethodAccessorImpl.java:43)
at java.lang.reflect.Method.invoke(Method.java:498)
at org.testng.internal.MethodInvocationHelper.invokeMethod(MethodInvocationHelper.java:134)
at org.testng.internal.TestInvoker.invokeMethod(TestInvoker.java:597)
at org.testng.internal.TestInvoker.invokeTestMethod(TestInvoker.java:173)
at org.testng.internal.MethodRunner.runInSequence(MethodRunner.java:46)
at org.testng.internal.TestInvoker$MethodInvocationAgent.invoke(TestInvoker.java:816)
at org.testng.internal.TestInvoker.invokeTestMethods(TestInvoker.java:146)
at org.testng.internal.TestMethodWorker.invokeTestMethods(TestMethodWorker.java:146)
at org.testng.internal.TestMethodWorker.run(TestMethodWorker.java:128)
at java.util.concurrent.ThreadPoolExecutor.runWorker(ThreadPoolExecutor.java:1149)
at java.util.concurrent.ThreadPoolExecutor$Worker.run(ThreadPoolExecutor.java:624)
at java.lang.Thread.run(Thread.java:748)
]]>
            </full-stacktrace>
          </exception> <!-- java.lang.AssertionError -->
          <reporter-output>
          </reporter-output>
        </test-method> <!-- generatingMultipleAddRequest_TC_1009 -->
        <test-method status="PASS" signature="afterMethod()[pri:0, instance:com.marina.tests.Mod_6_BoatGroup@4a87761d]" name="afterMethod" is-config="true" duration-ms="2658" started-at="2023-11-06T18:01:35 PKT" finished-at="2023-11-06T18:01:38 PKT">
          <reporter-output>
          </reporter-output>
        </test-method> <!-- afterMethod -->
        <test-method status="PASS" signature="beforeMethod()[pri:0, instance:com.marina.tests.Mod_6_BoatGroup@4a87761d]" name="beforeMethod" is-config="true" duration-ms="24103" started-at="2023-11-06T18:01:38 PKT" finished-at="2023-11-06T18:02:02 PKT">
          <reporter-output>
          </reporter-output>
        </test-method> <!-- beforeMethod -->
        <test-method status="PASS" signature="verifyCopyFunctionBoatGroup_TC_1010()[pri:10, instance:com.marina.tests.Mod_6_BoatGroup@4a87761d]" name="verifyCopyFunctionBoatGroup_TC_1010" duration-ms="9476" started-at="2023-11-06T18:02:02 PKT" description="Check &amp; Verify The Copy Functionality Of Boat Group" depends-on-methods="com.marina.tests.Mod_6_BoatGroup.editBoatGroupVerifyData_TC_1008" finished-at="2023-11-06T18:02:12 PKT">
          <reporter-output>
          </reporter-output>
        </test-method> <!-- verifyCopyFunctionBoatGroup_TC_1010 -->
        <test-method status="PASS" signature="afterMethod()[pri:0, instance:com.marina.tests.Mod_6_BoatGroup@4a87761d]" name="afterMethod" is-config="true" duration-ms="3736" started-at="2023-11-06T18:02:12 PKT" finished-at="2023-11-06T18:02:15 PKT">
          <reporter-output>
          </reporter-output>
        </test-method> <!-- afterMethod -->
        <test-method status="PASS" signature="beforeMethod()[pri:0, instance:com.marina.tests.Mod_6_BoatGroup@4a87761d]" name="beforeMethod" is-config="true" duration-ms="23625" started-at="2023-11-06T18:02:15 PKT" finished-at="2023-11-06T18:02:39 PKT">
          <reporter-output>
          </reporter-output>
        </test-method> <!-- beforeMethod -->
        <test-method status="PASS" signature="deleteBoatGroups_TC_1011()[pri:11, instance:com.marina.tests.Mod_6_BoatGroup@4a87761d]" name="deleteBoatGroups_TC_1011" duration-ms="38488" started-at="2023-11-06T18:02:39 PKT" description="Check Delete Boat Group Functionality" depends-on-methods="com.marina.tests.Mod_6_BoatGroup.verifyCopyFunctionBoatGroup_TC_1010" finished-at="2023-11-06T18:03:18 PKT">
          <reporter-output>
          </reporter-output>
        </test-method> <!-- deleteBoatGroups_TC_1011 -->
        <test-method status="PASS" signature="afterMethod()[pri:0, instance:com.marina.tests.Mod_6_BoatGroup@4a87761d]" name="afterMethod" is-config="true" duration-ms="3058" started-at="2023-11-06T18:03:18 PKT" finished-at="2023-11-06T18:03:21 PKT">
          <reporter-output>
          </reporter-output>
        </test-method> <!-- afterMethod -->
        <test-method status="PASS" signature="afterSuite()[pri:0, instance:com.marina.tests.Mod_6_BoatGroup@4a87761d]" name="afterSuite" is-config="true" duration-ms="309" started-at="2023-11-06T18:03:21 PKT" finished-at="2023-11-06T18:03:21 PKT">
          <reporter-output>
          </reporter-output>
        </test-method> <!-- afterSuite -->
      </class> <!-- com.marina.tests.Mod_6_BoatGroup -->
    </test> <!-- test -->
  </suite> <!-- Suite -->
</testng-results>
