<?xml version="1.0" encoding="UTF-8"?>
<testng-results ignored="0" total="1" passed="1" failed="0" skipped="0">
  <reporter-output>
  </reporter-output>
  <suite started-at="2023-11-29T05:33:22 PST" name="Default suite" finished-at="2023-11-29T05:34:05 PST" duration-ms="42697">
    <groups>
      <group name="regression">
        <method signature="Mod_7_RatesStorage.dd_record_without_holiday_TC_1105()[pri:5, instance:com.marina.tests.Mod_7_RatesStorage@7fee8714]" name="dd_record_without_holiday_TC_1105" class="com.marina.tests.Mod_7_RatesStorage"/>
      </group> <!-- regression -->
      <group name="smoke">
        <method signature="Mod_7_RatesStorage.dd_record_without_holiday_TC_1105()[pri:5, instance:com.marina.tests.Mod_7_RatesStorage@7fee8714]" name="dd_record_without_holiday_TC_1105" class="com.marina.tests.Mod_7_RatesStorage"/>
      </group> <!-- smoke -->
    </groups>
    <test started-at="2023-11-29T05:33:22 PST" name="Default test" finished-at="2023-11-29T05:34:05 PST" duration-ms="42697">
      <class name="com.marina.tests.Mod_7_RatesStorage">
        <test-method is-config="true" signature="loadConfig()[pri:0, instance:com.marina.tests.Mod_7_RatesStorage@7fee8714]" started-at="2023-11-29T05:33:21 PST" name="loadConfig" finished-at="2023-11-29T05:33:22 PST" duration-ms="431" status="PASS">
          <reporter-output>
          </reporter-output>
        </test-method> <!-- loadConfig -->
        <test-method is-config="true" signature="beforeTest()[pri:0, instance:com.marina.tests.Mod_7_RatesStorage@7fee8714]" started-at="2023-11-29T05:33:22 PST" name="beforeTest" finished-at="2023-11-29T05:33:42 PST" duration-ms="19856" status="PASS">
          <reporter-output>
          </reporter-output>
        </test-method> <!-- beforeTest -->
        <test-method signature="dd_record_without_holiday_TC_1105()[pri:5, instance:com.marina.tests.Mod_7_RatesStorage@7fee8714]" started-at="2023-11-29T05:33:42 PST" name="dd_record_without_holiday_TC_1105" description="Create Nightly rate group with single row and without holiday" finished-at="2023-11-29T05:34:00 PST" duration-ms="18554" status="PASS">
          <reporter-output>
          </reporter-output>
        </test-method> <!-- dd_record_without_holiday_TC_1105 -->
        <test-method is-config="true" signature="afterTest()[pri:0, instance:com.marina.tests.Mod_7_RatesStorage@7fee8714]" started-at="2023-11-29T05:34:00 PST" name="afterTest" finished-at="2023-11-29T05:34:05 PST" duration-ms="4253" status="PASS">
          <reporter-output>
          </reporter-output>
        </test-method> <!-- afterTest -->
        <test-method is-config="true" signature="afterSuite()[pri:0, instance:com.marina.tests.Mod_7_RatesStorage@7fee8714]" started-at="2023-11-29T05:34:05 PST" name="afterSuite" finished-at="2023-11-29T05:34:05 PST" duration-ms="350" status="PASS">
          <reporter-output>
          </reporter-output>
        </test-method> <!-- afterSuite -->
      </class> <!-- com.marina.tests.Mod_7_RatesStorage -->
    </test> <!-- Default test -->
  </suite> <!-- Default suite -->
</testng-results>
