<?xml version="1.0" encoding="UTF-8"?>
<testng-results ignored="0" total="1" passed="0" failed="1" skipped="0">
  <reporter-output>
  </reporter-output>
  <suite started-at="2023-11-23T05:45:32 PST" name="Default suite" finished-at="2023-11-23T05:46:16 PST" duration-ms="44295">
    <groups>
      <group name="regression">
        <method signature="Mod_7_RatesStorage.createGroup_verifyGroup_TC_1101()[pri:1, instance:com.marina.tests.Mod_7_RatesStorage@56cdfb3b]" name="createGroup_verifyGroup_TC_1101" class="com.marina.tests.Mod_7_RatesStorage"/>
      </group> <!-- regression -->
      <group name="smoke">
        <method signature="Mod_7_RatesStorage.createGroup_verifyGroup_TC_1101()[pri:1, instance:com.marina.tests.Mod_7_RatesStorage@56cdfb3b]" name="createGroup_verifyGroup_TC_1101" class="com.marina.tests.Mod_7_RatesStorage"/>
      </group> <!-- smoke -->
    </groups>
    <test started-at="2023-11-23T05:45:32 PST" name="Default test" finished-at="2023-11-23T05:46:16 PST" duration-ms="44295">
      <class name="com.marina.tests.Mod_7_RatesStorage">
        <test-method is-config="true" signature="loadConfig()[pri:0, instance:com.marina.tests.Mod_7_RatesStorage@56cdfb3b]" started-at="2023-11-23T05:45:32 PST" name="loadConfig" finished-at="2023-11-23T05:45:32 PST" duration-ms="441" status="PASS">
          <reporter-output>
          </reporter-output>
        </test-method> <!-- loadConfig -->
        <test-method is-config="true" signature="beforeTest()[pri:0, instance:com.marina.tests.Mod_7_RatesStorage@56cdfb3b]" started-at="2023-11-23T05:45:32 PST" name="beforeTest" finished-at="2023-11-23T05:45:51 PST" duration-ms="18988" status="PASS">
          <reporter-output>
          </reporter-output>
        </test-method> <!-- beforeTest -->
        <test-method signature="createGroup_verifyGroup_TC_1101()[pri:1, instance:com.marina.tests.Mod_7_RatesStorage@56cdfb3b]" started-at="2023-11-23T05:45:51 PST" name="createGroup_verifyGroup_TC_1101" description="Creating Rate Group from Space Type, check rate group should be available" finished-at="2023-11-23T05:46:06 PST" duration-ms="14795" status="FAIL">
          <exception class="org.openqa.selenium.ElementClickInterceptedException">
            <message>
              <![CDATA[element click intercepted: Element <button type="button" class="btn btn-secondary" data-bs-dismiss="modal" autocomplete="off">...</button> is not clickable at point (926, 701). Other element would receive the click: <div class="preloader">...</div>
  (Session info: chrome=119.0.6045.160)
Build info: version: '4.13.0', revision: 'ba948ece5b*'
System info: os.name: 'Windows 10', os.arch: 'amd64', os.version: '10.0', java.version: '17.0.9'
Driver info: org.openqa.selenium.chrome.ChromeDriver
Command: [1e50443a423ebf6f8504258ced7a5374, clickElement {id=F677FDE8C675B25BEADEDB97BC70D063_element_310}]
Capabilities {acceptInsecureCerts: false, browserName: chrome, browserVersion: 119.0.6045.160, chrome: {chromedriverVersion: 119.0.6045.105 (38c72552c5e..., userDataDir: C:\Users\TALHA~1.TAH\AppDat...}, fedcm:accounts: true, goog:chromeOptions: {debuggerAddress: localhost:64627}, networkConnectionEnabled: false, pageLoadStrategy: normal, platformName: windows, proxy: Proxy(), se:cdp: ws://localhost:64627/devtoo..., se:cdpVersion: 119.0.6045.160, setWindowRect: true, strictFileInteractability: false, timeouts: {implicit: 0, pageLoad: 300000, script: 30000}, unhandledPromptBehavior: dismiss and notify, webauthn:extension:credBlob: true, webauthn:extension:largeBlob: true, webauthn:extension:minPinLength: true, webauthn:extension:prf: true, webauthn:virtualAuthenticators: true}
Element: [[ChromeDriver: chrome on windows (1e50443a423ebf6f8504258ced7a5374)] -> xpath: //*[@id='modalAddSpaceType']/div/form/div/div[3]/button[1]]
Session ID: 1e50443a423ebf6f8504258ced7a5374]]>
            </message>
            <full-stacktrace>
              <![CDATA[org.openqa.selenium.ElementClickInterceptedException: element click intercepted: Element <button type="button" class="btn btn-secondary" data-bs-dismiss="modal" autocomplete="off">...</button> is not clickable at point (926, 701). Other element would receive the click: <div class="preloader">...</div>
  (Session info: chrome=119.0.6045.160)
Build info: version: '4.13.0', revision: 'ba948ece5b*'
System info: os.name: 'Windows 10', os.arch: 'amd64', os.version: '10.0', java.version: '17.0.9'
Driver info: org.openqa.selenium.chrome.ChromeDriver
Command: [1e50443a423ebf6f8504258ced7a5374, clickElement {id=F677FDE8C675B25BEADEDB97BC70D063_element_310}]
Capabilities {acceptInsecureCerts: false, browserName: chrome, browserVersion: 119.0.6045.160, chrome: {chromedriverVersion: 119.0.6045.105 (38c72552c5e..., userDataDir: C:\Users\TALHA~1.TAH\AppDat...}, fedcm:accounts: true, goog:chromeOptions: {debuggerAddress: localhost:64627}, networkConnectionEnabled: false, pageLoadStrategy: normal, platformName: windows, proxy: Proxy(), se:cdp: ws://localhost:64627/devtoo..., se:cdpVersion: 119.0.6045.160, setWindowRect: true, strictFileInteractability: false, timeouts: {implicit: 0, pageLoad: 300000, script: 30000}, unhandledPromptBehavior: dismiss and notify, webauthn:extension:credBlob: true, webauthn:extension:largeBlob: true, webauthn:extension:minPinLength: true, webauthn:extension:prf: true, webauthn:virtualAuthenticators: true}
Element: [[ChromeDriver: chrome on windows (1e50443a423ebf6f8504258ced7a5374)] -> xpath: //*[@id='modalAddSpaceType']/div/form/div/div[3]/button[1]]
Session ID: 1e50443a423ebf6f8504258ced7a5374
at java.base/jdk.internal.reflect.NativeConstructorAccessorImpl.newInstance0(Native Method)
at java.base/jdk.internal.reflect.NativeConstructorAccessorImpl.newInstance(NativeConstructorAccessorImpl.java:77)
at java.base/jdk.internal.reflect.DelegatingConstructorAccessorImpl.newInstance(DelegatingConstructorAccessorImpl.java:45)
at java.base/java.lang.reflect.Constructor.newInstanceWithCaller(Constructor.java:499)
at java.base/java.lang.reflect.Constructor.newInstance(Constructor.java:480)
at org.openqa.selenium.remote.codec.w3c.W3CHttpResponseCodec.createException(W3CHttpResponseCodec.java:200)
at org.openqa.selenium.remote.codec.w3c.W3CHttpResponseCodec.decode(W3CHttpResponseCodec.java:133)
at org.openqa.selenium.remote.codec.w3c.W3CHttpResponseCodec.decode(W3CHttpResponseCodec.java:52)
at org.openqa.selenium.remote.HttpCommandExecutor.execute(HttpCommandExecutor.java:191)
at org.openqa.selenium.remote.service.DriverCommandExecutor.invokeExecute(DriverCommandExecutor.java:196)
at org.openqa.selenium.remote.service.DriverCommandExecutor.execute(DriverCommandExecutor.java:171)
at org.openqa.selenium.remote.RemoteWebDriver.execute(RemoteWebDriver.java:602)
at org.openqa.selenium.remote.RemoteWebElement.execute(RemoteWebElement.java:224)
at org.openqa.selenium.remote.RemoteWebElement.click(RemoteWebElement.java:77)
at java.base/jdk.internal.reflect.NativeMethodAccessorImpl.invoke0(Native Method)
at java.base/jdk.internal.reflect.NativeMethodAccessorImpl.invoke(NativeMethodAccessorImpl.java:77)
at java.base/jdk.internal.reflect.DelegatingMethodAccessorImpl.invoke(DelegatingMethodAccessorImpl.java:43)
at java.base/java.lang.reflect.Method.invoke(Method.java:568)
at org.openqa.selenium.support.pagefactory.internal.LocatingElementHandler.invoke(LocatingElementHandler.java:51)
at jdk.proxy2/jdk.proxy2.$Proxy21.click(Unknown Source)
at com.marina.pages.SpaceTypesAddTypesPage.adding_rates_group(SpaceTypesAddTypesPage.java:672)
at com.marina.tests.Mod_7_RatesStorage.createGroup_verifyGroup_TC_1101(Mod_7_RatesStorage.java:41)
at java.base/jdk.internal.reflect.NativeMethodAccessorImpl.invoke0(Native Method)
at java.base/jdk.internal.reflect.NativeMethodAccessorImpl.invoke(NativeMethodAccessorImpl.java:77)
at java.base/jdk.internal.reflect.DelegatingMethodAccessorImpl.invoke(DelegatingMethodAccessorImpl.java:43)
at java.base/java.lang.reflect.Method.invoke(Method.java:568)
at org.testng.internal.MethodInvocationHelper.invokeMethod(MethodInvocationHelper.java:134)
at org.testng.internal.TestInvoker.invokeMethod(TestInvoker.java:597)
at org.testng.internal.TestInvoker.invokeTestMethod(TestInvoker.java:173)
at org.testng.internal.MethodRunner.runInSequence(MethodRunner.java:46)
at org.testng.internal.TestInvoker$MethodInvocationAgent.invoke(TestInvoker.java:816)
at org.testng.internal.TestInvoker.invokeTestMethods(TestInvoker.java:146)
at org.testng.internal.TestMethodWorker.invokeTestMethods(TestMethodWorker.java:146)
at org.testng.internal.TestMethodWorker.run(TestMethodWorker.java:128)
at java.base/java.util.ArrayList.forEach(ArrayList.java:1511)
at org.testng.TestRunner.privateRun(TestRunner.java:766)
at org.testng.TestRunner.run(TestRunner.java:587)
at org.testng.SuiteRunner.runTest(SuiteRunner.java:384)
at org.testng.SuiteRunner.runSequentially(SuiteRunner.java:378)
at org.testng.SuiteRunner.privateRun(SuiteRunner.java:337)
at org.testng.SuiteRunner.run(SuiteRunner.java:286)
at org.testng.SuiteRunnerWorker.runSuite(SuiteRunnerWorker.java:53)
at org.testng.SuiteRunnerWorker.run(SuiteRunnerWorker.java:96)
at org.testng.TestNG.runSuitesSequentially(TestNG.java:1187)
at org.testng.TestNG.runSuitesLocally(TestNG.java:1109)
at org.testng.TestNG.runSuites(TestNG.java:1039)
at org.testng.TestNG.run(TestNG.java:1007)
at org.testng.remote.AbstractRemoteTestNG.run(AbstractRemoteTestNG.java:115)
at org.testng.remote.RemoteTestNG.initAndRun(RemoteTestNG.java:251)
at org.testng.remote.RemoteTestNG.main(RemoteTestNG.java:77)
]]>
            </full-stacktrace>
          </exception> <!-- org.openqa.selenium.ElementClickInterceptedException -->
          <reporter-output>
          </reporter-output>
        </test-method> <!-- createGroup_verifyGroup_TC_1101 -->
        <test-method is-config="true" signature="afterTest()[pri:0, instance:com.marina.tests.Mod_7_RatesStorage@56cdfb3b]" started-at="2023-11-23T05:46:06 PST" name="afterTest" finished-at="2023-11-23T05:46:16 PST" duration-ms="10459" status="PASS">
          <reporter-output>
          </reporter-output>
        </test-method> <!-- afterTest -->
        <test-method is-config="true" signature="afterSuite()[pri:0, instance:com.marina.tests.Mod_7_RatesStorage@56cdfb3b]" started-at="2023-11-23T05:46:16 PST" name="afterSuite" finished-at="2023-11-23T05:46:17 PST" duration-ms="368" status="PASS">
          <reporter-output>
          </reporter-output>
        </test-method> <!-- afterSuite -->
      </class> <!-- com.marina.tests.Mod_7_RatesStorage -->
    </test> <!-- Default test -->
  </suite> <!-- Default suite -->
</testng-results>
