<?xml version="1.0" encoding="UTF-8"?>
<testng-results skipped="0" failed="1" ignored="0" total="11" passed="10">
  <reporter-output>
  </reporter-output>
  <suite name="Default suite" duration-ms="436182" started-at="2023-11-06T15:53:14 PKT" finished-at="2023-11-06T16:00:30 PKT">
    <groups>
      <group name="regression,sanity,smoke">
        <method signature="Mod_6_BoatGroup.deleteBoatGroups_TC_1011()[pri:11, instance:com.marina.tests.Mod_6_BoatGroup@491cc5c9]" name="deleteBoatGroups_TC_1011" class="com.marina.tests.Mod_6_BoatGroup"/>
        <method signature="Mod_6_BoatGroup.verifyBoatGroupPageOpens_TC_1001()[pri:1, instance:com.marina.tests.Mod_6_BoatGroup@491cc5c9]" name="verifyBoatGroupPageOpens_TC_1001" class="com.marina.tests.Mod_6_BoatGroup"/>
        <method signature="Mod_6_BoatGroup.addBoatGroupMandatoryFields_TC_1002()[pri:2, instance:com.marina.tests.Mod_6_BoatGroup@491cc5c9]" name="addBoatGroupMandatoryFields_TC_1002" class="com.marina.tests.Mod_6_BoatGroup"/>
        <method signature="Mod_6_BoatGroup.addBoatGroupAllFields_TC_1003()[pri:3, instance:com.marina.tests.Mod_6_BoatGroup@491cc5c9]" name="addBoatGroupAllFields_TC_1003" class="com.marina.tests.Mod_6_BoatGroup"/>
        <method signature="Mod_6_BoatGroup.addBoatMainPage_TC_1007()[pri:7, instance:com.marina.tests.Mod_6_BoatGroup@491cc5c9]" name="addBoatMainPage_TC_1007" class="com.marina.tests.Mod_6_BoatGroup"/>
        <method signature="Mod_6_BoatGroup.editBoatGroupVerifyData_TC_1008()[pri:8, instance:com.marina.tests.Mod_6_BoatGroup@491cc5c9]" name="editBoatGroupVerifyData_TC_1008" class="com.marina.tests.Mod_6_BoatGroup"/>
        <method signature="Mod_6_BoatGroup.generatingMultipleAddRequest_TC_1009()[pri:9, instance:com.marina.tests.Mod_6_BoatGroup@491cc5c9]" name="generatingMultipleAddRequest_TC_1009" class="com.marina.tests.Mod_6_BoatGroup"/>
        <method signature="Mod_6_BoatGroup.searchBoatGroup_TC_1004()[pri:4, instance:com.marina.tests.Mod_6_BoatGroup@491cc5c9]" name="searchBoatGroup_TC_1004" class="com.marina.tests.Mod_6_BoatGroup"/>
        <method signature="Mod_6_BoatGroup.verifyCopyFunctionBoatGroup_TC_1010()[pri:10, instance:com.marina.tests.Mod_6_BoatGroup@491cc5c9]" name="verifyCopyFunctionBoatGroup_TC_1010" class="com.marina.tests.Mod_6_BoatGroup"/>
        <method signature="Mod_6_BoatGroup.viewPageNewBoatAdd_TC_1006()[pri:6, instance:com.marina.tests.Mod_6_BoatGroup@491cc5c9]" name="viewPageNewBoatAdd_TC_1006" class="com.marina.tests.Mod_6_BoatGroup"/>
        <method signature="Mod_6_BoatGroup.viewSavedDataBoatGroup_TC_1005()[pri:5, instance:com.marina.tests.Mod_6_BoatGroup@491cc5c9]" name="viewSavedDataBoatGroup_TC_1005" class="com.marina.tests.Mod_6_BoatGroup"/>
      </group> <!-- regression,sanity,smoke -->
    </groups>
    <test name="Default test" duration-ms="436182" started-at="2023-11-06T15:53:14 PKT" finished-at="2023-11-06T16:00:30 PKT">
      <class name="com.marina.tests.Mod_6_BoatGroup">
        <test-method status="PASS" signature="loadConfig()[pri:0, instance:com.marina.tests.Mod_6_BoatGroup@491cc5c9]" name="loadConfig" is-config="true" duration-ms="225" started-at="2023-11-06T15:53:13 PKT" finished-at="2023-11-06T15:53:14 PKT">
          <reporter-output>
          </reporter-output>
        </test-method> <!-- loadConfig -->
        <test-method status="PASS" signature="beforeMethod()[pri:0, instance:com.marina.tests.Mod_6_BoatGroup@491cc5c9]" name="beforeMethod" is-config="true" duration-ms="25471" started-at="2023-11-06T15:53:14 PKT" finished-at="2023-11-06T15:53:39 PKT">
          <reporter-output>
          </reporter-output>
        </test-method> <!-- beforeMethod -->
        <test-method status="PASS" signature="verifyBoatGroupPageOpens_TC_1001()[pri:1, instance:com.marina.tests.Mod_6_BoatGroup@491cc5c9]" name="verifyBoatGroupPageOpens_TC_1001" duration-ms="56" started-at="2023-11-06T15:53:39 PKT" finished-at="2023-11-06T15:53:39 PKT">
          <reporter-output>
          </reporter-output>
        </test-method> <!-- verifyBoatGroupPageOpens_TC_1001 -->
        <test-method status="PASS" signature="afterMethod()[pri:0, instance:com.marina.tests.Mod_6_BoatGroup@491cc5c9]" name="afterMethod" is-config="true" duration-ms="2445" started-at="2023-11-06T15:53:39 PKT" finished-at="2023-11-06T15:53:42 PKT">
          <reporter-output>
          </reporter-output>
        </test-method> <!-- afterMethod -->
        <test-method status="PASS" signature="beforeMethod()[pri:0, instance:com.marina.tests.Mod_6_BoatGroup@491cc5c9]" name="beforeMethod" is-config="true" duration-ms="29202" started-at="2023-11-06T15:53:42 PKT" finished-at="2023-11-06T15:54:11 PKT">
          <reporter-output>
          </reporter-output>
        </test-method> <!-- beforeMethod -->
        <test-method status="PASS" signature="addBoatGroupMandatoryFields_TC_1002()[pri:2, instance:com.marina.tests.Mod_6_BoatGroup@491cc5c9]" name="addBoatGroupMandatoryFields_TC_1002" duration-ms="4343" started-at="2023-11-06T15:54:11 PKT" depends-on-methods="com.marina.tests.Mod_6_BoatGroup.verifyBoatGroupPageOpens_TC_1001" finished-at="2023-11-06T15:54:15 PKT">
          <reporter-output>
          </reporter-output>
        </test-method> <!-- addBoatGroupMandatoryFields_TC_1002 -->
        <test-method status="PASS" signature="afterMethod()[pri:0, instance:com.marina.tests.Mod_6_BoatGroup@491cc5c9]" name="afterMethod" is-config="true" duration-ms="2582" started-at="2023-11-06T15:54:15 PKT" finished-at="2023-11-06T15:54:18 PKT">
          <reporter-output>
          </reporter-output>
        </test-method> <!-- afterMethod -->
        <test-method status="PASS" signature="beforeMethod()[pri:0, instance:com.marina.tests.Mod_6_BoatGroup@491cc5c9]" name="beforeMethod" is-config="true" duration-ms="22713" started-at="2023-11-06T15:54:18 PKT" finished-at="2023-11-06T15:54:41 PKT">
          <reporter-output>
          </reporter-output>
        </test-method> <!-- beforeMethod -->
        <test-method status="PASS" signature="addBoatGroupAllFields_TC_1003()[pri:3, instance:com.marina.tests.Mod_6_BoatGroup@491cc5c9]" name="addBoatGroupAllFields_TC_1003" duration-ms="5086" started-at="2023-11-06T15:54:41 PKT" depends-on-methods="com.marina.tests.Mod_6_BoatGroup.addBoatGroupMandatoryFields_TC_1002" finished-at="2023-11-06T15:54:46 PKT">
          <reporter-output>
          </reporter-output>
        </test-method> <!-- addBoatGroupAllFields_TC_1003 -->
        <test-method status="PASS" signature="afterMethod()[pri:0, instance:com.marina.tests.Mod_6_BoatGroup@491cc5c9]" name="afterMethod" is-config="true" duration-ms="2343" started-at="2023-11-06T15:54:46 PKT" finished-at="2023-11-06T15:54:48 PKT">
          <reporter-output>
          </reporter-output>
        </test-method> <!-- afterMethod -->
        <test-method status="PASS" signature="beforeMethod()[pri:0, instance:com.marina.tests.Mod_6_BoatGroup@491cc5c9]" name="beforeMethod" is-config="true" duration-ms="26181" started-at="2023-11-06T15:54:48 PKT" finished-at="2023-11-06T15:55:14 PKT">
          <reporter-output>
          </reporter-output>
        </test-method> <!-- beforeMethod -->
        <test-method status="PASS" signature="searchBoatGroup_TC_1004()[pri:4, instance:com.marina.tests.Mod_6_BoatGroup@491cc5c9]" name="searchBoatGroup_TC_1004" duration-ms="1404" started-at="2023-11-06T15:55:14 PKT" depends-on-methods="com.marina.tests.Mod_6_BoatGroup.addBoatGroupAllFields_TC_1003" finished-at="2023-11-06T15:55:16 PKT">
          <reporter-output>
          </reporter-output>
        </test-method> <!-- searchBoatGroup_TC_1004 -->
        <test-method status="PASS" signature="afterMethod()[pri:0, instance:com.marina.tests.Mod_6_BoatGroup@491cc5c9]" name="afterMethod" is-config="true" duration-ms="2202" started-at="2023-11-06T15:55:16 PKT" finished-at="2023-11-06T15:55:18 PKT">
          <reporter-output>
          </reporter-output>
        </test-method> <!-- afterMethod -->
        <test-method status="PASS" signature="beforeMethod()[pri:0, instance:com.marina.tests.Mod_6_BoatGroup@491cc5c9]" name="beforeMethod" is-config="true" duration-ms="23461" started-at="2023-11-06T15:55:18 PKT" finished-at="2023-11-06T15:55:41 PKT">
          <reporter-output>
          </reporter-output>
        </test-method> <!-- beforeMethod -->
        <test-method status="PASS" signature="viewSavedDataBoatGroup_TC_1005()[pri:5, instance:com.marina.tests.Mod_6_BoatGroup@491cc5c9]" name="viewSavedDataBoatGroup_TC_1005" duration-ms="3025" started-at="2023-11-06T15:55:41 PKT" depends-on-methods="com.marina.tests.Mod_6_BoatGroup.addBoatGroupAllFields_TC_1003" finished-at="2023-11-06T15:55:44 PKT">
          <reporter-output>
          </reporter-output>
        </test-method> <!-- viewSavedDataBoatGroup_TC_1005 -->
        <test-method status="PASS" signature="afterMethod()[pri:0, instance:com.marina.tests.Mod_6_BoatGroup@491cc5c9]" name="afterMethod" is-config="true" duration-ms="2419" started-at="2023-11-06T15:55:44 PKT" finished-at="2023-11-06T15:55:47 PKT">
          <reporter-output>
          </reporter-output>
        </test-method> <!-- afterMethod -->
        <test-method status="PASS" signature="beforeMethod()[pri:0, instance:com.marina.tests.Mod_6_BoatGroup@491cc5c9]" name="beforeMethod" is-config="true" duration-ms="24523" started-at="2023-11-06T15:55:47 PKT" finished-at="2023-11-06T15:56:11 PKT">
          <reporter-output>
          </reporter-output>
        </test-method> <!-- beforeMethod -->
        <test-method status="PASS" signature="viewPageNewBoatAdd_TC_1006()[pri:6, instance:com.marina.tests.Mod_6_BoatGroup@491cc5c9]" name="viewPageNewBoatAdd_TC_1006" duration-ms="9327" started-at="2023-11-06T15:56:11 PKT" depends-on-methods="com.marina.tests.Mod_6_BoatGroup.addBoatGroupAllFields_TC_1003" finished-at="2023-11-06T15:56:20 PKT">
          <reporter-output>
          </reporter-output>
        </test-method> <!-- viewPageNewBoatAdd_TC_1006 -->
        <test-method status="PASS" signature="afterMethod()[pri:0, instance:com.marina.tests.Mod_6_BoatGroup@491cc5c9]" name="afterMethod" is-config="true" duration-ms="2346" started-at="2023-11-06T15:56:20 PKT" finished-at="2023-11-06T15:56:23 PKT">
          <reporter-output>
          </reporter-output>
        </test-method> <!-- afterMethod -->
        <test-method status="PASS" signature="beforeMethod()[pri:0, instance:com.marina.tests.Mod_6_BoatGroup@491cc5c9]" name="beforeMethod" is-config="true" duration-ms="24435" started-at="2023-11-06T15:56:23 PKT" finished-at="2023-11-06T15:56:47 PKT">
          <reporter-output>
          </reporter-output>
        </test-method> <!-- beforeMethod -->
        <test-method status="PASS" signature="addBoatMainPage_TC_1007()[pri:7, instance:com.marina.tests.Mod_6_BoatGroup@491cc5c9]" name="addBoatMainPage_TC_1007" duration-ms="5828" started-at="2023-11-06T15:56:47 PKT" depends-on-methods="com.marina.tests.Mod_6_BoatGroup.addBoatGroupAllFields_TC_1003" finished-at="2023-11-06T15:56:53 PKT">
          <reporter-output>
          </reporter-output>
        </test-method> <!-- addBoatMainPage_TC_1007 -->
        <test-method status="PASS" signature="afterMethod()[pri:0, instance:com.marina.tests.Mod_6_BoatGroup@491cc5c9]" name="afterMethod" is-config="true" duration-ms="2231" started-at="2023-11-06T15:56:53 PKT" finished-at="2023-11-06T15:56:55 PKT">
          <reporter-output>
          </reporter-output>
        </test-method> <!-- afterMethod -->
        <test-method status="PASS" signature="beforeMethod()[pri:0, instance:com.marina.tests.Mod_6_BoatGroup@491cc5c9]" name="beforeMethod" is-config="true" duration-ms="27493" started-at="2023-11-06T15:56:55 PKT" finished-at="2023-11-06T15:57:23 PKT">
          <reporter-output>
          </reporter-output>
        </test-method> <!-- beforeMethod -->
        <test-method status="PASS" signature="editBoatGroupVerifyData_TC_1008()[pri:8, instance:com.marina.tests.Mod_6_BoatGroup@491cc5c9]" name="editBoatGroupVerifyData_TC_1008" duration-ms="14486" started-at="2023-11-06T15:57:23 PKT" depends-on-methods="com.marina.tests.Mod_6_BoatGroup.addBoatGroupAllFields_TC_1003" finished-at="2023-11-06T15:57:37 PKT">
          <reporter-output>
          </reporter-output>
        </test-method> <!-- editBoatGroupVerifyData_TC_1008 -->
        <test-method status="PASS" signature="afterMethod()[pri:0, instance:com.marina.tests.Mod_6_BoatGroup@491cc5c9]" name="afterMethod" is-config="true" duration-ms="2819" started-at="2023-11-06T15:57:37 PKT" finished-at="2023-11-06T15:57:40 PKT">
          <reporter-output>
          </reporter-output>
        </test-method> <!-- afterMethod -->
        <test-method status="PASS" signature="beforeMethod()[pri:0, instance:com.marina.tests.Mod_6_BoatGroup@491cc5c9]" name="beforeMethod" is-config="true" duration-ms="36398" started-at="2023-11-06T15:57:40 PKT" finished-at="2023-11-06T15:58:17 PKT">
          <reporter-output>
          </reporter-output>
        </test-method> <!-- beforeMethod -->
        <test-method status="FAIL" signature="generatingMultipleAddRequest_TC_1009()[pri:9, instance:com.marina.tests.Mod_6_BoatGroup@491cc5c9]" name="generatingMultipleAddRequest_TC_1009" duration-ms="24306" started-at="2023-11-06T15:58:17 PKT" depends-on-methods="com.marina.tests.Mod_6_BoatGroup.addBoatGroupAllFields_TC_1003" finished-at="2023-11-06T15:58:41 PKT">
          <exception class="java.lang.AssertionError">
            <message>
              <![CDATA[expected [1] but found [3]]]>
            </message>
            <full-stacktrace>
              <![CDATA[java.lang.AssertionError: expected [1] but found [3]
at org.testng.Assert.fail(Assert.java:97)
at org.testng.Assert.assertEqualsImpl(Assert.java:136)
at org.testng.Assert.assertEquals(Assert.java:118)
at org.testng.Assert.assertEquals(Assert.java:839)
at org.testng.Assert.assertEquals(Assert.java:849)
at com.marina.tests.Mod_6_BoatGroup.generatingMultipleAddRequest_TC_1009(Mod_6_BoatGroup.java:158)
at sun.reflect.NativeMethodAccessorImpl.invoke0(Native Method)
at sun.reflect.NativeMethodAccessorImpl.invoke(NativeMethodAccessorImpl.java:62)
at sun.reflect.DelegatingMethodAccessorImpl.invoke(DelegatingMethodAccessorImpl.java:43)
at java.lang.reflect.Method.invoke(Method.java:498)
at org.testng.internal.MethodInvocationHelper.invokeMethod(MethodInvocationHelper.java:134)
at org.testng.internal.TestInvoker.invokeMethod(TestInvoker.java:597)
at org.testng.internal.TestInvoker.invokeTestMethod(TestInvoker.java:173)
at org.testng.internal.MethodRunner.runInSequence(MethodRunner.java:46)
at org.testng.internal.TestInvoker$MethodInvocationAgent.invoke(TestInvoker.java:816)
at org.testng.internal.TestInvoker.invokeTestMethods(TestInvoker.java:146)
at org.testng.internal.TestMethodWorker.invokeTestMethods(TestMethodWorker.java:146)
at org.testng.internal.TestMethodWorker.run(TestMethodWorker.java:128)
at java.util.ArrayList.forEach(ArrayList.java:1257)
at org.testng.TestRunner.privateRun(TestRunner.java:766)
at org.testng.TestRunner.run(TestRunner.java:587)
at org.testng.SuiteRunner.runTest(SuiteRunner.java:384)
at org.testng.SuiteRunner.runSequentially(SuiteRunner.java:378)
at org.testng.SuiteRunner.privateRun(SuiteRunner.java:337)
at org.testng.SuiteRunner.run(SuiteRunner.java:286)
at org.testng.SuiteRunnerWorker.runSuite(SuiteRunnerWorker.java:53)
at org.testng.SuiteRunnerWorker.run(SuiteRunnerWorker.java:96)
at org.testng.TestNG.runSuitesSequentially(TestNG.java:1187)
at org.testng.TestNG.runSuitesLocally(TestNG.java:1109)
at org.testng.TestNG.runSuites(TestNG.java:1039)
at org.testng.TestNG.run(TestNG.java:1007)
at org.testng.remote.AbstractRemoteTestNG.run(AbstractRemoteTestNG.java:115)
at org.testng.remote.RemoteTestNG.initAndRun(RemoteTestNG.java:251)
at org.testng.remote.RemoteTestNG.main(RemoteTestNG.java:77)
]]>
            </full-stacktrace>
          </exception> <!-- java.lang.AssertionError -->
          <reporter-output>
          </reporter-output>
        </test-method> <!-- generatingMultipleAddRequest_TC_1009 -->
        <test-method status="PASS" signature="afterMethod()[pri:0, instance:com.marina.tests.Mod_6_BoatGroup@491cc5c9]" name="afterMethod" is-config="true" duration-ms="3634" started-at="2023-11-06T15:58:41 PKT" finished-at="2023-11-06T15:58:44 PKT">
          <reporter-output>
          </reporter-output>
        </test-method> <!-- afterMethod -->
        <test-method status="PASS" signature="beforeMethod()[pri:0, instance:com.marina.tests.Mod_6_BoatGroup@491cc5c9]" name="beforeMethod" is-config="true" duration-ms="24977" started-at="2023-11-06T15:58:44 PKT" finished-at="2023-11-06T15:59:09 PKT">
          <reporter-output>
          </reporter-output>
        </test-method> <!-- beforeMethod -->
        <test-method status="PASS" signature="verifyCopyFunctionBoatGroup_TC_1010()[pri:10, instance:com.marina.tests.Mod_6_BoatGroup@491cc5c9]" name="verifyCopyFunctionBoatGroup_TC_1010" duration-ms="7133" started-at="2023-11-06T15:59:09 PKT" depends-on-methods="com.marina.tests.Mod_6_BoatGroup.editBoatGroupVerifyData_TC_1008" finished-at="2023-11-06T15:59:17 PKT">
          <reporter-output>
          </reporter-output>
        </test-method> <!-- verifyCopyFunctionBoatGroup_TC_1010 -->
        <test-method status="PASS" signature="afterMethod()[pri:0, instance:com.marina.tests.Mod_6_BoatGroup@491cc5c9]" name="afterMethod" is-config="true" duration-ms="3024" started-at="2023-11-06T15:59:17 PKT" finished-at="2023-11-06T15:59:20 PKT">
          <reporter-output>
          </reporter-output>
        </test-method> <!-- afterMethod -->
        <test-method status="PASS" signature="beforeMethod()[pri:0, instance:com.marina.tests.Mod_6_BoatGroup@491cc5c9]" name="beforeMethod" is-config="true" duration-ms="24235" started-at="2023-11-06T15:59:20 PKT" finished-at="2023-11-06T15:59:44 PKT">
          <reporter-output>
          </reporter-output>
        </test-method> <!-- beforeMethod -->
        <test-method status="PASS" signature="deleteBoatGroups_TC_1011()[pri:11, instance:com.marina.tests.Mod_6_BoatGroup@491cc5c9]" name="deleteBoatGroups_TC_1011" duration-ms="42843" started-at="2023-11-06T15:59:44 PKT" finished-at="2023-11-06T16:00:27 PKT">
          <reporter-output>
          </reporter-output>
        </test-method> <!-- deleteBoatGroups_TC_1011 -->
        <test-method status="PASS" signature="afterMethod()[pri:0, instance:com.marina.tests.Mod_6_BoatGroup@491cc5c9]" name="afterMethod" is-config="true" duration-ms="3171" started-at="2023-11-06T16:00:27 PKT" finished-at="2023-11-06T16:00:30 PKT">
          <reporter-output>
          </reporter-output>
        </test-method> <!-- afterMethod -->
        <test-method status="PASS" signature="afterSuite()[pri:0, instance:com.marina.tests.Mod_6_BoatGroup@491cc5c9]" name="afterSuite" is-config="true" duration-ms="298" started-at="2023-11-06T16:00:30 PKT" finished-at="2023-11-06T16:00:30 PKT">
          <reporter-output>
          </reporter-output>
        </test-method> <!-- afterSuite -->
      </class> <!-- com.marina.tests.Mod_6_BoatGroup -->
    </test> <!-- Default test -->
  </suite> <!-- Default suite -->
</testng-results>
