<?xml version="1.0" encoding="UTF-8"?>
<testng-results retried="2" ignored="2" total="14" passed="9" failed="1" skipped="0">
  <reporter-output>
  </reporter-output>
  <suite started-at="2023-11-07T03:52:37 PST" name="Suite" finished-at="2023-11-07T04:22:28 PST" duration-ms="1790292">
    <groups>
      <group name="regression">
        <method signature="Mod_1_login.verifyLogin_Tc_001()[pri:1, instance:com.marina.tests.Mod_1_login@66d3eec0]" name="verifyLogin_Tc_001" class="com.marina.tests.Mod_1_login"/>
        <method signature="Mod_2_SpaceTypes.addSpace_skippingFileds_TC_204()[pri:5, instance:com.marina.tests.Mod_2_SpaceTypes@1e04fa0a]" name="addSpace_skippingFileds_TC_204" class="com.marina.tests.Mod_2_SpaceTypes"/>
        <method signature="Mod_2_SpaceTypes.multipleUsersWithMutlipleSelections_TC_203()[pri:4, instance:com.marina.tests.Mod_2_SpaceTypes@1e04fa0a]" name="multipleUsersWithMutlipleSelections_TC_203" class="com.marina.tests.Mod_2_SpaceTypes"/>
        <method signature="Mod_2_SpaceTypes.verifyDeleteSpace_TC_212()[pri:13, instance:com.marina.tests.Mod_2_SpaceTypes@1e04fa0a]" name="verifyDeleteSpace_TC_212" class="com.marina.tests.Mod_2_SpaceTypes"/>
        <method signature="Mod_2_SpaceTypes.verifyPopupAddSpace_TC_202()[pri:3, instance:com.marina.tests.Mod_2_SpaceTypes@1e04fa0a]" name="verifyPopupAddSpace_TC_202" class="com.marina.tests.Mod_2_SpaceTypes"/>
        <method signature="Mod_2_SpaceTypes.verifySpaceData_afterEdit_TC_208()[pri:9, instance:com.marina.tests.Mod_2_SpaceTypes@1e04fa0a]" name="verifySpaceData_afterEdit_TC_208" class="com.marina.tests.Mod_2_SpaceTypes"/>
        <method signature="Mod_2_SpaceTypes.verifySpaceData_fromTableData_TC_205()[pri:6, instance:com.marina.tests.Mod_2_SpaceTypes@1e04fa0a]" name="verifySpaceData_fromTableData_TC_205" class="com.marina.tests.Mod_2_SpaceTypes"/>
        <method signature="Mod_2_SpaceTypes.verifySpacePage_Tc_201()[pri:2, instance:com.marina.tests.Mod_2_SpaceTypes@1e04fa0a]" name="verifySpacePage_Tc_201" class="com.marina.tests.Mod_2_SpaceTypes"/>
        <method signature="Mod_2_SpaceTypes.verify_serachField_withSpaceName_TC_211()[pri:12, instance:com.marina.tests.Mod_2_SpaceTypes@1e04fa0a]" name="verify_serachField_withSpaceName_TC_211" class="com.marina.tests.Mod_2_SpaceTypes"/>
      </group> <!-- regression -->
      <group name="smoke">
        <method signature="Mod_1_login.verifyLogin_Tc_001()[pri:1, instance:com.marina.tests.Mod_1_login@66d3eec0]" name="verifyLogin_Tc_001" class="com.marina.tests.Mod_1_login"/>
        <method signature="Mod_2_SpaceTypes.addSpace_skippingFileds_TC_204()[pri:5, instance:com.marina.tests.Mod_2_SpaceTypes@1e04fa0a]" name="addSpace_skippingFileds_TC_204" class="com.marina.tests.Mod_2_SpaceTypes"/>
        <method signature="Mod_2_SpaceTypes.verifyDeleteSpace_TC_212()[pri:13, instance:com.marina.tests.Mod_2_SpaceTypes@1e04fa0a]" name="verifyDeleteSpace_TC_212" class="com.marina.tests.Mod_2_SpaceTypes"/>
        <method signature="Mod_2_SpaceTypes.verifyPopupAddSpace_TC_202()[pri:3, instance:com.marina.tests.Mod_2_SpaceTypes@1e04fa0a]" name="verifyPopupAddSpace_TC_202" class="com.marina.tests.Mod_2_SpaceTypes"/>
        <method signature="Mod_2_SpaceTypes.verifySpaceData_afterEdit_TC_208()[pri:9, instance:com.marina.tests.Mod_2_SpaceTypes@1e04fa0a]" name="verifySpaceData_afterEdit_TC_208" class="com.marina.tests.Mod_2_SpaceTypes"/>
        <method signature="Mod_2_SpaceTypes.verifySpaceData_fromTableData_TC_205()[pri:6, instance:com.marina.tests.Mod_2_SpaceTypes@1e04fa0a]" name="verifySpaceData_fromTableData_TC_205" class="com.marina.tests.Mod_2_SpaceTypes"/>
        <method signature="Mod_2_SpaceTypes.verifySpacePage_Tc_201()[pri:2, instance:com.marina.tests.Mod_2_SpaceTypes@1e04fa0a]" name="verifySpacePage_Tc_201" class="com.marina.tests.Mod_2_SpaceTypes"/>
        <method signature="Mod_2_SpaceTypes.verify_serachField_withSpaceName_TC_211()[pri:12, instance:com.marina.tests.Mod_2_SpaceTypes@1e04fa0a]" name="verify_serachField_withSpaceName_TC_211" class="com.marina.tests.Mod_2_SpaceTypes"/>
      </group> <!-- smoke -->
      <group name="sanity">
        <method signature="Mod_1_login.verifyLogin_Tc_001()[pri:1, instance:com.marina.tests.Mod_1_login@66d3eec0]" name="verifyLogin_Tc_001" class="com.marina.tests.Mod_1_login"/>
        <method signature="Mod_2_SpaceTypes.addSpace_skippingFileds_TC_204()[pri:5, instance:com.marina.tests.Mod_2_SpaceTypes@1e04fa0a]" name="addSpace_skippingFileds_TC_204" class="com.marina.tests.Mod_2_SpaceTypes"/>
        <method signature="Mod_2_SpaceTypes.verifyDeleteSpace_TC_212()[pri:13, instance:com.marina.tests.Mod_2_SpaceTypes@1e04fa0a]" name="verifyDeleteSpace_TC_212" class="com.marina.tests.Mod_2_SpaceTypes"/>
        <method signature="Mod_2_SpaceTypes.verifyPopupAddSpace_TC_202()[pri:3, instance:com.marina.tests.Mod_2_SpaceTypes@1e04fa0a]" name="verifyPopupAddSpace_TC_202" class="com.marina.tests.Mod_2_SpaceTypes"/>
        <method signature="Mod_2_SpaceTypes.verifySpaceData_afterEdit_TC_208()[pri:9, instance:com.marina.tests.Mod_2_SpaceTypes@1e04fa0a]" name="verifySpaceData_afterEdit_TC_208" class="com.marina.tests.Mod_2_SpaceTypes"/>
        <method signature="Mod_2_SpaceTypes.verifySpaceData_fromTableData_TC_205()[pri:6, instance:com.marina.tests.Mod_2_SpaceTypes@1e04fa0a]" name="verifySpaceData_fromTableData_TC_205" class="com.marina.tests.Mod_2_SpaceTypes"/>
        <method signature="Mod_2_SpaceTypes.verifySpacePage_Tc_201()[pri:2, instance:com.marina.tests.Mod_2_SpaceTypes@1e04fa0a]" name="verifySpacePage_Tc_201" class="com.marina.tests.Mod_2_SpaceTypes"/>
        <method signature="Mod_2_SpaceTypes.verify_serachField_withSpaceName_TC_211()[pri:12, instance:com.marina.tests.Mod_2_SpaceTypes@1e04fa0a]" name="verify_serachField_withSpaceName_TC_211" class="com.marina.tests.Mod_2_SpaceTypes"/>
      </group> <!-- sanity -->
      <group name="regression,smoke">
        <method signature="Mod_2_SpaceTypes.add_Spaces_Single_And_Carparking_Options_TC_213()[pri:6, instance:com.marina.tests.Mod_2_SpaceTypes@1e04fa0a]" name="add_Spaces_Single_And_Carparking_Options_TC_213" class="com.marina.tests.Mod_2_SpaceTypes"/>
      </group> <!-- regression,smoke -->
    </groups>
    <test started-at="2023-11-07T03:52:37 PST" name="test" finished-at="2023-11-07T04:22:28 PST" duration-ms="1790292">
      <class name="com.marina.tests.Mod_1_login">
        <test-method is-config="true" signature="loadConfig()[pri:0, instance:com.marina.tests.Mod_1_login@66d3eec0]" started-at="2023-11-07T03:52:37 PST" name="loadConfig" finished-at="2023-11-07T03:52:37 PST" duration-ms="571" status="PASS">
          <reporter-output>
          </reporter-output>
        </test-method> <!-- loadConfig -->
        <test-method is-config="true" signature="beforeTest()[pri:0, instance:com.marina.tests.Mod_1_login@66d3eec0]" started-at="2023-11-07T03:52:37 PST" name="beforeTest" finished-at="2023-11-07T03:53:25 PST" duration-ms="47659" status="PASS">
          <reporter-output>
          </reporter-output>
        </test-method> <!-- beforeTest -->
        <test-method signature="verifyLogin_Tc_001()[pri:1, instance:com.marina.tests.Mod_1_login@66d3eec0]" started-at="2023-11-07T03:53:25 PST" name="verifyLogin_Tc_001" finished-at="2023-11-07T03:53:34 PST" duration-ms="8586" status="PASS">
          <reporter-output>
          </reporter-output>
        </test-method> <!-- verifyLogin_Tc_001 -->
        <test-method is-config="true" signature="afterTest()[pri:0, instance:com.marina.tests.Mod_1_login@66d3eec0]" started-at="2023-11-07T03:53:34 PST" name="afterTest" finished-at="2023-11-07T03:53:51 PST" duration-ms="17923" status="PASS">
          <reporter-output>
          </reporter-output>
        </test-method> <!-- afterTest -->
        <test-method is-config="true" signature="afterSuite()[pri:0, instance:com.marina.tests.Mod_1_login@66d3eec0]" started-at="2023-11-07T04:22:28 PST" name="afterSuite" finished-at="2023-11-07T04:22:28 PST" duration-ms="570" status="PASS">
          <reporter-output>
          </reporter-output>
        </test-method> <!-- afterSuite -->
      </class> <!-- com.marina.tests.Mod_1_login -->
      <class name="com.marina.tests.Mod_2_SpaceTypes">
        <test-method is-config="true" signature="beforeTest()[pri:0, instance:com.marina.tests.Mod_2_SpaceTypes@1e04fa0a]" started-at="2023-11-07T03:52:37 PST" name="beforeTest" finished-at="2023-11-07T03:53:27 PST" duration-ms="49307" status="PASS">
          <reporter-output>
          </reporter-output>
        </test-method> <!-- beforeTest -->
        <test-method signature="verifySpacePage_Tc_201()[pri:2, instance:com.marina.tests.Mod_2_SpaceTypes@1e04fa0a]" started-at="2023-11-07T03:53:27 PST" name="verifySpacePage_Tc_201" description=" Clicking add space type button, add new space type window should appear TC 201" finished-at="2023-11-07T03:53:27 PST" duration-ms="107" status="PASS">
          <reporter-output>
          </reporter-output>
        </test-method> <!-- verifySpacePage_Tc_201 -->
        <test-method is-config="true" signature="afterTest()[pri:0, instance:com.marina.tests.Mod_2_SpaceTypes@1e04fa0a]" started-at="2023-11-07T03:53:27 PST" name="afterTest" finished-at="2023-11-07T03:53:43 PST" duration-ms="16540" status="PASS">
          <reporter-output>
          </reporter-output>
        </test-method> <!-- afterTest -->
        <test-method is-config="true" signature="beforeTest()[pri:0, instance:com.marina.tests.Mod_2_SpaceTypes@1e04fa0a]" started-at="2023-11-07T03:53:43 PST" name="beforeTest" finished-at="2023-11-07T03:54:20 PST" duration-ms="36925" status="PASS">
          <reporter-output>
          </reporter-output>
        </test-method> <!-- beforeTest -->
        <test-method signature="verifyPopupAddSpace_TC_202()[pri:3, instance:com.marina.tests.Mod_2_SpaceTypes@1e04fa0a]" started-at="2023-11-07T03:54:20 PST" name="verifyPopupAddSpace_TC_202" description=" Clicking add space type button, add new space type window should appear TC 202" finished-at="2023-11-07T03:54:24 PST" duration-ms="3698" status="PASS">
          <reporter-output>
          </reporter-output>
        </test-method> <!-- verifyPopupAddSpace_TC_202 -->
        <test-method is-config="true" signature="afterTest()[pri:0, instance:com.marina.tests.Mod_2_SpaceTypes@1e04fa0a]" started-at="2023-11-07T03:54:24 PST" name="afterTest" finished-at="2023-11-07T03:54:40 PST" duration-ms="16361" status="PASS">
          <reporter-output>
          </reporter-output>
        </test-method> <!-- afterTest -->
        <test-method is-config="true" signature="beforeTest()[pri:0, instance:com.marina.tests.Mod_2_SpaceTypes@1e04fa0a]" started-at="2023-11-07T03:54:40 PST" name="beforeTest" finished-at="2023-11-07T03:55:17 PST" duration-ms="36592" status="PASS">
          <reporter-output>
          </reporter-output>
        </test-method> <!-- beforeTest -->
        <test-method signature="multipleUsersWithMutlipleSelections_TC_203()[pri:4, instance:com.marina.tests.Mod_2_SpaceTypes@1e04fa0a]" started-at="2023-11-07T03:55:17 PST" name="multipleUsersWithMutlipleSelections_TC_203" description=" TC_203 mutli spaces added with different options TC_203" finished-at="2023-11-07T04:03:05 PST" duration-ms="467869" status="PASS">
          <reporter-output>
          </reporter-output>
        </test-method> <!-- multipleUsersWithMutlipleSelections_TC_203 -->
        <test-method is-config="true" signature="afterTest()[pri:0, instance:com.marina.tests.Mod_2_SpaceTypes@1e04fa0a]" started-at="2023-11-07T04:03:05 PST" name="afterTest" finished-at="2023-11-07T04:03:18 PST" duration-ms="12817" status="PASS">
          <reporter-output>
          </reporter-output>
        </test-method> <!-- afterTest -->
        <test-method is-config="true" signature="beforeTest()[pri:0, instance:com.marina.tests.Mod_2_SpaceTypes@1e04fa0a]" started-at="2023-11-07T04:03:18 PST" name="beforeTest" finished-at="2023-11-07T04:04:05 PST" duration-ms="47492" status="PASS">
          <reporter-output>
          </reporter-output>
        </test-method> <!-- beforeTest -->
        <test-method signature="addSpace_skippingFileds_TC_204()[pri:5, instance:com.marina.tests.Mod_2_SpaceTypes@1e04fa0a]" started-at="2023-11-07T04:04:05 PST" name="addSpace_skippingFileds_TC_204" description="verify skipping fields of add space TC_204" finished-at="2023-11-07T04:04:22 PST" duration-ms="16763" status="PASS">
          <reporter-output>
          </reporter-output>
        </test-method> <!-- addSpace_skippingFileds_TC_204 -->
        <test-method is-config="true" signature="afterTest()[pri:0, instance:com.marina.tests.Mod_2_SpaceTypes@1e04fa0a]" started-at="2023-11-07T04:04:22 PST" name="afterTest" finished-at="2023-11-07T04:04:32 PST" duration-ms="10134" status="PASS">
          <reporter-output>
          </reporter-output>
        </test-method> <!-- afterTest -->
        <test-method is-config="true" signature="beforeTest()[pri:0, instance:com.marina.tests.Mod_2_SpaceTypes@1e04fa0a]" started-at="2023-11-07T04:04:32 PST" name="beforeTest" finished-at="2023-11-07T04:05:01 PST" duration-ms="29435" status="PASS">
          <reporter-output>
          </reporter-output>
        </test-method> <!-- beforeTest -->
        <test-method signature="add_Spaces_Single_And_Carparking_Options_TC_213()[pri:6, instance:com.marina.tests.Mod_2_SpaceTypes@1e04fa0a]" started-at="2023-11-07T04:05:01 PST" name="add_Spaces_Single_And_Carparking_Options_TC_213" finished-at="2023-11-07T04:06:32 PST" duration-ms="90498" status="FAIL">
          <exception class="java.lang.AssertionError">
            <message>
              <![CDATA[expected [Test_tbt_001] but found [null]]]>
            </message>
            <full-stacktrace>
              <![CDATA[java.lang.AssertionError: expected [Test_tbt_001] but found [null]
at org.testng.Assert.fail(Assert.java:97)
at org.testng.Assert.failNotEquals(Assert.java:969)
at org.testng.Assert.assertEqualsImpl(Assert.java:131)
at org.testng.Assert.assertEquals(Assert.java:118)
at org.testng.Assert.assertEquals(Assert.java:575)
at org.testng.Assert.assertEquals(Assert.java:585)
at com.marina.tests.Mod_2_SpaceTypes.add_Spaces_Single_And_Carparking_Options_TC_213(Mod_2_SpaceTypes.java:190)
at java.base/jdk.internal.reflect.NativeMethodAccessorImpl.invoke0(Native Method)
at java.base/jdk.internal.reflect.NativeMethodAccessorImpl.invoke(NativeMethodAccessorImpl.java:77)
at java.base/jdk.internal.reflect.DelegatingMethodAccessorImpl.invoke(DelegatingMethodAccessorImpl.java:43)
at java.base/java.lang.reflect.Method.invoke(Method.java:568)
at org.testng.internal.MethodInvocationHelper.invokeMethod(MethodInvocationHelper.java:134)
at org.testng.internal.TestInvoker.invokeMethod(TestInvoker.java:597)
at org.testng.internal.TestInvoker.invokeTestMethod(TestInvoker.java:173)
at org.testng.internal.MethodRunner.runInSequence(MethodRunner.java:46)
at org.testng.internal.TestInvoker$MethodInvocationAgent.invoke(TestInvoker.java:816)
at org.testng.internal.TestInvoker.invokeTestMethods(TestInvoker.java:146)
at org.testng.internal.TestMethodWorker.invokeTestMethods(TestMethodWorker.java:146)
at org.testng.internal.TestMethodWorker.run(TestMethodWorker.java:128)
at java.base/java.util.concurrent.ThreadPoolExecutor.runWorker(ThreadPoolExecutor.java:1136)
at java.base/java.util.concurrent.ThreadPoolExecutor$Worker.run(ThreadPoolExecutor.java:635)
at java.base/java.lang.Thread.run(Thread.java:833)
]]>
            </full-stacktrace>
          </exception> <!-- java.lang.AssertionError -->
          <reporter-output>
          </reporter-output>
        </test-method> <!-- add_Spaces_Single_And_Carparking_Options_TC_213 -->
        <test-method is-config="true" signature="afterTest()[pri:0, instance:com.marina.tests.Mod_2_SpaceTypes@1e04fa0a]" started-at="2023-11-07T04:06:32 PST" name="afterTest" finished-at="2023-11-07T04:06:42 PST" duration-ms="9881" status="PASS">
          <reporter-output>
          </reporter-output>
        </test-method> <!-- afterTest -->
        <test-method is-config="true" signature="beforeTest()[pri:0, instance:com.marina.tests.Mod_2_SpaceTypes@1e04fa0a]" started-at="2023-11-07T04:06:42 PST" name="beforeTest" finished-at="2023-11-07T04:07:22 PST" duration-ms="39268" status="PASS">
          <reporter-output>
          </reporter-output>
        </test-method> <!-- beforeTest -->
        <test-method retried="true" signature="verifySpaceData_fromTableData_TC_205()[pri:6, instance:com.marina.tests.Mod_2_SpaceTypes@1e04fa0a]" started-at="2023-11-07T04:07:22 PST" name="verifySpaceData_fromTableData_TC_205" description="verify after insert data space record match with table record TC_205" finished-at="2023-11-07T04:09:21 PST" duration-ms="119156" status="SKIP">
          <exception class="java.lang.AssertionError">
            <message>
              <![CDATA[Arrays differ at element [4]: $/period != $/ft/period expected [$/period] but found [$/ft/period]]]>
            </message>
            <full-stacktrace>
              <![CDATA[java.lang.AssertionError: Arrays differ at element [4]: $/period != $/ft/period expected [$/period] but found [$/ft/period]
at org.testng.Assert.fail(Assert.java:97)
at org.testng.Assert.assertEqualsImpl(Assert.java:136)
at org.testng.Assert.assertEquals(Assert.java:1172)
at org.testng.Assert.assertEquals(Assert.java:1230)
at com.marina.tests.Mod_2_SpaceTypes.verifySpaceData_fromTableData_TC_205(Mod_2_SpaceTypes.java:122)
at java.base/jdk.internal.reflect.NativeMethodAccessorImpl.invoke0(Native Method)
at java.base/jdk.internal.reflect.NativeMethodAccessorImpl.invoke(NativeMethodAccessorImpl.java:77)
at java.base/jdk.internal.reflect.DelegatingMethodAccessorImpl.invoke(DelegatingMethodAccessorImpl.java:43)
at java.base/java.lang.reflect.Method.invoke(Method.java:568)
at org.testng.internal.MethodInvocationHelper.invokeMethod(MethodInvocationHelper.java:134)
at org.testng.internal.TestInvoker.invokeMethod(TestInvoker.java:597)
at org.testng.internal.TestInvoker.invokeTestMethod(TestInvoker.java:173)
at org.testng.internal.MethodRunner.runInSequence(MethodRunner.java:46)
at org.testng.internal.TestInvoker$MethodInvocationAgent.invoke(TestInvoker.java:816)
at org.testng.internal.TestInvoker.invokeTestMethods(TestInvoker.java:146)
at org.testng.internal.TestMethodWorker.invokeTestMethods(TestMethodWorker.java:146)
at org.testng.internal.TestMethodWorker.run(TestMethodWorker.java:128)
at java.base/java.util.concurrent.ThreadPoolExecutor.runWorker(ThreadPoolExecutor.java:1136)
at java.base/java.util.concurrent.ThreadPoolExecutor$Worker.run(ThreadPoolExecutor.java:635)
at java.base/java.lang.Thread.run(Thread.java:833)
]]>
            </full-stacktrace>
          </exception> <!-- java.lang.AssertionError -->
          <reporter-output>
          </reporter-output>
        </test-method> <!-- verifySpaceData_fromTableData_TC_205 -->
        <test-method is-config="true" signature="afterTest()[pri:0, instance:com.marina.tests.Mod_2_SpaceTypes@1e04fa0a]" started-at="2023-11-07T04:09:21 PST" name="afterTest" finished-at="2023-11-07T04:09:30 PST" duration-ms="9529" status="PASS">
          <reporter-output>
          </reporter-output>
        </test-method> <!-- afterTest -->
        <test-method is-config="true" signature="beforeTest()[pri:0, instance:com.marina.tests.Mod_2_SpaceTypes@1e04fa0a]" started-at="2023-11-07T04:09:30 PST" name="beforeTest" finished-at="2023-11-07T04:10:04 PST" duration-ms="33905" status="PASS">
          <reporter-output>
          </reporter-output>
        </test-method> <!-- beforeTest -->
        <test-method signature="verifySpaceData_fromTableData_TC_205()[pri:6, instance:com.marina.tests.Mod_2_SpaceTypes@1e04fa0a]" started-at="2023-11-07T04:10:04 PST" name="verifySpaceData_fromTableData_TC_205" description="verify after insert data space record match with table record TC_205" finished-at="2023-11-07T04:11:44 PST" duration-ms="99561" status="PASS">
          <reporter-output>
          </reporter-output>
        </test-method> <!-- verifySpaceData_fromTableData_TC_205 -->
        <test-method is-config="true" signature="afterTest()[pri:0, instance:com.marina.tests.Mod_2_SpaceTypes@1e04fa0a]" started-at="2023-11-07T04:11:44 PST" name="afterTest" finished-at="2023-11-07T04:11:54 PST" duration-ms="9836" status="PASS">
          <reporter-output>
          </reporter-output>
        </test-method> <!-- afterTest -->
        <test-method is-config="true" signature="beforeTest()[pri:0, instance:com.marina.tests.Mod_2_SpaceTypes@1e04fa0a]" started-at="2023-11-07T04:11:54 PST" name="beforeTest" finished-at="2023-11-07T04:12:26 PST" duration-ms="32449" status="PASS">
          <reporter-output>
          </reporter-output>
        </test-method> <!-- beforeTest -->
        <test-method signature="verifySpaceData_afterEdit_TC_208()[pri:9, instance:com.marina.tests.Mod_2_SpaceTypes@1e04fa0a]" started-at="2023-11-07T04:12:26 PST" name="verifySpaceData_afterEdit_TC_208" description="verify table data after edit space TC_208" finished-at="2023-11-07T04:14:51 PST" duration-ms="145384" status="PASS">
          <reporter-output>
          </reporter-output>
        </test-method> <!-- verifySpaceData_afterEdit_TC_208 -->
        <test-method is-config="true" signature="afterTest()[pri:0, instance:com.marina.tests.Mod_2_SpaceTypes@1e04fa0a]" started-at="2023-11-07T04:14:51 PST" name="afterTest" finished-at="2023-11-07T04:15:01 PST" duration-ms="9663" status="PASS">
          <reporter-output>
          </reporter-output>
        </test-method> <!-- afterTest -->
        <test-method is-config="true" signature="beforeTest()[pri:0, instance:com.marina.tests.Mod_2_SpaceTypes@1e04fa0a]" started-at="2023-11-07T04:15:01 PST" name="beforeTest" finished-at="2023-11-07T04:15:34 PST" duration-ms="32851" status="PASS">
          <reporter-output>
          </reporter-output>
        </test-method> <!-- beforeTest -->
        <test-method retried="true" signature="verify_serachField_withSpaceName_TC_211()[pri:12, instance:com.marina.tests.Mod_2_SpaceTypes@1e04fa0a]" started-at="2023-11-07T04:15:34 PST" name="verify_serachField_withSpaceName_TC_211" description="Search the added space from search field TC_211" finished-at="2023-11-07T04:16:20 PST" duration-ms="45939" status="SKIP">
          <exception class="java.lang.AssertionError">
            <message>
              <![CDATA[expected [Slip] but found [Test_tbt_001]]]>
            </message>
            <full-stacktrace>
              <![CDATA[java.lang.AssertionError: expected [Slip] but found [Test_tbt_001]
at org.testng.Assert.fail(Assert.java:97)
at org.testng.Assert.assertEqualsImpl(Assert.java:136)
at org.testng.Assert.assertEquals(Assert.java:118)
at org.testng.Assert.assertEquals(Assert.java:575)
at org.testng.Assert.assertEquals(Assert.java:585)
at com.marina.tests.Mod_2_SpaceTypes.verify_serachField_withSpaceName_TC_211(Mod_2_SpaceTypes.java:161)
at java.base/jdk.internal.reflect.NativeMethodAccessorImpl.invoke0(Native Method)
at java.base/jdk.internal.reflect.NativeMethodAccessorImpl.invoke(NativeMethodAccessorImpl.java:77)
at java.base/jdk.internal.reflect.DelegatingMethodAccessorImpl.invoke(DelegatingMethodAccessorImpl.java:43)
at java.base/java.lang.reflect.Method.invoke(Method.java:568)
at org.testng.internal.MethodInvocationHelper.invokeMethod(MethodInvocationHelper.java:134)
at org.testng.internal.TestInvoker.invokeMethod(TestInvoker.java:597)
at org.testng.internal.TestInvoker.invokeTestMethod(TestInvoker.java:173)
at org.testng.internal.MethodRunner.runInSequence(MethodRunner.java:46)
at org.testng.internal.TestInvoker$MethodInvocationAgent.invoke(TestInvoker.java:816)
at org.testng.internal.TestInvoker.invokeTestMethods(TestInvoker.java:146)
at org.testng.internal.TestMethodWorker.invokeTestMethods(TestMethodWorker.java:146)
at org.testng.internal.TestMethodWorker.run(TestMethodWorker.java:128)
at java.base/java.util.concurrent.ThreadPoolExecutor.runWorker(ThreadPoolExecutor.java:1136)
at java.base/java.util.concurrent.ThreadPoolExecutor$Worker.run(ThreadPoolExecutor.java:635)
at java.base/java.lang.Thread.run(Thread.java:833)
]]>
            </full-stacktrace>
          </exception> <!-- java.lang.AssertionError -->
          <reporter-output>
          </reporter-output>
        </test-method> <!-- verify_serachField_withSpaceName_TC_211 -->
        <test-method is-config="true" signature="afterTest()[pri:0, instance:com.marina.tests.Mod_2_SpaceTypes@1e04fa0a]" started-at="2023-11-07T04:16:20 PST" name="afterTest" finished-at="2023-11-07T04:17:07 PST" duration-ms="47348" status="PASS">
          <reporter-output>
          </reporter-output>
        </test-method> <!-- afterTest -->
        <test-method is-config="true" signature="beforeTest()[pri:0, instance:com.marina.tests.Mod_2_SpaceTypes@1e04fa0a]" started-at="2023-11-07T04:17:07 PST" name="beforeTest" finished-at="2023-11-07T04:18:17 PST" duration-ms="70034" status="PASS">
          <reporter-output>
          </reporter-output>
        </test-method> <!-- beforeTest -->
        <test-method signature="verify_serachField_withSpaceName_TC_211()[pri:12, instance:com.marina.tests.Mod_2_SpaceTypes@1e04fa0a]" started-at="2023-11-07T04:18:17 PST" name="verify_serachField_withSpaceName_TC_211" description="Search the added space from search field TC_211" finished-at="2023-11-07T04:20:17 PST" duration-ms="119871" status="PASS">
          <reporter-output>
          </reporter-output>
        </test-method> <!-- verify_serachField_withSpaceName_TC_211 -->
        <test-method is-config="true" signature="afterTest()[pri:0, instance:com.marina.tests.Mod_2_SpaceTypes@1e04fa0a]" started-at="2023-11-07T04:20:17 PST" name="afterTest" finished-at="2023-11-07T04:20:28 PST" duration-ms="10385" status="PASS">
          <reporter-output>
          </reporter-output>
        </test-method> <!-- afterTest -->
        <test-method is-config="true" signature="beforeTest()[pri:0, instance:com.marina.tests.Mod_2_SpaceTypes@1e04fa0a]" started-at="2023-11-07T04:20:28 PST" name="beforeTest" finished-at="2023-11-07T04:20:54 PST" duration-ms="26947" status="PASS">
          <reporter-output>
          </reporter-output>
        </test-method> <!-- beforeTest -->
        <test-method signature="verifyDeleteSpace_TC_212()[pri:13, instance:com.marina.tests.Mod_2_SpaceTypes@1e04fa0a]" started-at="2023-11-07T04:20:54 PST" name="verifyDeleteSpace_TC_212" description="verify after delete space from space table TC_212" finished-at="2023-11-07T04:22:17 PST" duration-ms="82905" status="PASS">
          <reporter-output>
          </reporter-output>
        </test-method> <!-- verifyDeleteSpace_TC_212 -->
        <test-method is-config="true" signature="afterTest()[pri:0, instance:com.marina.tests.Mod_2_SpaceTypes@1e04fa0a]" started-at="2023-11-07T04:22:17 PST" name="afterTest" finished-at="2023-11-07T04:22:28 PST" duration-ms="10141" status="PASS">
          <reporter-output>
          </reporter-output>
        </test-method> <!-- afterTest -->
      </class> <!-- com.marina.tests.Mod_2_SpaceTypes -->
    </test> <!-- test -->
  </suite> <!-- Suite -->
</testng-results>
