<?xml version="1.0" encoding="UTF-8"?>
<testng-results skipped="0" failed="1" ignored="0" total="1" passed="0">
  <reporter-output>
  </reporter-output>
  <suite name="Default suite" duration-ms="42776" started-at="2023-11-08T11:14:51 PKT" finished-at="2023-11-08T11:15:34 PKT">
    <groups>
    </groups>
    <test name="Default test" duration-ms="42776" started-at="2023-11-08T11:14:51 PKT" finished-at="2023-11-08T11:15:34 PKT">
      <class name="com.marina.tests.Mod_3_AllSpaces">
        <test-method status="PASS" signature="loadConfig()[pri:0, instance:com.marina.tests.Mod_3_AllSpaces@612679d6]" name="loadConfig" is-config="true" duration-ms="225" started-at="2023-11-08T11:14:51 PKT" finished-at="2023-11-08T11:14:51 PKT">
          <reporter-output>
          </reporter-output>
        </test-method> <!-- loadConfig -->
        <test-method status="PASS" signature="beforeTest()[pri:0, instance:com.marina.tests.Mod_3_AllSpaces@612679d6]" name="beforeTest" is-config="true" duration-ms="29666" started-at="2023-11-08T11:14:51 PKT" finished-at="2023-11-08T11:15:21 PKT">
          <reporter-output>
          </reporter-output>
        </test-method> <!-- beforeTest -->
        <test-method status="FAIL" signature="createNewSpaceMandatoryFields_TC_402()[pri:0, instance:com.marina.tests.Mod_3_AllSpaces@612679d6]" name="createNewSpaceMandatoryFields_TC_402" duration-ms="10348" started-at="2023-11-08T11:15:21 PKT" finished-at="2023-11-08T11:15:31 PKT">
          <exception class="java.lang.AssertionError">
            <message>
              <![CDATA[Arrays differ at element [1]: Automation Type !=  expected [Automation Type] but found []]]>
            </message>
            <full-stacktrace>
              <![CDATA[java.lang.AssertionError: Arrays differ at element [1]: Automation Type !=  expected [Automation Type] but found []
at org.testng.Assert.fail(Assert.java:97)
at org.testng.Assert.assertEqualsImpl(Assert.java:136)
at org.testng.Assert.assertEquals(Assert.java:1172)
at org.testng.Assert.assertEquals(Assert.java:1230)
at com.marina.tests.Mod_3_AllSpaces.createNewSpaceMandatoryFields_TC_402(Mod_3_AllSpaces.java:71)
at sun.reflect.NativeMethodAccessorImpl.invoke0(Native Method)
at sun.reflect.NativeMethodAccessorImpl.invoke(NativeMethodAccessorImpl.java:62)
at sun.reflect.DelegatingMethodAccessorImpl.invoke(DelegatingMethodAccessorImpl.java:43)
at java.lang.reflect.Method.invoke(Method.java:498)
at org.testng.internal.MethodInvocationHelper.invokeMethod(MethodInvocationHelper.java:134)
at org.testng.internal.TestInvoker.invokeMethod(TestInvoker.java:597)
at org.testng.internal.TestInvoker.invokeTestMethod(TestInvoker.java:173)
at org.testng.internal.MethodRunner.runInSequence(MethodRunner.java:46)
at org.testng.internal.TestInvoker$MethodInvocationAgent.invoke(TestInvoker.java:816)
at org.testng.internal.TestInvoker.invokeTestMethods(TestInvoker.java:146)
at org.testng.internal.TestMethodWorker.invokeTestMethods(TestMethodWorker.java:146)
at org.testng.internal.TestMethodWorker.run(TestMethodWorker.java:128)
at java.util.ArrayList.forEach(ArrayList.java:1257)
at org.testng.TestRunner.privateRun(TestRunner.java:766)
at org.testng.TestRunner.run(TestRunner.java:587)
at org.testng.SuiteRunner.runTest(SuiteRunner.java:384)
at org.testng.SuiteRunner.runSequentially(SuiteRunner.java:378)
at org.testng.SuiteRunner.privateRun(SuiteRunner.java:337)
at org.testng.SuiteRunner.run(SuiteRunner.java:286)
at org.testng.SuiteRunnerWorker.runSuite(SuiteRunnerWorker.java:53)
at org.testng.SuiteRunnerWorker.run(SuiteRunnerWorker.java:96)
at org.testng.TestNG.runSuitesSequentially(TestNG.java:1187)
at org.testng.TestNG.runSuitesLocally(TestNG.java:1109)
at org.testng.TestNG.runSuites(TestNG.java:1039)
at org.testng.TestNG.run(TestNG.java:1007)
at org.testng.remote.AbstractRemoteTestNG.run(AbstractRemoteTestNG.java:115)
at org.testng.remote.RemoteTestNG.initAndRun(RemoteTestNG.java:251)
at org.testng.remote.RemoteTestNG.main(RemoteTestNG.java:77)
]]>
            </full-stacktrace>
          </exception> <!-- java.lang.AssertionError -->
          <reporter-output>
          </reporter-output>
        </test-method> <!-- createNewSpaceMandatoryFields_TC_402 -->
        <test-method status="PASS" signature="afterTest()[pri:0, instance:com.marina.tests.Mod_3_AllSpaces@612679d6]" name="afterTest" is-config="true" duration-ms="2748" started-at="2023-11-08T11:15:31 PKT" finished-at="2023-11-08T11:15:34 PKT">
          <reporter-output>
          </reporter-output>
        </test-method> <!-- afterTest -->
        <test-method status="PASS" signature="afterSuite()[pri:0, instance:com.marina.tests.Mod_3_AllSpaces@612679d6]" name="afterSuite" is-config="true" duration-ms="380" started-at="2023-11-08T11:15:34 PKT" finished-at="2023-11-08T11:15:35 PKT">
          <reporter-output>
          </reporter-output>
        </test-method> <!-- afterSuite -->
      </class> <!-- com.marina.tests.Mod_3_AllSpaces -->
    </test> <!-- Default test -->
  </suite> <!-- Default suite -->
</testng-results>
