<?xml version="1.0" encoding="UTF-8"?>
<testng-results ignored="0" total="1" passed="1" failed="0" skipped="0">
  <reporter-output>
  </reporter-output>
  <suite started-at="2023-11-28T06:13:10 PST" name="Default suite" finished-at="2023-11-28T06:13:59 PST" duration-ms="49049">
    <groups>
      <group name="regression">
        <method signature="Mod_7_RatesStorage.nightly_delete_newley_bucketAndVerify_TC_1104()[pri:4, instance:com.marina.tests.Mod_7_RatesStorage@4229bb3f]" name="nightly_delete_newley_bucketAndVerify_TC_1104" class="com.marina.tests.Mod_7_RatesStorage"/>
      </group> <!-- regression -->
      <group name="smoke">
        <method signature="Mod_7_RatesStorage.nightly_delete_newley_bucketAndVerify_TC_1104()[pri:4, instance:com.marina.tests.Mod_7_RatesStorage@4229bb3f]" name="nightly_delete_newley_bucketAndVerify_TC_1104" class="com.marina.tests.Mod_7_RatesStorage"/>
      </group> <!-- smoke -->
    </groups>
    <test started-at="2023-11-28T06:13:10 PST" name="Default test" finished-at="2023-11-28T06:13:59 PST" duration-ms="49049">
      <class name="com.marina.tests.Mod_7_RatesStorage">
        <test-method is-config="true" signature="loadConfig()[pri:0, instance:com.marina.tests.Mod_7_RatesStorage@4229bb3f]" started-at="2023-11-28T06:13:10 PST" name="loadConfig" finished-at="2023-11-28T06:13:10 PST" duration-ms="495" status="PASS">
          <reporter-output>
          </reporter-output>
        </test-method> <!-- loadConfig -->
        <test-method is-config="true" signature="beforeTest()[pri:0, instance:com.marina.tests.Mod_7_RatesStorage@4229bb3f]" started-at="2023-11-28T06:13:10 PST" name="beforeTest" finished-at="2023-11-28T06:13:36 PST" duration-ms="25463" status="PASS">
          <reporter-output>
          </reporter-output>
        </test-method> <!-- beforeTest -->
        <test-method signature="nightly_delete_newley_bucketAndVerify_TC_1104()[pri:4, instance:com.marina.tests.Mod_7_RatesStorage@4229bb3f]" started-at="2023-11-28T06:13:36 PST" name="nightly_delete_newley_bucketAndVerify_TC_1104" description="Delete newly added buckets and verify rate group" finished-at="2023-11-28T06:13:55 PST" duration-ms="19758" status="PASS">
          <reporter-output>
          </reporter-output>
        </test-method> <!-- nightly_delete_newley_bucketAndVerify_TC_1104 -->
        <test-method is-config="true" signature="afterTest()[pri:0, instance:com.marina.tests.Mod_7_RatesStorage@4229bb3f]" started-at="2023-11-28T06:13:55 PST" name="afterTest" finished-at="2023-11-28T06:13:59 PST" duration-ms="3788" status="PASS">
          <reporter-output>
          </reporter-output>
        </test-method> <!-- afterTest -->
        <test-method is-config="true" signature="afterSuite()[pri:0, instance:com.marina.tests.Mod_7_RatesStorage@4229bb3f]" started-at="2023-11-28T06:13:59 PST" name="afterSuite" finished-at="2023-11-28T06:14:00 PST" duration-ms="415" status="PASS">
          <reporter-output>
          </reporter-output>
        </test-method> <!-- afterSuite -->
      </class> <!-- com.marina.tests.Mod_7_RatesStorage -->
    </test> <!-- Default test -->
  </suite> <!-- Default suite -->
</testng-results>
