<?xml version="1.0" encoding="UTF-8"?>
<testng-results ignored="0" total="6" passed="6" failed="0" skipped="0">
  <reporter-output>
  </reporter-output>
  <suite started-at="2023-12-01T21:21:48 PKT" name="Suite" finished-at="2023-12-01T21:30:15 PKT" duration-ms="507244">
    <groups>
      <group name="regression">
        <method signature="Mod_7_RatesStorage.TC_1106()[pri:6, instance:com.marina.tests.Mod_7_RatesStorage@581ac8a8]" name="TC_1106" class="com.marina.tests.Mod_7_RatesStorage"/>
        <method signature="Mod_7_RatesStorage.createGroup_verifyGroup_TC_1101()[pri:1, instance:com.marina.tests.Mod_7_RatesStorage@581ac8a8]" name="createGroup_verifyGroup_TC_1101" class="com.marina.tests.Mod_7_RatesStorage"/>
        <method signature="Mod_7_RatesStorage.newlyGroupCreated_RevisionHisotryEmpty_TC_1102()[pri:2, instance:com.marina.tests.Mod_7_RatesStorage@581ac8a8]" name="newlyGroupCreated_RevisionHisotryEmpty_TC_1102" class="com.marina.tests.Mod_7_RatesStorage"/>
        <method signature="Mod_7_RatesStorage.nighlty_addNew_Bucket_andVerifyBucket_TC_1103()[pri:3, instance:com.marina.tests.Mod_7_RatesStorage@581ac8a8]" name="nighlty_addNew_Bucket_andVerifyBucket_TC_1103" class="com.marina.tests.Mod_7_RatesStorage"/>
        <method signature="Mod_7_RatesStorage.nightly_add_record_without_holiday_TC_1105()[pri:5, instance:com.marina.tests.Mod_7_RatesStorage@581ac8a8]" name="nightly_add_record_without_holiday_TC_1105" class="com.marina.tests.Mod_7_RatesStorage"/>
        <method signature="Mod_7_RatesStorage.nightly_delete_newley_bucketAndVerify_TC_1104()[pri:4, instance:com.marina.tests.Mod_7_RatesStorage@581ac8a8]" name="nightly_delete_newley_bucketAndVerify_TC_1104" class="com.marina.tests.Mod_7_RatesStorage"/>
      </group> <!-- regression -->
      <group name="smoke">
        <method signature="Mod_7_RatesStorage.TC_1106()[pri:6, instance:com.marina.tests.Mod_7_RatesStorage@581ac8a8]" name="TC_1106" class="com.marina.tests.Mod_7_RatesStorage"/>
        <method signature="Mod_7_RatesStorage.createGroup_verifyGroup_TC_1101()[pri:1, instance:com.marina.tests.Mod_7_RatesStorage@581ac8a8]" name="createGroup_verifyGroup_TC_1101" class="com.marina.tests.Mod_7_RatesStorage"/>
        <method signature="Mod_7_RatesStorage.newlyGroupCreated_RevisionHisotryEmpty_TC_1102()[pri:2, instance:com.marina.tests.Mod_7_RatesStorage@581ac8a8]" name="newlyGroupCreated_RevisionHisotryEmpty_TC_1102" class="com.marina.tests.Mod_7_RatesStorage"/>
        <method signature="Mod_7_RatesStorage.nighlty_addNew_Bucket_andVerifyBucket_TC_1103()[pri:3, instance:com.marina.tests.Mod_7_RatesStorage@581ac8a8]" name="nighlty_addNew_Bucket_andVerifyBucket_TC_1103" class="com.marina.tests.Mod_7_RatesStorage"/>
        <method signature="Mod_7_RatesStorage.nightly_add_record_without_holiday_TC_1105()[pri:5, instance:com.marina.tests.Mod_7_RatesStorage@581ac8a8]" name="nightly_add_record_without_holiday_TC_1105" class="com.marina.tests.Mod_7_RatesStorage"/>
        <method signature="Mod_7_RatesStorage.nightly_delete_newley_bucketAndVerify_TC_1104()[pri:4, instance:com.marina.tests.Mod_7_RatesStorage@581ac8a8]" name="nightly_delete_newley_bucketAndVerify_TC_1104" class="com.marina.tests.Mod_7_RatesStorage"/>
      </group> <!-- smoke -->
    </groups>
    <test started-at="2023-12-01T21:21:48 PKT" name="test" finished-at="2023-12-01T21:30:15 PKT" duration-ms="507244">
      <class name="com.marina.tests.Mod_7_RatesStorage">
        <test-method is-config="true" signature="loadConfig()[pri:0, instance:com.marina.tests.Mod_7_RatesStorage@581ac8a8]" started-at="2023-12-01T21:21:47 PKT" name="loadConfig" finished-at="2023-12-01T21:21:48 PKT" duration-ms="743" status="PASS">
          <reporter-output>
          </reporter-output>
        </test-method> <!-- loadConfig -->
        <test-method is-config="true" signature="beforeTest()[pri:0, instance:com.marina.tests.Mod_7_RatesStorage@581ac8a8]" started-at="2023-12-01T21:21:48 PKT" name="beforeTest" finished-at="2023-12-01T21:22:19 PKT" duration-ms="30967" status="PASS">
          <reporter-output>
          </reporter-output>
        </test-method> <!-- beforeTest -->
        <test-method signature="createGroup_verifyGroup_TC_1101()[pri:1, instance:com.marina.tests.Mod_7_RatesStorage@581ac8a8]" started-at="2023-12-01T21:22:19 PKT" name="createGroup_verifyGroup_TC_1101" description="Creating Rate Group from Space Type, check rate group should be available" finished-at="2023-12-01T21:23:11 PKT" duration-ms="52211" status="PASS">
          <reporter-output>
          </reporter-output>
        </test-method> <!-- createGroup_verifyGroup_TC_1101 -->
        <test-method is-config="true" signature="afterTest()[pri:0, instance:com.marina.tests.Mod_7_RatesStorage@581ac8a8]" started-at="2023-12-01T21:23:11 PKT" name="afterTest" finished-at="2023-12-01T21:23:13 PKT" duration-ms="2161" status="PASS">
          <reporter-output>
          </reporter-output>
        </test-method> <!-- afterTest -->
        <test-method is-config="true" signature="beforeTest()[pri:0, instance:com.marina.tests.Mod_7_RatesStorage@581ac8a8]" started-at="2023-12-01T21:23:13 PKT" name="beforeTest" finished-at="2023-12-01T21:23:42 PKT" duration-ms="28740" status="PASS">
          <reporter-output>
          </reporter-output>
        </test-method> <!-- beforeTest -->
        <test-method signature="newlyGroupCreated_RevisionHisotryEmpty_TC_1102()[pri:2, instance:com.marina.tests.Mod_7_RatesStorage@581ac8a8]" started-at="2023-12-01T21:23:42 PKT" name="newlyGroupCreated_RevisionHisotryEmpty_TC_1102" description="No Revision History should be available in newly created rate group" finished-at="2023-12-01T21:24:39 PKT" duration-ms="56866" status="PASS">
          <reporter-output>
          </reporter-output>
        </test-method> <!-- newlyGroupCreated_RevisionHisotryEmpty_TC_1102 -->
        <test-method is-config="true" signature="afterTest()[pri:0, instance:com.marina.tests.Mod_7_RatesStorage@581ac8a8]" started-at="2023-12-01T21:24:39 PKT" name="afterTest" finished-at="2023-12-01T21:24:42 PKT" duration-ms="3726" status="PASS">
          <reporter-output>
          </reporter-output>
        </test-method> <!-- afterTest -->
        <test-method is-config="true" signature="beforeTest()[pri:0, instance:com.marina.tests.Mod_7_RatesStorage@581ac8a8]" started-at="2023-12-01T21:24:42 PKT" name="beforeTest" finished-at="2023-12-01T21:25:18 PKT" duration-ms="35631" status="PASS">
          <reporter-output>
          </reporter-output>
        </test-method> <!-- beforeTest -->
        <test-method signature="nighlty_addNew_Bucket_andVerifyBucket_TC_1103()[pri:3, instance:com.marina.tests.Mod_7_RatesStorage@581ac8a8]" started-at="2023-12-01T21:25:18 PKT" name="nighlty_addNew_Bucket_andVerifyBucket_TC_1103" description="Add New buckets and verify in specific rate group" finished-at="2023-12-01T21:25:34 PKT" duration-ms="16297" status="PASS">
          <reporter-output>
          </reporter-output>
        </test-method> <!-- nighlty_addNew_Bucket_andVerifyBucket_TC_1103 -->
        <test-method is-config="true" signature="afterTest()[pri:0, instance:com.marina.tests.Mod_7_RatesStorage@581ac8a8]" started-at="2023-12-01T21:25:34 PKT" name="afterTest" finished-at="2023-12-01T21:25:37 PKT" duration-ms="2652" status="PASS">
          <reporter-output>
          </reporter-output>
        </test-method> <!-- afterTest -->
        <test-method is-config="true" signature="beforeTest()[pri:0, instance:com.marina.tests.Mod_7_RatesStorage@581ac8a8]" started-at="2023-12-01T21:25:37 PKT" name="beforeTest" finished-at="2023-12-01T21:26:12 PKT" duration-ms="35154" status="PASS">
          <reporter-output>
          </reporter-output>
        </test-method> <!-- beforeTest -->
        <test-method signature="nightly_delete_newley_bucketAndVerify_TC_1104()[pri:4, instance:com.marina.tests.Mod_7_RatesStorage@581ac8a8]" started-at="2023-12-01T21:26:12 PKT" name="nightly_delete_newley_bucketAndVerify_TC_1104" description="Delete newly added buckets and verify rate group" finished-at="2023-12-01T21:26:39 PKT" duration-ms="26883" status="PASS">
          <reporter-output>
          </reporter-output>
        </test-method> <!-- nightly_delete_newley_bucketAndVerify_TC_1104 -->
        <test-method is-config="true" signature="afterTest()[pri:0, instance:com.marina.tests.Mod_7_RatesStorage@581ac8a8]" started-at="2023-12-01T21:26:39 PKT" name="afterTest" finished-at="2023-12-01T21:26:42 PKT" duration-ms="3319" status="PASS">
          <reporter-output>
          </reporter-output>
        </test-method> <!-- afterTest -->
        <test-method is-config="true" signature="beforeTest()[pri:0, instance:com.marina.tests.Mod_7_RatesStorage@581ac8a8]" started-at="2023-12-01T21:26:42 PKT" name="beforeTest" finished-at="2023-12-01T21:27:17 PKT" duration-ms="34253" status="PASS">
          <reporter-output>
          </reporter-output>
        </test-method> <!-- beforeTest -->
        <test-method signature="nightly_add_record_without_holiday_TC_1105()[pri:5, instance:com.marina.tests.Mod_7_RatesStorage@581ac8a8]" started-at="2023-12-01T21:27:17 PKT" name="nightly_add_record_without_holiday_TC_1105" description="Create Nightly rate group with single row and without holiday" finished-at="2023-12-01T21:28:49 PKT" duration-ms="91837" status="PASS">
          <reporter-output>
          </reporter-output>
        </test-method> <!-- nightly_add_record_without_holiday_TC_1105 -->
        <test-method is-config="true" signature="afterTest()[pri:0, instance:com.marina.tests.Mod_7_RatesStorage@581ac8a8]" started-at="2023-12-01T21:28:49 PKT" name="afterTest" finished-at="2023-12-01T21:28:51 PKT" duration-ms="2598" status="PASS">
          <reporter-output>
          </reporter-output>
        </test-method> <!-- afterTest -->
        <test-method is-config="true" signature="beforeTest()[pri:0, instance:com.marina.tests.Mod_7_RatesStorage@581ac8a8]" started-at="2023-12-01T21:28:51 PKT" name="beforeTest" finished-at="2023-12-01T21:29:23 PKT" duration-ms="31743" status="PASS">
          <reporter-output>
          </reporter-output>
        </test-method> <!-- beforeTest -->
        <test-method signature="TC_1106()[pri:6, instance:com.marina.tests.Mod_7_RatesStorage@581ac8a8]" started-at="2023-12-01T21:29:23 PKT" name="TC_1106" description="Verify all the added rates for all the different sizes" finished-at="2023-12-01T21:30:08 PKT" duration-ms="45452" status="PASS">
          <reporter-output>
          </reporter-output>
        </test-method> <!-- TC_1106 -->
        <test-method is-config="true" signature="afterTest()[pri:0, instance:com.marina.tests.Mod_7_RatesStorage@581ac8a8]" started-at="2023-12-01T21:30:08 PKT" name="afterTest" finished-at="2023-12-01T21:30:15 PKT" duration-ms="6634" status="PASS">
          <reporter-output>
          </reporter-output>
        </test-method> <!-- afterTest -->
        <test-method is-config="true" signature="afterSuite()[pri:0, instance:com.marina.tests.Mod_7_RatesStorage@581ac8a8]" started-at="2023-12-01T21:30:15 PKT" name="afterSuite" finished-at="2023-12-01T21:30:15 PKT" duration-ms="457" status="PASS">
          <reporter-output>
          </reporter-output>
        </test-method> <!-- afterSuite -->
      </class> <!-- com.marina.tests.Mod_7_RatesStorage -->
    </test> <!-- test -->
  </suite> <!-- Suite -->
</testng-results>
