<?xml version="1.0" encoding="UTF-8"?>
<testng-results ignored="0" total="12" passed="8" failed="3" skipped="1">
  <reporter-output>
  </reporter-output>
  <suite started-at="2023-11-20T05:41:05 PST" name="Suite" finished-at="2023-11-20T06:03:44 PST" duration-ms="1359217">
    <groups>
      <group name="regression">
        <method signature="Mod_2_SpaceTypes.SelectionUnitPeriod_and_verify_two_option_TC_214()[pri:15, instance:com.marina.tests.Mod_2_SpaceTypes@bae7dc0]" name="SelectionUnitPeriod_and_verify_two_option_TC_214" class="com.marina.tests.Mod_2_SpaceTypes"/>
        <method signature="Mod_2_SpaceTypes.verifySpacePage_Tc_201()[pri:2, instance:com.marina.tests.Mod_2_SpaceTypes@bae7dc0]" name="verifySpacePage_Tc_201" class="com.marina.tests.Mod_2_SpaceTypes"/>
        <method signature="Mod_2_SpaceTypes.verifyPopupAddSpace_TC_202()[pri:3, instance:com.marina.tests.Mod_2_SpaceTypes@bae7dc0]" name="verifyPopupAddSpace_TC_202" class="com.marina.tests.Mod_2_SpaceTypes"/>
        <method signature="Mod_2_SpaceTypes.multipleUsersWithMutlipleSelections_TC_203()[pri:4, instance:com.marina.tests.Mod_2_SpaceTypes@bae7dc0]" name="multipleUsersWithMutlipleSelections_TC_203" class="com.marina.tests.Mod_2_SpaceTypes"/>
        <method signature="Mod_2_SpaceTypes.addSpace_skippingFileds_TC_204()[pri:5, instance:com.marina.tests.Mod_2_SpaceTypes@bae7dc0]" name="addSpace_skippingFileds_TC_204" class="com.marina.tests.Mod_2_SpaceTypes"/>
        <method signature="Mod_2_SpaceTypes.verifySpaceData_fromTableData_TC_205()[pri:6, instance:com.marina.tests.Mod_2_SpaceTypes@bae7dc0]" name="verifySpaceData_fromTableData_TC_205" class="com.marina.tests.Mod_2_SpaceTypes"/>
        <method signature="Mod_2_SpaceTypes.verifySpaceData_afterEdit_TC_208()[pri:9, instance:com.marina.tests.Mod_2_SpaceTypes@bae7dc0]" name="verifySpaceData_afterEdit_TC_208" class="com.marina.tests.Mod_2_SpaceTypes"/>
        <method signature="Mod_2_SpaceTypes.exportNewAddSpace_verifyCompleteRecords_TC_209()[pri:10, instance:com.marina.tests.Mod_2_SpaceTypes@bae7dc0]" name="exportNewAddSpace_verifyCompleteRecords_TC_209" class="com.marina.tests.Mod_2_SpaceTypes"/>
        <method signature="Mod_2_SpaceTypes.exportSpacesGoogleSheet_TC_210()[pri:11, instance:com.marina.tests.Mod_2_SpaceTypes@bae7dc0]" name="exportSpacesGoogleSheet_TC_210" class="com.marina.tests.Mod_2_SpaceTypes"/>
        <method signature="Mod_2_SpaceTypes.verify_serachField_withSpaceName_TC_211()[pri:12, instance:com.marina.tests.Mod_2_SpaceTypes@bae7dc0]" name="verify_serachField_withSpaceName_TC_211" class="com.marina.tests.Mod_2_SpaceTypes"/>
        <method signature="Mod_2_SpaceTypes.verifyDeleteSpace_TC_212()[pri:13, instance:com.marina.tests.Mod_2_SpaceTypes@bae7dc0]" name="verifyDeleteSpace_TC_212" class="com.marina.tests.Mod_2_SpaceTypes"/>
        <method signature="Mod_2_SpaceTypes.add_Spaces_Single_And_Carparking_Options_TC_213()[pri:14, instance:com.marina.tests.Mod_2_SpaceTypes@bae7dc0]" name="add_Spaces_Single_And_Carparking_Options_TC_213" class="com.marina.tests.Mod_2_SpaceTypes"/>
      </group> <!-- regression -->
      <group name="smoke">
        <method signature="Mod_2_SpaceTypes.SelectionUnitPeriod_and_verify_two_option_TC_214()[pri:15, instance:com.marina.tests.Mod_2_SpaceTypes@bae7dc0]" name="SelectionUnitPeriod_and_verify_two_option_TC_214" class="com.marina.tests.Mod_2_SpaceTypes"/>
        <method signature="Mod_2_SpaceTypes.verifySpacePage_Tc_201()[pri:2, instance:com.marina.tests.Mod_2_SpaceTypes@bae7dc0]" name="verifySpacePage_Tc_201" class="com.marina.tests.Mod_2_SpaceTypes"/>
        <method signature="Mod_2_SpaceTypes.verifyPopupAddSpace_TC_202()[pri:3, instance:com.marina.tests.Mod_2_SpaceTypes@bae7dc0]" name="verifyPopupAddSpace_TC_202" class="com.marina.tests.Mod_2_SpaceTypes"/>
        <method signature="Mod_2_SpaceTypes.addSpace_skippingFileds_TC_204()[pri:5, instance:com.marina.tests.Mod_2_SpaceTypes@bae7dc0]" name="addSpace_skippingFileds_TC_204" class="com.marina.tests.Mod_2_SpaceTypes"/>
        <method signature="Mod_2_SpaceTypes.verifySpaceData_fromTableData_TC_205()[pri:6, instance:com.marina.tests.Mod_2_SpaceTypes@bae7dc0]" name="verifySpaceData_fromTableData_TC_205" class="com.marina.tests.Mod_2_SpaceTypes"/>
        <method signature="Mod_2_SpaceTypes.verifySpaceData_afterEdit_TC_208()[pri:9, instance:com.marina.tests.Mod_2_SpaceTypes@bae7dc0]" name="verifySpaceData_afterEdit_TC_208" class="com.marina.tests.Mod_2_SpaceTypes"/>
        <method signature="Mod_2_SpaceTypes.exportNewAddSpace_verifyCompleteRecords_TC_209()[pri:10, instance:com.marina.tests.Mod_2_SpaceTypes@bae7dc0]" name="exportNewAddSpace_verifyCompleteRecords_TC_209" class="com.marina.tests.Mod_2_SpaceTypes"/>
        <method signature="Mod_2_SpaceTypes.exportSpacesGoogleSheet_TC_210()[pri:11, instance:com.marina.tests.Mod_2_SpaceTypes@bae7dc0]" name="exportSpacesGoogleSheet_TC_210" class="com.marina.tests.Mod_2_SpaceTypes"/>
        <method signature="Mod_2_SpaceTypes.verify_serachField_withSpaceName_TC_211()[pri:12, instance:com.marina.tests.Mod_2_SpaceTypes@bae7dc0]" name="verify_serachField_withSpaceName_TC_211" class="com.marina.tests.Mod_2_SpaceTypes"/>
        <method signature="Mod_2_SpaceTypes.verifyDeleteSpace_TC_212()[pri:13, instance:com.marina.tests.Mod_2_SpaceTypes@bae7dc0]" name="verifyDeleteSpace_TC_212" class="com.marina.tests.Mod_2_SpaceTypes"/>
        <method signature="Mod_2_SpaceTypes.add_Spaces_Single_And_Carparking_Options_TC_213()[pri:14, instance:com.marina.tests.Mod_2_SpaceTypes@bae7dc0]" name="add_Spaces_Single_And_Carparking_Options_TC_213" class="com.marina.tests.Mod_2_SpaceTypes"/>
      </group> <!-- smoke -->
      <group name="sanity">
        <method signature="Mod_2_SpaceTypes.verifySpacePage_Tc_201()[pri:2, instance:com.marina.tests.Mod_2_SpaceTypes@bae7dc0]" name="verifySpacePage_Tc_201" class="com.marina.tests.Mod_2_SpaceTypes"/>
        <method signature="Mod_2_SpaceTypes.verifyPopupAddSpace_TC_202()[pri:3, instance:com.marina.tests.Mod_2_SpaceTypes@bae7dc0]" name="verifyPopupAddSpace_TC_202" class="com.marina.tests.Mod_2_SpaceTypes"/>
        <method signature="Mod_2_SpaceTypes.addSpace_skippingFileds_TC_204()[pri:5, instance:com.marina.tests.Mod_2_SpaceTypes@bae7dc0]" name="addSpace_skippingFileds_TC_204" class="com.marina.tests.Mod_2_SpaceTypes"/>
        <method signature="Mod_2_SpaceTypes.verifySpaceData_fromTableData_TC_205()[pri:6, instance:com.marina.tests.Mod_2_SpaceTypes@bae7dc0]" name="verifySpaceData_fromTableData_TC_205" class="com.marina.tests.Mod_2_SpaceTypes"/>
        <method signature="Mod_2_SpaceTypes.verifySpaceData_afterEdit_TC_208()[pri:9, instance:com.marina.tests.Mod_2_SpaceTypes@bae7dc0]" name="verifySpaceData_afterEdit_TC_208" class="com.marina.tests.Mod_2_SpaceTypes"/>
        <method signature="Mod_2_SpaceTypes.exportNewAddSpace_verifyCompleteRecords_TC_209()[pri:10, instance:com.marina.tests.Mod_2_SpaceTypes@bae7dc0]" name="exportNewAddSpace_verifyCompleteRecords_TC_209" class="com.marina.tests.Mod_2_SpaceTypes"/>
        <method signature="Mod_2_SpaceTypes.exportSpacesGoogleSheet_TC_210()[pri:11, instance:com.marina.tests.Mod_2_SpaceTypes@bae7dc0]" name="exportSpacesGoogleSheet_TC_210" class="com.marina.tests.Mod_2_SpaceTypes"/>
        <method signature="Mod_2_SpaceTypes.verify_serachField_withSpaceName_TC_211()[pri:12, instance:com.marina.tests.Mod_2_SpaceTypes@bae7dc0]" name="verify_serachField_withSpaceName_TC_211" class="com.marina.tests.Mod_2_SpaceTypes"/>
        <method signature="Mod_2_SpaceTypes.verifyDeleteSpace_TC_212()[pri:13, instance:com.marina.tests.Mod_2_SpaceTypes@bae7dc0]" name="verifyDeleteSpace_TC_212" class="com.marina.tests.Mod_2_SpaceTypes"/>
      </group> <!-- sanity -->
    </groups>
    <test started-at="2023-11-20T05:41:05 PST" name="test" finished-at="2023-11-20T06:03:44 PST" duration-ms="1359217">
      <class name="com.marina.tests.Mod_2_SpaceTypes">
        <test-method is-config="true" signature="loadConfig()[pri:0, instance:com.marina.tests.Mod_2_SpaceTypes@bae7dc0]" started-at="2023-11-20T05:41:05 PST" name="loadConfig" finished-at="2023-11-20T05:41:05 PST" duration-ms="402" status="PASS">
          <reporter-output>
          </reporter-output>
        </test-method> <!-- loadConfig -->
        <test-method is-config="true" signature="beforeTest()[pri:0, instance:com.marina.tests.Mod_2_SpaceTypes@bae7dc0]" started-at="2023-11-20T05:41:05 PST" name="beforeTest" finished-at="2023-11-20T05:41:36 PST" duration-ms="30558" status="PASS">
          <reporter-output>
          </reporter-output>
        </test-method> <!-- beforeTest -->
        <test-method signature="verifySpacePage_Tc_201()[pri:2, instance:com.marina.tests.Mod_2_SpaceTypes@bae7dc0]" started-at="2023-11-20T05:41:36 PST" name="verifySpacePage_Tc_201" description="Clicking space type link should open space type page TC_201" finished-at="2023-11-20T05:41:36 PST" duration-ms="87" status="PASS">
          <reporter-output>
          </reporter-output>
        </test-method> <!-- verifySpacePage_Tc_201 -->
        <test-method is-config="true" signature="afterTest()[pri:0, instance:com.marina.tests.Mod_2_SpaceTypes@bae7dc0]" started-at="2023-11-20T05:41:36 PST" name="afterTest" finished-at="2023-11-20T05:41:38 PST" duration-ms="2448" status="PASS">
          <reporter-output>
          </reporter-output>
        </test-method> <!-- afterTest -->
        <test-method is-config="true" signature="beforeTest()[pri:0, instance:com.marina.tests.Mod_2_SpaceTypes@bae7dc0]" started-at="2023-11-20T05:41:38 PST" name="beforeTest" finished-at="2023-11-20T05:42:01 PST" duration-ms="22642" status="PASS">
          <reporter-output>
          </reporter-output>
        </test-method> <!-- beforeTest -->
        <test-method signature="verifyPopupAddSpace_TC_202()[pri:3, instance:com.marina.tests.Mod_2_SpaceTypes@bae7dc0]" started-at="2023-11-20T05:42:01 PST" name="verifyPopupAddSpace_TC_202" description=" Clicking add space type button, add new space type window should appear TC 202" finished-at="2023-11-20T05:42:03 PST" depends-on-methods="com.marina.tests.Mod_2_SpaceTypes.verifySpacePage_Tc_201" duration-ms="2117" status="PASS">
          <reporter-output>
          </reporter-output>
        </test-method> <!-- verifyPopupAddSpace_TC_202 -->
        <test-method is-config="true" signature="afterTest()[pri:0, instance:com.marina.tests.Mod_2_SpaceTypes@bae7dc0]" started-at="2023-11-20T05:42:03 PST" name="afterTest" finished-at="2023-11-20T05:42:18 PST" duration-ms="15538" status="PASS">
          <reporter-output>
          </reporter-output>
        </test-method> <!-- afterTest -->
        <test-method is-config="true" signature="beforeTest()[pri:0, instance:com.marina.tests.Mod_2_SpaceTypes@bae7dc0]" started-at="2023-11-20T05:42:18 PST" name="beforeTest" finished-at="2023-11-20T05:42:46 PST" duration-ms="27428" status="PASS">
          <reporter-output>
          </reporter-output>
        </test-method> <!-- beforeTest -->
        <test-method signature="multipleUsersWithMutlipleSelections_TC_203()[pri:4, instance:com.marina.tests.Mod_2_SpaceTypes@bae7dc0]" started-at="2023-11-20T05:42:46 PST" name="multipleUsersWithMutlipleSelections_TC_203" description="Multi spaces added with different options TC_203" finished-at="2023-11-20T05:47:11 PST" depends-on-methods="com.marina.tests.Mod_2_SpaceTypes.verifyPopupAddSpace_TC_202" duration-ms="265272" status="PASS">
          <reporter-output>
          </reporter-output>
        </test-method> <!-- multipleUsersWithMutlipleSelections_TC_203 -->
        <test-method is-config="true" signature="afterTest()[pri:0, instance:com.marina.tests.Mod_2_SpaceTypes@bae7dc0]" started-at="2023-11-20T05:47:11 PST" name="afterTest" finished-at="2023-11-20T05:47:18 PST" duration-ms="7421" status="PASS">
          <reporter-output>
          </reporter-output>
        </test-method> <!-- afterTest -->
        <test-method is-config="true" signature="beforeTest()[pri:0, instance:com.marina.tests.Mod_2_SpaceTypes@bae7dc0]" started-at="2023-11-20T05:47:18 PST" name="beforeTest" finished-at="2023-11-20T05:47:42 PST" duration-ms="23477" status="PASS">
          <reporter-output>
          </reporter-output>
        </test-method> <!-- beforeTest -->
        <test-method signature="addSpace_skippingFileds_TC_204()[pri:5, instance:com.marina.tests.Mod_2_SpaceTypes@bae7dc0]" started-at="2023-11-20T05:47:42 PST" name="addSpace_skippingFileds_TC_204" description="Verify skipping fields of add space TC_204" finished-at="2023-11-20T05:48:12 PST" depends-on-methods="com.marina.tests.Mod_2_SpaceTypes.multipleUsersWithMutlipleSelections_TC_203" duration-ms="29981" status="PASS">
          <reporter-output>
          </reporter-output>
        </test-method> <!-- addSpace_skippingFileds_TC_204 -->
        <test-method is-config="true" signature="afterTest()[pri:0, instance:com.marina.tests.Mod_2_SpaceTypes@bae7dc0]" started-at="2023-11-20T05:48:12 PST" name="afterTest" finished-at="2023-11-20T05:48:19 PST" duration-ms="6589" status="PASS">
          <reporter-output>
          </reporter-output>
        </test-method> <!-- afterTest -->
        <test-method is-config="true" signature="beforeTest()[pri:0, instance:com.marina.tests.Mod_2_SpaceTypes@bae7dc0]" started-at="2023-11-20T05:48:19 PST" name="beforeTest" finished-at="2023-11-20T05:48:43 PST" duration-ms="24550" status="PASS">
          <reporter-output>
          </reporter-output>
        </test-method> <!-- beforeTest -->
        <test-method signature="verifySpaceData_fromTableData_TC_205()[pri:6, instance:com.marina.tests.Mod_2_SpaceTypes@bae7dc0]" started-at="2023-11-20T05:48:43 PST" name="verifySpaceData_fromTableData_TC_205" description="Verify after insert data space record match with table record TC_205" finished-at="2023-11-20T05:50:10 PST" depends-on-methods="com.marina.tests.Mod_2_SpaceTypes.addSpace_skippingFileds_TC_204" duration-ms="87084" status="PASS">
          <reporter-output>
          </reporter-output>
        </test-method> <!-- verifySpaceData_fromTableData_TC_205 -->
        <test-method is-config="true" signature="afterTest()[pri:0, instance:com.marina.tests.Mod_2_SpaceTypes@bae7dc0]" started-at="2023-11-20T05:50:10 PST" name="afterTest" finished-at="2023-11-20T05:50:19 PST" duration-ms="8608" status="PASS">
          <reporter-output>
          </reporter-output>
        </test-method> <!-- afterTest -->
        <test-method is-config="true" signature="beforeTest()[pri:0, instance:com.marina.tests.Mod_2_SpaceTypes@bae7dc0]" started-at="2023-11-20T05:50:19 PST" name="beforeTest" finished-at="2023-11-20T05:50:44 PST" duration-ms="25210" status="PASS">
          <reporter-output>
          </reporter-output>
        </test-method> <!-- beforeTest -->
        <test-method signature="verifySpaceData_afterEdit_TC_208()[pri:9, instance:com.marina.tests.Mod_2_SpaceTypes@bae7dc0]" started-at="2023-11-20T05:50:44 PST" name="verifySpaceData_afterEdit_TC_208" description="Verify table data after edit space TC_208" finished-at="2023-11-20T05:52:47 PST" depends-on-methods="com.marina.tests.Mod_2_SpaceTypes.verifySpaceData_fromTableData_TC_205" duration-ms="122717" status="PASS">
          <reporter-output>
          </reporter-output>
        </test-method> <!-- verifySpaceData_afterEdit_TC_208 -->
        <test-method is-config="true" signature="afterTest()[pri:0, instance:com.marina.tests.Mod_2_SpaceTypes@bae7dc0]" started-at="2023-11-20T05:52:47 PST" name="afterTest" finished-at="2023-11-20T05:52:51 PST" duration-ms="4495" status="PASS">
          <reporter-output>
          </reporter-output>
        </test-method> <!-- afterTest -->
        <test-method is-config="true" signature="beforeTest()[pri:0, instance:com.marina.tests.Mod_2_SpaceTypes@bae7dc0]" started-at="2023-11-20T05:52:51 PST" name="beforeTest" finished-at="2023-11-20T05:53:28 PST" duration-ms="36671" status="PASS">
          <reporter-output>
          </reporter-output>
        </test-method> <!-- beforeTest -->
        <test-method signature="exportNewAddSpace_verifyCompleteRecords_TC_209()[pri:10, instance:com.marina.tests.Mod_2_SpaceTypes@bae7dc0]" started-at="2023-11-20T05:53:28 PST" name="exportNewAddSpace_verifyCompleteRecords_TC_209" description="Verify the new space type to excel sheet and check the complete records export TC_209" finished-at="2023-11-20T05:54:41 PST" depends-on-methods="com.marina.tests.Mod_2_SpaceTypes.verifySpaceData_afterEdit_TC_208" duration-ms="72848" status="FAIL">
          <exception class="org.openqa.selenium.TimeoutException">
            <message>
              <![CDATA[Expected condition failed: waiting for visibility of Proxy element for: DefaultElementLocator 'By.xpath: //button[text()='Excel Sheet']' (tried for 60 second(s) with 500 milliseconds interval)]]>
            </message>
            <full-stacktrace>
              <![CDATA[org.openqa.selenium.TimeoutException: Expected condition failed: waiting for visibility of Proxy element for: DefaultElementLocator 'By.xpath: //button[text()='Excel Sheet']' (tried for 60 second(s) with 500 milliseconds interval)
at org.openqa.selenium.support.ui.WebDriverWait.timeoutException(WebDriverWait.java:84)
at org.openqa.selenium.support.ui.FluentWait.until(FluentWait.java:230)
at com.marina.actiondriver.Action.explicitWait(Action.java:800)
at com.marina.pages.SpaceTypesPage.exportDataToExcel(SpaceTypesPage.java:378)
at com.marina.tests.Mod_2_SpaceTypes.exportNewAddSpace_verifyCompleteRecords_TC_209(Mod_2_SpaceTypes.java:166)
at java.base/jdk.internal.reflect.NativeMethodAccessorImpl.invoke0(Native Method)
at java.base/jdk.internal.reflect.NativeMethodAccessorImpl.invoke(NativeMethodAccessorImpl.java:77)
at java.base/jdk.internal.reflect.DelegatingMethodAccessorImpl.invoke(DelegatingMethodAccessorImpl.java:43)
at java.base/java.lang.reflect.Method.invoke(Method.java:568)
at org.testng.internal.MethodInvocationHelper.invokeMethod(MethodInvocationHelper.java:134)
at org.testng.internal.TestInvoker.invokeMethod(TestInvoker.java:597)
at org.testng.internal.TestInvoker.invokeTestMethod(TestInvoker.java:173)
at org.testng.internal.MethodRunner.runInSequence(MethodRunner.java:46)
at org.testng.internal.TestInvoker$MethodInvocationAgent.invoke(TestInvoker.java:816)
at org.testng.internal.TestInvoker.invokeTestMethods(TestInvoker.java:146)
at org.testng.internal.TestMethodWorker.invokeTestMethods(TestMethodWorker.java:146)
at org.testng.internal.TestMethodWorker.run(TestMethodWorker.java:128)
at java.base/java.util.ArrayList.forEach(ArrayList.java:1511)
at org.testng.TestRunner.privateRun(TestRunner.java:766)
at org.testng.TestRunner.run(TestRunner.java:587)
at org.testng.SuiteRunner.runTest(SuiteRunner.java:384)
at org.testng.SuiteRunner.runSequentially(SuiteRunner.java:378)
at org.testng.SuiteRunner.privateRun(SuiteRunner.java:337)
at org.testng.SuiteRunner.run(SuiteRunner.java:286)
at org.testng.SuiteRunnerWorker.runSuite(SuiteRunnerWorker.java:53)
at org.testng.SuiteRunnerWorker.run(SuiteRunnerWorker.java:96)
at org.testng.TestNG.runSuitesSequentially(TestNG.java:1187)
at org.testng.TestNG.runSuitesLocally(TestNG.java:1109)
at org.testng.TestNG.runSuites(TestNG.java:1039)
at org.testng.TestNG.run(TestNG.java:1007)
at org.testng.remote.AbstractRemoteTestNG.run(AbstractRemoteTestNG.java:115)
at org.testng.remote.RemoteTestNG.initAndRun(RemoteTestNG.java:251)
at org.testng.remote.RemoteTestNG.main(RemoteTestNG.java:77)
Caused by: org.openqa.selenium.NoSuchElementException: no such element: Unable to locate element: {"method":"xpath","selector":"//button[text()='Excel Sheet']"}
  (Session info: chrome=119.0.6045.160)
For documentation on this error, please visit: https://www.selenium.dev/documentation/webdriver/troubleshooting/errors#no-such-element-exception
Build info: version: '4.13.0', revision: 'ba948ece5b*'
System info: os.name: 'Windows 10', os.arch: 'amd64', os.version: '10.0', java.version: '17.0.9'
Driver info: org.openqa.selenium.chrome.ChromeDriver
Command: [1e91ac4968d42616dbd881fa00b9a602, findElement {using=xpath, value=//button[text()='Excel Sheet']}]
Capabilities {acceptInsecureCerts: false, browserName: chrome, browserVersion: 119.0.6045.160, chrome: {chromedriverVersion: 119.0.6045.105 (38c72552c5e..., userDataDir: C:\Users\TALHA~1.TAH\AppDat...}, fedcm:accounts: true, goog:chromeOptions: {debuggerAddress: localhost:50229}, networkConnectionEnabled: false, pageLoadStrategy: normal, platformName: windows, proxy: Proxy(), se:cdp: ws://localhost:50229/devtoo..., se:cdpVersion: 119.0.6045.160, setWindowRect: true, strictFileInteractability: false, timeouts: {implicit: 0, pageLoad: 300000, script: 30000}, unhandledPromptBehavior: dismiss and notify, webauthn:extension:credBlob: true, webauthn:extension:largeBlob: true, webauthn:extension:minPinLength: true, webauthn:extension:prf: true, webauthn:virtualAuthenticators: true}
Session ID: 1e91ac4968d42616dbd881fa00b9a602
at java.base/jdk.internal.reflect.NativeConstructorAccessorImpl.newInstance0(Native Method)
at java.base/jdk.internal.reflect.NativeConstructorAccessorImpl.newInstance(NativeConstructorAccessorImpl.java:77)
at java.base/jdk.internal.reflect.DelegatingConstructorAccessorImpl.newInstance(DelegatingConstructorAccessorImpl.java:45)
at java.base/java.lang.reflect.Constructor.newInstanceWithCaller(Constructor.java:499)
at java.base/java.lang.reflect.Constructor.newInstance(Constructor.java:480)
at org.openqa.selenium.remote.codec.w3c.W3CHttpResponseCodec.createException(W3CHttpResponseCodec.java:200)
at org.openqa.selenium.remote.codec.w3c.W3CHttpResponseCodec.decode(W3CHttpResponseCodec.java:133)
at org.openqa.selenium.remote.codec.w3c.W3CHttpResponseCodec.decode(W3CHttpResponseCodec.java:52)
at org.openqa.selenium.remote.HttpCommandExecutor.execute(HttpCommandExecutor.java:191)
at org.openqa.selenium.remote.service.DriverCommandExecutor.invokeExecute(DriverCommandExecutor.java:196)
at org.openqa.selenium.remote.service.DriverCommandExecutor.execute(DriverCommandExecutor.java:171)
at org.openqa.selenium.remote.RemoteWebDriver.execute(RemoteWebDriver.java:602)
at org.openqa.selenium.remote.ElementLocation$ElementFinder$2.findElement(ElementLocation.java:165)
at org.openqa.selenium.remote.ElementLocation.findElement(ElementLocation.java:59)
at org.openqa.selenium.remote.RemoteWebDriver.findElement(RemoteWebDriver.java:359)
at org.openqa.selenium.remote.RemoteWebDriver.findElement(RemoteWebDriver.java:353)
at org.openqa.selenium.support.pagefactory.DefaultElementLocator.findElement(DefaultElementLocator.java:68)
at org.openqa.selenium.support.pagefactory.internal.LocatingElementHandler.invoke(LocatingElementHandler.java:38)
at jdk.proxy2/jdk.proxy2.$Proxy21.isDisplayed(Unknown Source)
at org.openqa.selenium.support.ui.ExpectedConditions.elementIfVisible(ExpectedConditions.java:304)
at org.openqa.selenium.support.ui.ExpectedConditions.access$000(ExpectedConditions.java:37)
at org.openqa.selenium.support.ui.ExpectedConditions$10.apply(ExpectedConditions.java:290)
at org.openqa.selenium.support.ui.ExpectedConditions$10.apply(ExpectedConditions.java:287)
at org.openqa.selenium.support.ui.FluentWait.until(FluentWait.java:205)
... 31 more
]]>
            </full-stacktrace>
          </exception> <!-- org.openqa.selenium.TimeoutException -->
          <reporter-output>
          </reporter-output>
        </test-method> <!-- exportNewAddSpace_verifyCompleteRecords_TC_209 -->
        <test-method is-config="true" signature="afterTest()[pri:0, instance:com.marina.tests.Mod_2_SpaceTypes@bae7dc0]" started-at="2023-11-20T05:54:41 PST" name="afterTest" finished-at="2023-11-20T05:54:44 PST" duration-ms="2786" status="PASS">
          <reporter-output>
          </reporter-output>
        </test-method> <!-- afterTest -->
        <test-method signature="exportSpacesGoogleSheet_TC_210()[pri:11, instance:com.marina.tests.Mod_2_SpaceTypes@bae7dc0]" started-at="2023-11-20T05:54:44 PST" name="exportSpacesGoogleSheet_TC_210" description="Export Space Types Into Google Sheet &amp; Verify Records TC_210" finished-at="2023-11-20T05:54:44 PST" depends-on-methods="com.marina.tests.Mod_2_SpaceTypes.exportNewAddSpace_verifyCompleteRecords_TC_209" duration-ms="0" status="SKIP">
          <exception class="java.lang.Throwable">
            <message>
              <![CDATA[Method Mod_2_SpaceTypes.exportSpacesGoogleSheet_TC_210()[pri:11, instance:com.marina.tests.Mod_2_SpaceTypes@bae7dc0] depends on not successfully finished methods]]>
            </message>
            <full-stacktrace>
              <![CDATA[java.lang.Throwable: Method Mod_2_SpaceTypes.exportSpacesGoogleSheet_TC_210()[pri:11, instance:com.marina.tests.Mod_2_SpaceTypes@bae7dc0] depends on not successfully finished methods
at org.testng.internal.TestInvoker.invokeTestMethods(TestInvoker.java:101)
at org.testng.internal.TestMethodWorker.invokeTestMethods(TestMethodWorker.java:146)
at org.testng.internal.TestMethodWorker.run(TestMethodWorker.java:128)
at java.base/java.util.ArrayList.forEach(ArrayList.java:1511)
at org.testng.TestRunner.privateRun(TestRunner.java:766)
at org.testng.TestRunner.run(TestRunner.java:587)
at org.testng.SuiteRunner.runTest(SuiteRunner.java:384)
at org.testng.SuiteRunner.runSequentially(SuiteRunner.java:378)
at org.testng.SuiteRunner.privateRun(SuiteRunner.java:337)
at org.testng.SuiteRunner.run(SuiteRunner.java:286)
at org.testng.SuiteRunnerWorker.runSuite(SuiteRunnerWorker.java:53)
at org.testng.SuiteRunnerWorker.run(SuiteRunnerWorker.java:96)
at org.testng.TestNG.runSuitesSequentially(TestNG.java:1187)
at org.testng.TestNG.runSuitesLocally(TestNG.java:1109)
at org.testng.TestNG.runSuites(TestNG.java:1039)
at org.testng.TestNG.run(TestNG.java:1007)
at org.testng.remote.AbstractRemoteTestNG.run(AbstractRemoteTestNG.java:115)
at org.testng.remote.RemoteTestNG.initAndRun(RemoteTestNG.java:251)
at org.testng.remote.RemoteTestNG.main(RemoteTestNG.java:77)
]]>
            </full-stacktrace>
          </exception> <!-- java.lang.Throwable -->
          <reporter-output>
          </reporter-output>
        </test-method> <!-- exportSpacesGoogleSheet_TC_210 -->
        <test-method is-config="true" signature="beforeTest()[pri:0, instance:com.marina.tests.Mod_2_SpaceTypes@bae7dc0]" started-at="2023-11-20T05:54:44 PST" name="beforeTest" finished-at="2023-11-20T05:55:19 PST" duration-ms="35157" status="PASS">
          <reporter-output>
          </reporter-output>
        </test-method> <!-- beforeTest -->
        <test-method signature="verify_serachField_withSpaceName_TC_211()[pri:12, instance:com.marina.tests.Mod_2_SpaceTypes@bae7dc0]" started-at="2023-11-20T05:55:19 PST" name="verify_serachField_withSpaceName_TC_211" description="Search the added space from search field TC_211" finished-at="2023-11-20T05:57:19 PST" depends-on-methods="com.marina.tests.Mod_2_SpaceTypes.verifySpaceData_afterEdit_TC_208" duration-ms="120325" status="PASS">
          <reporter-output>
          </reporter-output>
        </test-method> <!-- verify_serachField_withSpaceName_TC_211 -->
        <test-method is-config="true" signature="afterTest()[pri:0, instance:com.marina.tests.Mod_2_SpaceTypes@bae7dc0]" started-at="2023-11-20T05:57:19 PST" name="afterTest" finished-at="2023-11-20T05:57:23 PST" duration-ms="3784" status="PASS">
          <reporter-output>
          </reporter-output>
        </test-method> <!-- afterTest -->
        <test-method is-config="true" signature="beforeTest()[pri:0, instance:com.marina.tests.Mod_2_SpaceTypes@bae7dc0]" started-at="2023-11-20T05:57:23 PST" name="beforeTest" finished-at="2023-11-20T05:57:45 PST" duration-ms="21939" status="PASS">
          <reporter-output>
          </reporter-output>
        </test-method> <!-- beforeTest -->
        <test-method signature="verifyDeleteSpace_TC_212()[pri:13, instance:com.marina.tests.Mod_2_SpaceTypes@bae7dc0]" started-at="2023-11-20T05:57:45 PST" name="verifyDeleteSpace_TC_212" description="Verify after delete space from space table TC_212" finished-at="2023-11-20T05:59:15 PST" depends-on-methods="com.marina.tests.Mod_2_SpaceTypes.verify_serachField_withSpaceName_TC_211" duration-ms="89937" status="PASS">
          <reporter-output>
          </reporter-output>
        </test-method> <!-- verifyDeleteSpace_TC_212 -->
        <test-method is-config="true" signature="afterTest()[pri:0, instance:com.marina.tests.Mod_2_SpaceTypes@bae7dc0]" started-at="2023-11-20T05:59:15 PST" name="afterTest" finished-at="2023-11-20T05:59:21 PST" duration-ms="5922" status="PASS">
          <reporter-output>
          </reporter-output>
        </test-method> <!-- afterTest -->
        <test-method is-config="true" signature="beforeTest()[pri:0, instance:com.marina.tests.Mod_2_SpaceTypes@bae7dc0]" started-at="2023-11-20T05:59:21 PST" name="beforeTest" finished-at="2023-11-20T05:59:42 PST" duration-ms="20779" status="PASS">
          <reporter-output>
          </reporter-output>
        </test-method> <!-- beforeTest -->
        <test-method signature="add_Spaces_Single_And_Carparking_Options_TC_213()[pri:14, instance:com.marina.tests.Mod_2_SpaceTypes@bae7dc0]" started-at="2023-11-20T05:59:42 PST" name="add_Spaces_Single_And_Carparking_Options_TC_213" description="Verify add space form refresh after add single and carparking spaces" finished-at="2023-11-20T06:03:08 PST" depends-on-methods="com.marina.tests.Mod_2_SpaceTypes.verifyDeleteSpace_TC_212" duration-ms="206648" status="FAIL">
          <exception class="java.lang.AssertionError">
            <message>
              <![CDATA[Space Types are not getting created when adding single and then carparking spaces expected [true] but found [false]]]>
            </message>
            <full-stacktrace>
              <![CDATA[java.lang.AssertionError: Space Types are not getting created when adding single and then carparking spaces expected [true] but found [false]
at org.testng.Assert.fail(Assert.java:97)
at org.testng.Assert.failNotEquals(Assert.java:969)
at org.testng.Assert.assertTrue(Assert.java:43)
at com.marina.tests.Mod_2_SpaceTypes.add_Spaces_Single_And_Carparking_Options_TC_213(Mod_2_SpaceTypes.java:240)
at java.base/jdk.internal.reflect.NativeMethodAccessorImpl.invoke0(Native Method)
at java.base/jdk.internal.reflect.NativeMethodAccessorImpl.invoke(NativeMethodAccessorImpl.java:77)
at java.base/jdk.internal.reflect.DelegatingMethodAccessorImpl.invoke(DelegatingMethodAccessorImpl.java:43)
at java.base/java.lang.reflect.Method.invoke(Method.java:568)
at org.testng.internal.MethodInvocationHelper.invokeMethod(MethodInvocationHelper.java:134)
at org.testng.internal.TestInvoker.invokeMethod(TestInvoker.java:597)
at org.testng.internal.TestInvoker.invokeTestMethod(TestInvoker.java:173)
at org.testng.internal.MethodRunner.runInSequence(MethodRunner.java:46)
at org.testng.internal.TestInvoker$MethodInvocationAgent.invoke(TestInvoker.java:816)
at org.testng.internal.TestInvoker.invokeTestMethods(TestInvoker.java:146)
at org.testng.internal.TestMethodWorker.invokeTestMethods(TestMethodWorker.java:146)
at org.testng.internal.TestMethodWorker.run(TestMethodWorker.java:128)
at java.base/java.util.ArrayList.forEach(ArrayList.java:1511)
at org.testng.TestRunner.privateRun(TestRunner.java:766)
at org.testng.TestRunner.run(TestRunner.java:587)
at org.testng.SuiteRunner.runTest(SuiteRunner.java:384)
at org.testng.SuiteRunner.runSequentially(SuiteRunner.java:378)
at org.testng.SuiteRunner.privateRun(SuiteRunner.java:337)
at org.testng.SuiteRunner.run(SuiteRunner.java:286)
at org.testng.SuiteRunnerWorker.runSuite(SuiteRunnerWorker.java:53)
at org.testng.SuiteRunnerWorker.run(SuiteRunnerWorker.java:96)
at org.testng.TestNG.runSuitesSequentially(TestNG.java:1187)
at org.testng.TestNG.runSuitesLocally(TestNG.java:1109)
at org.testng.TestNG.runSuites(TestNG.java:1039)
at org.testng.TestNG.run(TestNG.java:1007)
at org.testng.remote.AbstractRemoteTestNG.run(AbstractRemoteTestNG.java:115)
at org.testng.remote.RemoteTestNG.initAndRun(RemoteTestNG.java:251)
at org.testng.remote.RemoteTestNG.main(RemoteTestNG.java:77)
]]>
            </full-stacktrace>
          </exception> <!-- java.lang.AssertionError -->
          <reporter-output>
          </reporter-output>
        </test-method> <!-- add_Spaces_Single_And_Carparking_Options_TC_213 -->
        <test-method is-config="true" signature="afterTest()[pri:0, instance:com.marina.tests.Mod_2_SpaceTypes@bae7dc0]" started-at="2023-11-20T06:03:08 PST" name="afterTest" finished-at="2023-11-20T06:03:18 PST" duration-ms="9903" status="PASS">
          <reporter-output>
          </reporter-output>
        </test-method> <!-- afterTest -->
        <test-method is-config="true" signature="beforeTest()[pri:0, instance:com.marina.tests.Mod_2_SpaceTypes@bae7dc0]" started-at="2023-11-20T06:03:18 PST" name="beforeTest" finished-at="2023-11-20T06:03:40 PST" duration-ms="21989" status="PASS">
          <reporter-output>
          </reporter-output>
        </test-method> <!-- beforeTest -->
        <test-method signature="SelectionUnitPeriod_and_verify_two_option_TC_214()[pri:15, instance:com.marina.tests.Mod_2_SpaceTypes@bae7dc0]" started-at="2023-11-20T06:03:40 PST" name="SelectionUnitPeriod_and_verify_two_option_TC_214" description="after selection of unit/period, two values should show, 1. ft/period and 2. sq.ft/period and 3 . value should be hide or disable TC_214 " finished-at="2023-11-20T06:03:42 PST" duration-ms="1774" status="FAIL">
          <exception class="java.lang.AssertionError">
            <message>
              <![CDATA[Arrays differ at element [2]: no text != $/period expected [no text] but found [$/period]]]>
            </message>
            <full-stacktrace>
              <![CDATA[java.lang.AssertionError: Arrays differ at element [2]: no text != $/period expected [no text] but found [$/period]
at org.testng.Assert.fail(Assert.java:97)
at org.testng.Assert.assertEqualsImpl(Assert.java:136)
at org.testng.Assert.assertEquals(Assert.java:1172)
at org.testng.Assert.assertEquals(Assert.java:1230)
at com.marina.tests.Mod_2_SpaceTypes.SelectionUnitPeriod_and_verify_two_option_TC_214(Mod_2_SpaceTypes.java:262)
at java.base/jdk.internal.reflect.NativeMethodAccessorImpl.invoke0(Native Method)
at java.base/jdk.internal.reflect.NativeMethodAccessorImpl.invoke(NativeMethodAccessorImpl.java:77)
at java.base/jdk.internal.reflect.DelegatingMethodAccessorImpl.invoke(DelegatingMethodAccessorImpl.java:43)
at java.base/java.lang.reflect.Method.invoke(Method.java:568)
at org.testng.internal.MethodInvocationHelper.invokeMethod(MethodInvocationHelper.java:134)
at org.testng.internal.TestInvoker.invokeMethod(TestInvoker.java:597)
at org.testng.internal.TestInvoker.invokeTestMethod(TestInvoker.java:173)
at org.testng.internal.MethodRunner.runInSequence(MethodRunner.java:46)
at org.testng.internal.TestInvoker$MethodInvocationAgent.invoke(TestInvoker.java:816)
at org.testng.internal.TestInvoker.invokeTestMethods(TestInvoker.java:146)
at org.testng.internal.TestMethodWorker.invokeTestMethods(TestMethodWorker.java:146)
at org.testng.internal.TestMethodWorker.run(TestMethodWorker.java:128)
at java.base/java.util.ArrayList.forEach(ArrayList.java:1511)
at org.testng.TestRunner.privateRun(TestRunner.java:766)
at org.testng.TestRunner.run(TestRunner.java:587)
at org.testng.SuiteRunner.runTest(SuiteRunner.java:384)
at org.testng.SuiteRunner.runSequentially(SuiteRunner.java:378)
at org.testng.SuiteRunner.privateRun(SuiteRunner.java:337)
at org.testng.SuiteRunner.run(SuiteRunner.java:286)
at org.testng.SuiteRunnerWorker.runSuite(SuiteRunnerWorker.java:53)
at org.testng.SuiteRunnerWorker.run(SuiteRunnerWorker.java:96)
at org.testng.TestNG.runSuitesSequentially(TestNG.java:1187)
at org.testng.TestNG.runSuitesLocally(TestNG.java:1109)
at org.testng.TestNG.runSuites(TestNG.java:1039)
at org.testng.TestNG.run(TestNG.java:1007)
at org.testng.remote.AbstractRemoteTestNG.run(AbstractRemoteTestNG.java:115)
at org.testng.remote.RemoteTestNG.initAndRun(RemoteTestNG.java:251)
at org.testng.remote.RemoteTestNG.main(RemoteTestNG.java:77)
]]>
            </full-stacktrace>
          </exception> <!-- java.lang.AssertionError -->
          <reporter-output>
          </reporter-output>
        </test-method> <!-- SelectionUnitPeriod_and_verify_two_option_TC_214 -->
        <test-method is-config="true" signature="afterTest()[pri:0, instance:com.marina.tests.Mod_2_SpaceTypes@bae7dc0]" started-at="2023-11-20T06:03:42 PST" name="afterTest" finished-at="2023-11-20T06:03:44 PST" duration-ms="1934" status="PASS">
          <reporter-output>
          </reporter-output>
        </test-method> <!-- afterTest -->
        <test-method is-config="true" signature="afterSuite()[pri:0, instance:com.marina.tests.Mod_2_SpaceTypes@bae7dc0]" started-at="2023-11-20T06:03:44 PST" name="afterSuite" finished-at="2023-11-20T06:03:45 PST" duration-ms="367" status="PASS">
          <reporter-output>
          </reporter-output>
        </test-method> <!-- afterSuite -->
      </class> <!-- com.marina.tests.Mod_2_SpaceTypes -->
    </test> <!-- test -->
  </suite> <!-- Suite -->
</testng-results>
