<?xml version="1.0" encoding="UTF-8"?>
<testng-results skipped="0" failed="0" ignored="0" total="1" passed="1">
  <reporter-output>
  </reporter-output>
  <suite name="Default suite" duration-ms="62686" started-at="2023-11-03T13:46:53 PKT" finished-at="2023-11-03T13:47:55 PKT">
    <groups>
    </groups>
    <test name="Default test" duration-ms="62686" started-at="2023-11-03T13:46:53 PKT" finished-at="2023-11-03T13:47:55 PKT">
      <class name="com.marina.tests.Mod_6_BoatGroup">
        <test-method status="PASS" signature="loadConfig()[pri:0, instance:com.marina.tests.Mod_6_BoatGroup@1060b431]" name="loadConfig" is-config="true" duration-ms="216" started-at="2023-11-03T13:46:53 PKT" finished-at="2023-11-03T13:46:53 PKT">
          <reporter-output>
          </reporter-output>
        </test-method> <!-- loadConfig -->
        <test-method status="PASS" signature="beforeMethod()[pri:0, instance:com.marina.tests.Mod_6_BoatGroup@1060b431]" name="beforeMethod" is-config="true" duration-ms="62615" started-at="2023-11-03T13:46:53 PKT" finished-at="2023-11-03T13:47:55 PKT">
          <reporter-output>
          </reporter-output>
        </test-method> <!-- beforeMethod -->
        <test-method status="PASS" signature="verifyBoatGroupPageOpens_TC_1001()[pri:0, instance:com.marina.tests.Mod_6_BoatGroup@1060b431]" name="verifyBoatGroupPageOpens_TC_1001" duration-ms="54" started-at="2023-11-03T13:47:55 PKT" finished-at="2023-11-03T13:47:55 PKT">
          <reporter-output>
          </reporter-output>
        </test-method> <!-- verifyBoatGroupPageOpens_TC_1001 -->
        <test-method status="PASS" signature="afterSuite()[pri:0, instance:com.marina.tests.Mod_6_BoatGroup@1060b431]" name="afterSuite" is-config="true" duration-ms="213" started-at="2023-11-03T13:47:55 PKT" finished-at="2023-11-03T13:47:56 PKT">
          <reporter-output>
          </reporter-output>
        </test-method> <!-- afterSuite -->
      </class> <!-- com.marina.tests.Mod_6_BoatGroup -->
    </test> <!-- Default test -->
  </suite> <!-- Default suite -->
</testng-results>
