<?xml version="1.0" encoding="UTF-8"?>
<testng-results skipped="0" failed="0" ignored="0" total="1" passed="1">
  <reporter-output>
  </reporter-output>
  <suite name="Default suite" duration-ms="39086" started-at="2023-10-30T14:12:39 PKT" finished-at="2023-10-30T14:13:18 PKT">
    <groups>
    </groups>
    <test name="Default test" duration-ms="39086" started-at="2023-10-30T14:12:39 PKT" finished-at="2023-10-30T14:13:18 PKT">
      <class name="com.marina.tests.Mod_3_AllSpaces">
        <test-method status="PASS" signature="loadConfig()[pri:0, instance:com.marina.tests.Mod_3_AllSpaces@12cdcf4]" name="loadConfig" is-config="true" duration-ms="244" started-at="2023-10-30T14:12:39 PKT" finished-at="2023-10-30T14:12:39 PKT">
          <reporter-output>
          </reporter-output>
        </test-method> <!-- loadConfig -->
        <test-method status="PASS" signature="beforeTest()[pri:0, instance:com.marina.tests.Mod_3_AllSpaces@12cdcf4]" name="beforeTest" is-config="true" duration-ms="24235" started-at="2023-10-30T14:12:39 PKT" finished-at="2023-10-30T14:13:03 PKT">
          <reporter-output>
          </reporter-output>
        </test-method> <!-- beforeTest -->
        <test-method status="PASS" signature="deleteNoteFromEditSpace_TC_412()[pri:0, instance:com.marina.tests.Mod_3_AllSpaces@12cdcf4]" name="deleteNoteFromEditSpace_TC_412" duration-ms="12762" started-at="2023-10-30T14:13:03 PKT" finished-at="2023-10-30T14:13:16 PKT">
          <reporter-output>
          </reporter-output>
        </test-method> <!-- deleteNoteFromEditSpace_TC_412 -->
        <test-method status="PASS" signature="afterTest()[pri:0, instance:com.marina.tests.Mod_3_AllSpaces@12cdcf4]" name="afterTest" is-config="true" duration-ms="2068" started-at="2023-10-30T14:13:16 PKT" finished-at="2023-10-30T14:13:18 PKT">
          <reporter-output>
          </reporter-output>
        </test-method> <!-- afterTest -->
        <test-method status="PASS" signature="afterSuite()[pri:0, instance:com.marina.tests.Mod_3_AllSpaces@12cdcf4]" name="afterSuite" is-config="true" duration-ms="361" started-at="2023-10-30T14:13:18 PKT" finished-at="2023-10-30T14:13:19 PKT">
          <reporter-output>
          </reporter-output>
        </test-method> <!-- afterSuite -->
      </class> <!-- com.marina.tests.Mod_3_AllSpaces -->
    </test> <!-- Default test -->
  </suite> <!-- Default suite -->
</testng-results>
